<?xml version="1.0" encoding="UTF-8"?>
<!-- Generated by org.testng.reporters.JUnitReportReporter -->
<testsuite hostname="DESKTOP-UMRR3LS" name="NUGUAPP_002_연결.연결_06_NUGU_albertAI" tests="18" failures="0" timestamp="1 Aug 2020 07:24:27 GMT" time="117.173" errors="0">
  <testcase name="TC_연결_281" time="25.945" classname="NUGUAPP_002_연결.연결_06_NUGU_albertAI"/>
  <testcase name="TC_연결_294" time="7.426" classname="NUGUAPP_002_연결.연결_06_NUGU_albertAI"/>
  <testcase name="TC_연결_296" time="2.973" classname="NUGUAPP_002_연결.연결_06_NUGU_albertAI"/>
  <testcase name="TC_연결_309" time="18.167" classname="NUGUAPP_002_연결.연결_06_NUGU_albertAI"/>
  <testcase name="TC_연결_297" time="5.203" classname="NUGUAPP_002_연결.연결_06_NUGU_albertAI"/>
  <testcase name="TC_연결_285" time="1.986" classname="NUGUAPP_002_연결.연결_06_NUGU_albertAI"/>
  <testcase name="TC_연결_289" time="2.284" classname="NUGUAPP_002_연결.연결_06_NUGU_albertAI"/>
  <testcase name="TC_연결_282" time="2.124" classname="NUGUAPP_002_연결.연결_06_NUGU_albertAI"/>
  <testcase name="TC_연결_293" time="2.949" classname="NUGUAPP_002_연결.연결_06_NUGU_albertAI"/>
  <testcase name="TC_연결_283" time="4.367" classname="NUGUAPP_002_연결.연결_06_NUGU_albertAI"/>
  <testcase name="TC_연결_284" time="4.198" classname="NUGUAPP_002_연결.연결_06_NUGU_albertAI"/>
  <testcase name="TC_연결_308" time="2.156" classname="NUGUAPP_002_연결.연결_06_NUGU_albertAI"/>
  <testcase name="TC_연결_307" time="1.504" classname="NUGUAPP_002_연결.연결_06_NUGU_albertAI"/>
  <testcase name="TC_연결_295" time="3.796" classname="NUGUAPP_002_연결.연결_06_NUGU_albertAI"/>
  <testcase name="TC_연결_286_form_288" time="11.501" classname="NUGUAPP_002_연결.연결_06_NUGU_albertAI"/>
  <testcase name="TC_연결_291" time="5.402" classname="NUGUAPP_002_연결.연결_06_NUGU_albertAI"/>
  <testcase name="TC_연결_292" time="3.214" classname="NUGUAPP_002_연결.연결_06_NUGU_albertAI"/>
  <testcase name="TC_연결_310_form_311" time="11.978" classname="NUGUAPP_002_연결.연결_06_NUGU_albertAI"/>
</testsuite> <!-- NUGUAPP_002_연결.연결_06_NUGU_albertAI -->
