<?xml version="1.0" encoding="UTF-8"?>
<!-- Generated by org.testng.reporters.JUnitReportReporter -->
<testsuite hostname="DESKTOP-UMRR3LS" name="NUGUAPP_003_홈.홈_01_홈카드" tests="12" failures="0" timestamp="3 Jul 2020 04:26:04 GMT" time="79.958" errors="0">
  <testcase name="TC_홈_001_04" time="2.984" classname="NUGUAPP_003_홈.홈_01_홈카드"/>
  <testcase name="TC_홈_001_02" time="4.670" classname="NUGUAPP_003_홈.홈_01_홈카드"/>
  <testcase name="TC_홈_001_05" time="6.104" classname="NUGUAPP_003_홈.홈_01_홈카드"/>
  <testcase name="TC_홈_001_09" time="6.391" classname="NUGUAPP_003_홈.홈_01_홈카드"/>
  <testcase name="TC_홈_001_11" time="6.427" classname="NUGUAPP_003_홈.홈_01_홈카드"/>
  <testcase name="TC_홈_001_10" time="1.612" classname="NUGUAPP_003_홈.홈_01_홈카드"/>
  <testcase name="TC_홈_001_03" time="4.804" classname="NUGUAPP_003_홈.홈_01_홈카드"/>
  <testcase name="TC_홈_001_08" time="5.735" classname="NUGUAPP_003_홈.홈_01_홈카드"/>
  <testcase name="TC_홈_001_01" time="21.611" classname="NUGUAPP_003_홈.홈_01_홈카드"/>
  <testcase name="TC_홈_001_12" time="8.244" classname="NUGUAPP_003_홈.홈_01_홈카드"/>
  <testcase name="TC_홈_001_06" time="5.277" classname="NUGUAPP_003_홈.홈_01_홈카드"/>
  <testcase name="TC_홈_001_07" time="6.099" classname="NUGUAPP_003_홈.홈_01_홈카드"/>
</testsuite> <!-- NUGUAPP_003_홈.홈_01_홈카드 -->
