<?xml version="1.0" encoding="UTF-8"?>
<!-- Generated by org.testng.reporters.JUnitReportReporter -->
<testsuite hostname="SKT1112049PN002" name="NUGUAPP_003_홈.홈_10_Footer" tests="4" failures="0" timestamp="12 Oct 2020 08:47:31 GMT" time="55.088" errors="1">
  <testcase name="TC_홈_133" time="3.122" classname="NUGUAPP_003_홈.홈_10_Footer"/>
  <testcase name="TC_홈_135" time="4.542" classname="NUGUAPP_003_홈.홈_10_Footer">
    <error type="junit.framework.ComparisonFailure" message="expected:&lt;조깅할 때 음악 들려줘”&gt; but was:&lt;SK텔레콤(주)은 통신판매중개자로서 거래 당사자가 아니며, 입점 판매자가 등록한 상품 정보 및 거래에 대해 SK텔레콤(주)은 일체 책임을 지지 않습니다.

대표이사/사장 박정호 사업자등록번호 104-81-37225 판매허가번호 중구 02923호 주소 서울특별시 중구 을지로&gt;">
      <![CDATA[junit.framework.ComparisonFailure: expected:<조깅할 때 음악 들려줘”> but was:<SK텔레콤(주)은 통신판매중개자로서 거래 당사자가 아니며, 입점 판매자가 등록한 상품 정보 및 거래에 대해 SK텔레콤(주)은 일체 책임을 지지 않습니다.

대표이사/사장 박정호 사업자등록번호 104-81-37225 판매허가번호 중구 02923호 주소 서울특별시 중구 을지로>
	at junit.framework.Assert.assertEquals(Assert.java:81)
	at junit.framework.Assert.assertEquals(Assert.java:87)
	at NUGUAPP_003_홈.홈_10_Footer.TC_홈_135(홈_10_Footer.java:101)
	at sun.reflect.NativeMethodAccessorImpl.invoke0(Native Method)
	at sun.reflect.NativeMethodAccessorImpl.invoke(Unknown Source)
	at sun.reflect.DelegatingMethodAccessorImpl.invoke(Unknown Source)
	at java.lang.reflect.Method.invoke(Unknown Source)
	at org.testng.internal.MethodInvocationHelper.invokeMethod(MethodInvocationHelper.java:86)
	at org.testng.internal.Invoker.invokeMethod(Invoker.java:643)
	at org.testng.internal.Invoker.invokeTestMethod(Invoker.java:820)
	at org.testng.internal.Invoker.invokeTestMethods(Invoker.java:1128)
	at org.testng.internal.TestMethodWorker.invokeTestMethods(TestMethodWorker.java:129)
	at org.testng.internal.TestMethodWorker.run(TestMethodWorker.java:112)
	at org.testng.TestRunner.privateRun(TestRunner.java:782)
	at org.testng.TestRunner.run(TestRunner.java:632)
	at org.testng.SuiteRunner.runTest(SuiteRunner.java:366)
	at org.testng.SuiteRunner.access$000(SuiteRunner.java:39)
	at org.testng.SuiteRunner$SuiteWorker.run(SuiteRunner.java:400)
	at org.testng.internal.thread.ThreadUtil$2.call(ThreadUtil.java:64)
	at java.util.concurrent.FutureTask.run(Unknown Source)
	at java.util.concurrent.ThreadPoolExecutor.runWorker(Unknown Source)
	at java.util.concurrent.ThreadPoolExecutor$Worker.run(Unknown Source)
	at java.lang.Thread.run(Unknown Source)
]]>
    </error>
  </testcase> <!-- TC_홈_135 -->
  <testcase name="TC_홈_134" time="8.244" classname="NUGUAPP_003_홈.홈_10_Footer"/>
  <testcase name="TC_홈_132" time="39.180" classname="NUGUAPP_003_홈.홈_10_Footer"/>
</testsuite> <!-- NUGUAPP_003_홈.홈_10_Footer -->
