<?xml version="1.0" encoding="UTF-8"?>
<!-- Generated by org.testng.reporters.JUnitReportReporter -->
<testsuite hostname="DESKTOP-UMRR3LS" name="NUGUAPP_002_연결.연결_01_디바이스연결화면" tests="8" failures="0" timestamp="8 Jun 2020 10:33:02 GMT" time="92.886" errors="0">
  <testcase name="TC_013_연결" time="1.576" classname="NUGUAPP_002_연결.연결_01_디바이스연결화면"/>
  <testcase name="TC_003_연결" time="27.471" classname="NUGUAPP_002_연결.연결_01_디바이스연결화면"/>
  <testcase name="TC_010_연결" time="1.458" classname="NUGUAPP_002_연결.연결_01_디바이스연결화면"/>
  <testcase name="TC_009_연결" time="3.797" classname="NUGUAPP_002_연결.연결_01_디바이스연결화면"/>
  <testcase name="TC_012_연결" time="7.685" classname="NUGUAPP_002_연결.연결_01_디바이스연결화면"/>
  <testcase name="TC_011_연결" time="5.234" classname="NUGUAPP_002_연결.연결_01_디바이스연결화면"/>
  <testcase name="TC_001_002_연결" time="35.992" classname="NUGUAPP_002_연결.연결_01_디바이스연결화면"/>
  <testcase name="TC_004_연결" time="9.673" classname="NUGUAPP_002_연결.연결_01_디바이스연결화면"/>
</testsuite> <!-- NUGUAPP_002_연결.연결_01_디바이스연결화면 -->
