<?xml version="1.0" encoding="UTF-8"?>
<!-- Generated by org.testng.reporters.JUnitReportReporter -->
<testsuite hostname="DESKTOP-UMRR3LS" name="NUGUAPP_002_연결.연결_05_NUGU_Btv" tests="6" failures="0" timestamp="1 Aug 2020 07:24:27 GMT" time="52.888" errors="0">
  <testcase name="TC_연결_220" time="4.746" classname="NUGUAPP_002_연결.연결_05_NUGU_Btv"/>
  <testcase name="TC_연결_226" time="3.499" classname="NUGUAPP_002_연결.연결_05_NUGU_Btv"/>
  <testcase name="TC_연결_224" time="3.171" classname="NUGUAPP_002_연결.연결_05_NUGU_Btv"/>
  <testcase name="TC_연결_219" time="3.554" classname="NUGUAPP_002_연결.연결_05_NUGU_Btv"/>
  <testcase name="TC_연결_225" time="12.605" classname="NUGUAPP_002_연결.연결_05_NUGU_Btv"/>
  <testcase name="TC_연결_218" time="25.313" classname="NUGUAPP_002_연결.연결_05_NUGU_Btv"/>
</testsuite> <!-- NUGUAPP_002_연결.연결_05_NUGU_Btv -->
