<?xml version="1.0" encoding="UTF-8"?>
<!-- Generated by org.testng.reporters.JUnitReportReporter -->
<testsuite hostname="DESKTOP-UMRR3LS" name="NUGUAPP_002_연결.연결_03_NUGU_candle" tests="18" failures="0" timestamp="19 Aug 2020 14:44:08 GMT" time="119.944" errors="0">
  <testcase name="TC_연결_149" time="2.090" classname="NUGUAPP_002_연결.연결_03_NUGU_candle"/>
  <testcase name="TC_연결_125" time="4.267" classname="NUGUAPP_002_연결.연결_03_NUGU_candle"/>
  <testcase name="TC_연결_134" time="3.272" classname="NUGUAPP_002_연결.연결_03_NUGU_candle"/>
  <testcase name="TC_연결_131" time="2.650" classname="NUGUAPP_002_연결.연결_03_NUGU_candle"/>
  <testcase name="TC_연결_123" time="27.064" classname="NUGUAPP_002_연결.연결_03_NUGU_candle"/>
  <testcase name="TC_연결_133" time="5.654" classname="NUGUAPP_002_연결.연결_03_NUGU_candle"/>
  <testcase name="TC_연결_135" time="2.940" classname="NUGUAPP_002_연결.연결_03_NUGU_candle"/>
  <testcase name="TC_연결_137" time="3.709" classname="NUGUAPP_002_연결.연결_03_NUGU_candle"/>
  <testcase name="TC_연결_154_form_155" time="11.975" classname="NUGUAPP_002_연결.연결_03_NUGU_candle"/>
  <testcase name="TC_연결_128_form_130" time="11.061" classname="NUGUAPP_002_연결.연결_03_NUGU_candle"/>
  <testcase name="TC_연결_127" time="1.901" classname="NUGUAPP_002_연결.연결_03_NUGU_candle"/>
  <testcase name="TC_연결_136" time="7.083" classname="NUGUAPP_002_연결.연결_03_NUGU_candle"/>
  <testcase name="TC_연결_126" time="4.148" classname="NUGUAPP_002_연결.연결_03_NUGU_candle"/>
  <testcase name="TC_연결_151" time="18.719" classname="NUGUAPP_002_연결.연결_03_NUGU_candle"/>
  <testcase name="TC_연결_139" time="5.192" classname="NUGUAPP_002_연결.연결_03_NUGU_candle"/>
  <testcase name="TC_연결_124" time="2.607" classname="NUGUAPP_002_연결.연결_03_NUGU_candle"/>
  <testcase name="TC_연결_150" time="2.762" classname="NUGUAPP_002_연결.연결_03_NUGU_candle"/>
  <testcase name="TC_연결_138" time="2.850" classname="NUGUAPP_002_연결.연결_03_NUGU_candle"/>
</testsuite> <!-- NUGUAPP_002_연결.연결_03_NUGU_candle -->
