<?xml version="1.0" encoding="UTF-8"?>
<!-- Generated by org.testng.reporters.JUnitReportReporter -->
<testsuite hostname="DESKTOP-UMRR3LS" name="NUGUAPP_002_연결.연결_04_NUGU_nemo" tests="17" failures="0" timestamp="22 Aug 2020 08:51:33 GMT" time="110.920" errors="0">
  <testcase name="TC_연결_179_008" time="3.705" classname="NUGUAPP_002_연결.연결_04_NUGU_nemo"/>
  <testcase name="TC_연결_189" time="1.271" classname="NUGUAPP_002_연결.연결_04_NUGU_nemo"/>
  <testcase name="TC_연결_179_003" time="2.741" classname="NUGUAPP_002_연결.연결_04_NUGU_nemo"/>
  <testcase name="TC_연결_179_009" time="2.906" classname="NUGUAPP_002_연결.연결_04_NUGU_nemo"/>
  <testcase name="TC_연결_179_007" time="8.923" classname="NUGUAPP_002_연결.연결_04_NUGU_nemo"/>
  <testcase name="TC_연결_179_006" time="2.938" classname="NUGUAPP_002_연결.연결_04_NUGU_nemo"/>
  <testcase name="TC_연결_179_001" time="1.443" classname="NUGUAPP_002_연결.연결_04_NUGU_nemo"/>
  <testcase name="TC_연결_180" time="5.239" classname="NUGUAPP_002_연결.연결_04_NUGU_nemo"/>
  <testcase name="TC_연결_179_002" time="10.636" classname="NUGUAPP_002_연결.연결_04_NUGU_nemo"/>
  <testcase name="TC_연결_191" time="16.060" classname="NUGUAPP_002_연결.연결_04_NUGU_nemo"/>
  <testcase name="TC_연결_190" time="1.875" classname="NUGUAPP_002_연결.연결_04_NUGU_nemo"/>
  <testcase name="TC_연결_179_004" time="5.603" classname="NUGUAPP_002_연결.연결_04_NUGU_nemo"/>
  <testcase name="TC_연결_179_005" time="3.288" classname="NUGUAPP_002_연결.연결_04_NUGU_nemo"/>
  <testcase name="TC_연결_192_form_194" time="11.998" classname="NUGUAPP_002_연결.연결_04_NUGU_nemo"/>
  <testcase name="TC_연결_178_002" time="3.394" classname="NUGUAPP_002_연결.연결_04_NUGU_nemo"/>
  <testcase name="TC_연결_178_003" time="4.412" classname="NUGUAPP_002_연결.연결_04_NUGU_nemo"/>
  <testcase name="TC_연결_178_001" time="24.488" classname="NUGUAPP_002_연결.연결_04_NUGU_nemo"/>
</testsuite> <!-- NUGUAPP_002_연결.연결_04_NUGU_nemo -->
