<?xml version="1.0" encoding="UTF-8"?>
<!-- Generated by org.testng.reporters.JUnitReportReporter -->
<testsuite hostname="DESKTOP-UMRR3LS" name="NUGUAPP_001_실행.실행_01_앱시작" tests="12" failures="0" timestamp="10 Jun 2020 01:29:17 GMT" time="313.903" errors="0">
  <testcase name="TC_017_from_018_앱실행" time="42.094" classname="NUGUAPP_001_실행.실행_01_앱시작"/>
  <testcase name="TC_005_앱실행" time="2.520" classname="NUGUAPP_001_실행.실행_01_앱시작"/>
  <testcase name="TC_012_from_013_앱실행" time="47.436" classname="NUGUAPP_001_실행.실행_01_앱시작"/>
  <testcase name="TC_20_앱실행" time="21.496" classname="NUGUAPP_001_실행.실행_01_앱시작"/>
  <testcase name="TC_007_앱실행" time="26.482" classname="NUGUAPP_001_실행.실행_01_앱시작"/>
  <testcase name="TC_014_from_015_앱실행" time="41.787" classname="NUGUAPP_001_실행.실행_01_앱시작"/>
  <testcase name="TC_011_앱실행" time="27.244" classname="NUGUAPP_001_실행.실행_01_앱시작"/>
  <testcase name="TC_016_앱실행" time="54.520" classname="NUGUAPP_001_실행.실행_01_앱시작"/>
  <testcase name="TC_008_앱실행" time="2.573" classname="NUGUAPP_001_실행.실행_01_앱시작"/>
  <testcase name="TC_21_앱실행" time="11.951" classname="NUGUAPP_001_실행.실행_01_앱시작"/>
  <testcase name="TC_010_앱실행" time="21.377" classname="NUGUAPP_001_실행.실행_01_앱시작"/>
  <testcase name="TC_004_앱실행" time="14.423" classname="NUGUAPP_001_실행.실행_01_앱시작"/>
</testsuite> <!-- NUGUAPP_001_실행.실행_01_앱시작 -->
