<?xml version="1.0" encoding="UTF-8"?>
<!-- Generated by org.testng.reporters.JUnitReportReporter -->
<testsuite hostname="DESKTOP-UMRR3LS" name="NUGUAPP_002_연결.연결_08_NUGU_TmapforCar" tests="8" failures="0" timestamp="19 Aug 2020 14:44:08 GMT" time="126.234" errors="0">
  <testcase name="TC_연결_342" time="3.619" classname="NUGUAPP_002_연결.연결_08_NUGU_TmapforCar"/>
  <testcase name="TC_연결_340" time="6.011" classname="NUGUAPP_002_연결.연결_08_NUGU_TmapforCar"/>
  <testcase name="TC_연결_346_form_349" time="14.725" classname="NUGUAPP_002_연결.연결_08_NUGU_TmapforCar"/>
  <testcase name="TC_연결_344" time="16.566" classname="NUGUAPP_002_연결.연결_08_NUGU_TmapforCar"/>
  <testcase name="TC_연결_339" time="2.612" classname="NUGUAPP_002_연결.연결_08_NUGU_TmapforCar"/>
  <testcase name="TC_연결_338" time="26.821" classname="NUGUAPP_002_연결.연결_08_NUGU_TmapforCar"/>
  <testcase name="TC_연결_341" time="5.148" classname="NUGUAPP_002_연결.연결_08_NUGU_TmapforCar"/>
  <testcase name="TC_연결_343_and_362_form_371" time="50.732" classname="NUGUAPP_002_연결.연결_08_NUGU_TmapforCar"/>
</testsuite> <!-- NUGUAPP_002_연결.연결_08_NUGU_TmapforCar -->
