<?xml version="1.0" encoding="UTF-8"?>
<!-- Generated by org.testng.reporters.JUnitReportReporter -->
<testsuite hostname="DESKTOP-UMRR3LS" name="NUGUAPP_004_메뉴.메뉴_04_구매내역" tests="10" failures="0" timestamp="11 Sep 2020 14:53:11 GMT" time="137.807" errors="0">
  <testcase name="TC_메뉴_060" time="5.552" classname="NUGUAPP_004_메뉴.메뉴_04_구매내역"/>
  <testcase name="TC_메뉴_054" time="2.530" classname="NUGUAPP_004_메뉴.메뉴_04_구매내역"/>
  <testcase name="TC_메뉴_052" time="38.837" classname="NUGUAPP_004_메뉴.메뉴_04_구매내역"/>
  <testcase name="TC_메뉴_064" time="22.097" classname="NUGUAPP_004_메뉴.메뉴_04_구매내역"/>
  <testcase name="TC_메뉴_056" time="2.986" classname="NUGUAPP_004_메뉴.메뉴_04_구매내역"/>
  <testcase name="TC_메뉴_053" time="0.861" classname="NUGUAPP_004_메뉴.메뉴_04_구매내역"/>
  <testcase name="TC_메뉴_063" time="10.078" classname="NUGUAPP_004_메뉴.메뉴_04_구매내역"/>
  <testcase name="TC_메뉴_055" time="9.040" classname="NUGUAPP_004_메뉴.메뉴_04_구매내역"/>
  <testcase name="TC_메뉴_061" time="25.706" classname="NUGUAPP_004_메뉴.메뉴_04_구매내역"/>
  <testcase name="TC_메뉴_057" time="20.120" classname="NUGUAPP_004_메뉴.메뉴_04_구매내역"/>
</testsuite> <!-- NUGUAPP_004_메뉴.메뉴_04_구매내역 -->
