<?xml version="1.0" encoding="UTF-8"?>
<!-- Generated by org.testng.reporters.JUnitReportReporter -->
<testsuite hostname="DESKTOP-UMRR3LS" name="NUGUAPP_001_실행.실행_01_앱시작" tests="12" failures="0" timestamp="9 Jun 2020 01:43:52 GMT" time="299.289" errors="0">
  <testcase name="TC_017_from_018_앱실행" time="42.016" classname="NUGUAPP_001_실행.실행_01_앱시작"/>
  <testcase name="TC_007_앱실행" time="25.238" classname="NUGUAPP_001_실행.실행_01_앱시작"/>
  <testcase name="TC_016_앱실행" time="52.192" classname="NUGUAPP_001_실행.실행_01_앱시작"/>
  <testcase name="TC_20_앱실행" time="20.511" classname="NUGUAPP_001_실행.실행_01_앱시작"/>
  <testcase name="TC_008_앱실행" time="2.017" classname="NUGUAPP_001_실행.실행_01_앱시작"/>
  <testcase name="TC_004_앱실행" time="14.364" classname="NUGUAPP_001_실행.실행_01_앱시작"/>
  <testcase name="TC_21_앱실행" time="13.279" classname="NUGUAPP_001_실행.실행_01_앱시작"/>
  <testcase name="TC_011_앱실행" time="22.008" classname="NUGUAPP_001_실행.실행_01_앱시작"/>
  <testcase name="TC_012_from_013_앱실행" time="45.925" classname="NUGUAPP_001_실행.실행_01_앱시작"/>
  <testcase name="TC_005_앱실행" time="1.495" classname="NUGUAPP_001_실행.실행_01_앱시작"/>
  <testcase name="TC_014_from_015_앱실행" time="38.234" classname="NUGUAPP_001_실행.실행_01_앱시작"/>
  <testcase name="TC_010_앱실행" time="22.010" classname="NUGUAPP_001_실행.실행_01_앱시작"/>
</testsuite> <!-- NUGUAPP_001_실행.실행_01_앱시작 -->
