<?xml version="1.0" encoding="UTF-8"?>
<!-- Generated by org.testng.reporters.JUnitReportReporter -->
<testsuite hostname="DESKTOP-UMRR3LS" name="NUGUAPP_003_홈.홈_06_디바이스컨트롤러" tests="21" failures="0" timestamp="17 Aug 2020 17:05:13 GMT" time="384.462" errors="1">
  <testcase name="TC_홈_062" time="20.797" classname="NUGUAPP_003_홈.홈_06_디바이스컨트롤러"/>
  <testcase name="TC_홈_065_04" time="3.383" classname="NUGUAPP_003_홈.홈_06_디바이스컨트롤러"/>
  <testcase name="TC_홈_069_01" time="21.688" classname="NUGUAPP_003_홈.홈_06_디바이스컨트롤러"/>
  <testcase name="TC_홈_058" time="7.833" classname="NUGUAPP_003_홈.홈_06_디바이스컨트롤러"/>
  <testcase name="TC_홈_066" time="60.627" classname="NUGUAPP_003_홈.홈_06_디바이스컨트롤러">
    <error type="junit.framework.AssertionFailedError">
      <![CDATA[junit.framework.AssertionFailedError
	at junit.framework.Assert.fail(Assert.java:47)
	at junit.framework.Assert.assertTrue(Assert.java:20)
	at junit.framework.Assert.assertFalse(Assert.java:34)
	at junit.framework.Assert.assertFalse(Assert.java:41)
	at NUGUAPP_003_홈.홈_06_디바이스컨트롤러.TC_홈_066(홈_06_디바이스컨트롤러.java:433)
	at sun.reflect.NativeMethodAccessorImpl.invoke0(Native Method)
	at sun.reflect.NativeMethodAccessorImpl.invoke(Unknown Source)
	at sun.reflect.DelegatingMethodAccessorImpl.invoke(Unknown Source)
	at java.lang.reflect.Method.invoke(Unknown Source)
	at org.testng.internal.MethodInvocationHelper.invokeMethod(MethodInvocationHelper.java:86)
	at org.testng.internal.Invoker.invokeMethod(Invoker.java:643)
	at org.testng.internal.Invoker.invokeTestMethod(Invoker.java:820)
	at org.testng.internal.Invoker.invokeTestMethods(Invoker.java:1128)
	at org.testng.internal.TestMethodWorker.invokeTestMethods(TestMethodWorker.java:129)
	at org.testng.internal.TestMethodWorker.run(TestMethodWorker.java:112)
	at org.testng.TestRunner.privateRun(TestRunner.java:782)
	at org.testng.TestRunner.run(TestRunner.java:632)
	at org.testng.SuiteRunner.runTest(SuiteRunner.java:366)
	at org.testng.SuiteRunner.access$000(SuiteRunner.java:39)
	at org.testng.SuiteRunner$SuiteWorker.run(SuiteRunner.java:400)
	at org.testng.internal.thread.ThreadUtil$2.call(ThreadUtil.java:64)
	at java.util.concurrent.FutureTask.run(Unknown Source)
	at java.util.concurrent.ThreadPoolExecutor.runWorker(Unknown Source)
	at java.util.concurrent.ThreadPoolExecutor$Worker.run(Unknown Source)
	at java.lang.Thread.run(Unknown Source)
]]>
    </error>
  </testcase> <!-- TC_홈_066 -->
  <testcase name="TC_홈_070" time="13.365" classname="NUGUAPP_003_홈.홈_06_디바이스컨트롤러"/>
  <testcase name="TC_홈_059" time="9.186" classname="NUGUAPP_003_홈.홈_06_디바이스컨트롤러"/>
  <testcase name="TC_홈_060" time="2.542" classname="NUGUAPP_003_홈.홈_06_디바이스컨트롤러"/>
  <testcase name="TC_홈_065_03" time="30.824" classname="NUGUAPP_003_홈.홈_06_디바이스컨트롤러"/>
  <testcase name="TC_홈_069_02_And_070" time="8.337" classname="NUGUAPP_003_홈.홈_06_디바이스컨트롤러"/>
  <testcase name="TC_홈_055" time="35.562" classname="NUGUAPP_003_홈.홈_06_디바이스컨트롤러"/>
  <testcase name="TC_홈_065_02" time="30.885" classname="NUGUAPP_003_홈.홈_06_디바이스컨트롤러"/>
  <testcase name="TC_홈_056" time="4.859" classname="NUGUAPP_003_홈.홈_06_디바이스컨트롤러"/>
  <testcase name="TC_홈_061" time="2.991" classname="NUGUAPP_003_홈.홈_06_디바이스컨트롤러"/>
  <testcase name="TC_홈_065_05" time="38.874" classname="NUGUAPP_003_홈.홈_06_디바이스컨트롤러"/>
  <testcase name="TC_홈_067" time="21.714" classname="NUGUAPP_003_홈.홈_06_디바이스컨트롤러"/>
  <testcase name="TC_홈_057" time="4.060" classname="NUGUAPP_003_홈.홈_06_디바이스컨트롤러"/>
  <testcase name="TC_홈_065_01" time="16.669" classname="NUGUAPP_003_홈.홈_06_디바이스컨트롤러"/>
  <testcase name="TC_홈_063_form_064" time="25.909" classname="NUGUAPP_003_홈.홈_06_디바이스컨트롤러"/>
  <testcase name="TC_홈_054" time="18.633" classname="NUGUAPP_003_홈.홈_06_디바이스컨트롤러"/>
  <testcase name="TC_홈_068_And_070" time="5.724" classname="NUGUAPP_003_홈.홈_06_디바이스컨트롤러"/>
</testsuite> <!-- NUGUAPP_003_홈.홈_06_디바이스컨트롤러 -->
