<?xml version="1.0" encoding="UTF-8"?>
<!-- Generated by org.testng.reporters.JUnitReportReporter -->
<testsuite hostname="DESKTOP-UMRR3LS" name="NUGUAPP_004_메뉴.메뉴_08_이벤트_공지사항" tests="6" failures="0" timestamp="10 Oct 2020 17:47:18 GMT" time="75.089" errors="0">
  <testcase name="TC_메뉴_110" time="35.825" classname="NUGUAPP_004_메뉴.메뉴_08_이벤트_공지사항"/>
  <testcase name="TC_메뉴_114" time="5.045" classname="NUGUAPP_004_메뉴.메뉴_08_이벤트_공지사항"/>
  <testcase name="TC_메뉴_113" time="12.879" classname="NUGUAPP_004_메뉴.메뉴_08_이벤트_공지사항"/>
  <testcase name="TC_메뉴_111" time="5.783" classname="NUGUAPP_004_메뉴.메뉴_08_이벤트_공지사항"/>
  <testcase name="TC_메뉴_115" time="8.961" classname="NUGUAPP_004_메뉴.메뉴_08_이벤트_공지사항"/>
  <testcase name="TC_메뉴_112" time="6.596" classname="NUGUAPP_004_메뉴.메뉴_08_이벤트_공지사항"/>
</testsuite> <!-- NUGUAPP_004_메뉴.메뉴_08_이벤트_공지사항 -->
