<?xml version="1.0" encoding="UTF-8"?>
<!-- Generated by org.testng.reporters.JUnitReportReporter -->
<testsuite hostname="DESKTOP-UMRR3LS" name="NUGUAPP_003_홈.홈_08_디바이스정보" tests="3" failures="0" timestamp="19 Aug 2020 14:00:44 GMT" time="51.750" errors="0">
  <testcase name="TC_홈_82" time="16.130" classname="NUGUAPP_003_홈.홈_08_디바이스정보"/>
  <testcase name="TC_홈_80" time="34.937" classname="NUGUAPP_003_홈.홈_08_디바이스정보"/>
  <testcase name="TC_홈_81" time="0.683" classname="NUGUAPP_003_홈.홈_08_디바이스정보"/>
</testsuite> <!-- NUGUAPP_003_홈.홈_08_디바이스정보 -->
