<?xml version="1.0" encoding="UTF-8"?>
<!-- Generated by org.testng.reporters.JUnitReportReporter -->
<testsuite hostname="DESKTOP-UMRR3LS" name="NUGUAPP_003_홈.홈_03_디바이스메시지" tests="1" failures="0" timestamp="17 Jun 2020 09:46:13 GMT" time="37.936" errors="0">
  <testcase name="TC_홈_006" time="37.936" classname="NUGUAPP_003_홈.홈_03_디바이스메시지"/>
</testsuite> <!-- NUGUAPP_003_홈.홈_03_디바이스메시지 -->
