<?xml version="1.0" encoding="UTF-8"?>
<!-- Generated by org.testng.reporters.JUnitReportReporter -->
<testsuite hostname="DESKTOP-UMRR3LS" name="NUGUAPP_001_실행.앱시작_01" tests="12" failures="0" timestamp="10 Jun 2020 09:46:59 GMT" time="313.602" errors="0">
  <testcase name="TC_앱실행_020" time="22.412" classname="NUGUAPP_001_실행.앱시작_01"/>
  <testcase name="TC_앱실행_008" time="2.508" classname="NUGUAPP_001_실행.앱시작_01"/>
  <testcase name="TC_앱실행_012_from_013" time="46.646" classname="NUGUAPP_001_실행.앱시작_01"/>
  <testcase name="TC_앱실행_005" time="1.460" classname="NUGUAPP_001_실행.앱시작_01"/>
  <testcase name="TC_앱실행_007" time="27.119" classname="NUGUAPP_001_실행.앱시작_01"/>
  <testcase name="TC_앱실행_014_from_015" time="41.105" classname="NUGUAPP_001_실행.앱시작_01"/>
  <testcase name="TC_앱실행_010" time="20.368" classname="NUGUAPP_001_실행.앱시작_01"/>
  <testcase name="TC_앱실행_004" time="15.573" classname="NUGUAPP_001_실행.앱시작_01"/>
  <testcase name="TC_앱실행_016" time="54.423" classname="NUGUAPP_001_실행.앱시작_01"/>
  <testcase name="TC_앱실행_011" time="26.734" classname="NUGUAPP_001_실행.앱시작_01"/>
  <testcase name="TC_앱실행_021" time="12.533" classname="NUGUAPP_001_실행.앱시작_01"/>
  <testcase name="TC_앱실행_017_from_018" time="42.721" classname="NUGUAPP_001_실행.앱시작_01"/>
</testsuite> <!-- NUGUAPP_001_실행.앱시작_01 -->
