<?xml version="1.0" encoding="UTF-8"?>
<!-- Generated by org.testng.reporters.JUnitReportReporter -->
<testsuite hostname="DESKTOP-UMRR3LS" name="NUGUAPP_003_홈.홈_02_홈카드" tests="3" failures="0" timestamp="17 Jun 2020 09:33:26 GMT" time="91.498" errors="0">
  <testcase name="TC_홈_004" time="61.549" classname="NUGUAPP_003_홈.홈_02_홈카드"/>
  <testcase name="TC_홈_003" time="5.649" classname="NUGUAPP_003_홈.홈_02_홈카드"/>
  <testcase name="TC_홈_002" time="24.300" classname="NUGUAPP_003_홈.홈_02_홈카드"/>
</testsuite> <!-- NUGUAPP_003_홈.홈_02_홈카드 -->
