<?xml version="1.0" encoding="UTF-8"?>
<!-- Generated by org.testng.reporters.JUnitReportReporter -->
<testsuite hostname="DESKTOP-UMRR3LS" name="NUGUAPP_004_메뉴.메뉴_09_설정_일반미디어" tests="6" failures="0" timestamp="15 Sep 2020 07:10:00 GMT" time="101.576" errors="2">
  <testcase name="TC_메뉴_122" time="21.176" classname="NUGUAPP_004_메뉴.메뉴_09_설정_일반미디어">
    <error type="org.openqa.selenium.TimeoutException" message="Expected condition failed: waiting for element to be clickable: By.xpath: //androidx.recyclerview.widget.RecyclerView/android.widget.LinearLayout[2]/android.widget.TextView[2] (tried for 10 second(s) with 500 milliseconds interval)">
      <![CDATA[org.openqa.selenium.TimeoutException: Expected condition failed: waiting for element to be clickable: By.xpath: //androidx.recyclerview.widget.RecyclerView/android.widget.LinearLayout[2]/android.widget.TextView[2] (tried for 10 second(s) with 500 milliseconds interval)
	at org.openqa.selenium.support.ui.WebDriverWait.timeoutException(WebDriverWait.java:113)
	at org.openqa.selenium.support.ui.FluentWait.until(FluentWait.java:283)
	at unit.Utilities.WaitfindElement(Utilities.java:141)
	at unit.Utilities.getText(Utilities.java:1034)
	at NUGUAPP_004_메뉴.메뉴_09_설정_일반미디어.TC_메뉴_122(메뉴_09_설정_일반미디어.java:188)
	at sun.reflect.NativeMethodAccessorImpl.invoke0(Native Method)
	at sun.reflect.NativeMethodAccessorImpl.invoke(Unknown Source)
	at sun.reflect.DelegatingMethodAccessorImpl.invoke(Unknown Source)
	at java.lang.reflect.Method.invoke(Unknown Source)
	at org.testng.internal.MethodInvocationHelper.invokeMethod(MethodInvocationHelper.java:86)
	at org.testng.internal.Invoker.invokeMethod(Invoker.java:643)
	at org.testng.internal.Invoker.invokeTestMethod(Invoker.java:820)
	at org.testng.internal.Invoker.invokeTestMethods(Invoker.java:1128)
	at org.testng.internal.TestMethodWorker.invokeTestMethods(TestMethodWorker.java:129)
	at org.testng.internal.TestMethodWorker.run(TestMethodWorker.java:112)
	at org.testng.TestRunner.privateRun(TestRunner.java:782)
	at org.testng.TestRunner.run(TestRunner.java:632)
	at org.testng.SuiteRunner.runTest(SuiteRunner.java:366)
	at org.testng.SuiteRunner.access$000(SuiteRunner.java:39)
	at org.testng.SuiteRunner$SuiteWorker.run(SuiteRunner.java:400)
	at org.testng.internal.thread.ThreadUtil$2.call(ThreadUtil.java:64)
	at java.util.concurrent.FutureTask.run(Unknown Source)
	at java.util.concurrent.ThreadPoolExecutor.runWorker(Unknown Source)
	at java.util.concurrent.ThreadPoolExecutor$Worker.run(Unknown Source)
	at java.lang.Thread.run(Unknown Source)
Caused by: org.openqa.selenium.NoSuchElementException: Cannot locate an element using By.xpath: //androidx.recyclerview.widget.RecyclerView/android.widget.LinearLayout[2]/android.widget.TextView[2]
For documentation on this error, please visit: http://seleniumhq.org/exceptions/no_such_element.html
Build info: version: '3.14.0', revision: 'aacccce0', time: '2018-08-02T20:19:58.91Z'
System info: host: 'DESKTOP-UMRR3LS', ip: '172.27.24.217', os.name: 'Windows 10', os.arch: 'amd64', os.version: '10.0', java.version: '1.8.0_261'
Driver info: driver.version: unknown
	at org.openqa.selenium.support.ui.ExpectedConditions.lambda$findElement$0(ExpectedConditions.java:896)
	at java.util.Optional.orElseThrow(Unknown Source)
	at org.openqa.selenium.support.ui.ExpectedConditions.findElement(ExpectedConditions.java:895)
	at org.openqa.selenium.support.ui.ExpectedConditions.access$000(ExpectedConditions.java:44)
	at org.openqa.selenium.support.ui.ExpectedConditions$7.apply(ExpectedConditions.java:206)
	at org.openqa.selenium.support.ui.ExpectedConditions$7.apply(ExpectedConditions.java:202)
	at org.openqa.selenium.support.ui.ExpectedConditions$22.apply(ExpectedConditions.java:657)
	at org.openqa.selenium.support.ui.ExpectedConditions$22.apply(ExpectedConditions.java:654)
	at org.openqa.selenium.support.ui.FluentWait.until(FluentWait.java:260)
	... 23 more
]]>
    </error>
  </testcase> <!-- TC_메뉴_122 -->
  <testcase name="TC_메뉴_118" time="9.213" classname="NUGUAPP_004_메뉴.메뉴_09_설정_일반미디어"/>
  <testcase name="TC_메뉴_117" time="20.258" classname="NUGUAPP_004_메뉴.메뉴_09_설정_일반미디어"/>
  <testcase name="TC_메뉴_119" time="8.359" classname="NUGUAPP_004_메뉴.메뉴_09_설정_일반미디어"/>
  <testcase name="TC_메뉴_120" time="8.897" classname="NUGUAPP_004_메뉴.메뉴_09_설정_일반미디어">
    <error type="junit.framework.AssertionFailedError">
      <![CDATA[junit.framework.AssertionFailedError
	at junit.framework.Assert.fail(Assert.java:47)
	at junit.framework.Assert.assertTrue(Assert.java:20)
	at junit.framework.Assert.assertTrue(Assert.java:27)
	at NUGUAPP_004_메뉴.메뉴_09_설정_일반미디어.TC_메뉴_120(메뉴_09_설정_일반미디어.java:174)
	at sun.reflect.NativeMethodAccessorImpl.invoke0(Native Method)
	at sun.reflect.NativeMethodAccessorImpl.invoke(Unknown Source)
	at sun.reflect.DelegatingMethodAccessorImpl.invoke(Unknown Source)
	at java.lang.reflect.Method.invoke(Unknown Source)
	at org.testng.internal.MethodInvocationHelper.invokeMethod(MethodInvocationHelper.java:86)
	at org.testng.internal.Invoker.invokeMethod(Invoker.java:643)
	at org.testng.internal.Invoker.invokeTestMethod(Invoker.java:820)
	at org.testng.internal.Invoker.invokeTestMethods(Invoker.java:1128)
	at org.testng.internal.TestMethodWorker.invokeTestMethods(TestMethodWorker.java:129)
	at org.testng.internal.TestMethodWorker.run(TestMethodWorker.java:112)
	at org.testng.TestRunner.privateRun(TestRunner.java:782)
	at org.testng.TestRunner.run(TestRunner.java:632)
	at org.testng.SuiteRunner.runTest(SuiteRunner.java:366)
	at org.testng.SuiteRunner.access$000(SuiteRunner.java:39)
	at org.testng.SuiteRunner$SuiteWorker.run(SuiteRunner.java:400)
	at org.testng.internal.thread.ThreadUtil$2.call(ThreadUtil.java:64)
	at java.util.concurrent.FutureTask.run(Unknown Source)
	at java.util.concurrent.ThreadPoolExecutor.runWorker(Unknown Source)
	at java.util.concurrent.ThreadPoolExecutor$Worker.run(Unknown Source)
	at java.lang.Thread.run(Unknown Source)
]]>
    </error>
  </testcase> <!-- TC_메뉴_120 -->
  <testcase name="TC_메뉴_116" time="33.673" classname="NUGUAPP_004_메뉴.메뉴_09_설정_일반미디어"/>
</testsuite> <!-- NUGUAPP_004_메뉴.메뉴_09_설정_일반미디어 -->
