<?xml version="1.0" encoding="UTF-8"?>
<!-- Generated by org.testng.reporters.JUnitReportReporter -->
<testsuite hostname="DESKTOP-UMRR3LS" name="NUGUAPP_004_메뉴.메뉴_01_메뉴패널" tests="9" failures="0" timestamp="14 Sep 2020 15:46:02 GMT" time="130.316" errors="0">
  <testcase name="TC_메뉴_006" time="21.376" classname="NUGUAPP_004_메뉴.메뉴_01_메뉴패널"/>
  <testcase name="TC_메뉴_003" time="16.339" classname="NUGUAPP_004_메뉴.메뉴_01_메뉴패널"/>
  <testcase name="TC_메뉴_001" time="26.523" classname="NUGUAPP_004_메뉴.메뉴_01_메뉴패널"/>
  <testcase name="TC_메뉴_005" time="12.333" classname="NUGUAPP_004_메뉴.메뉴_01_메뉴패널"/>
  <testcase name="TC_메뉴_002" time="10.368" classname="NUGUAPP_004_메뉴.메뉴_01_메뉴패널"/>
  <testcase name="TC_메뉴_007" time="4.658" classname="NUGUAPP_004_메뉴.메뉴_01_메뉴패널"/>
  <testcase name="TC_메뉴_004" time="14.531" classname="NUGUAPP_004_메뉴.메뉴_01_메뉴패널"/>
  <testcase name="TC_메뉴_009" time="14.247" classname="NUGUAPP_004_메뉴.메뉴_01_메뉴패널"/>
  <testcase name="TC_메뉴_008" time="9.941" classname="NUGUAPP_004_메뉴.메뉴_01_메뉴패널"/>
</testsuite> <!-- NUGUAPP_004_메뉴.메뉴_01_메뉴패널 -->
