<?xml version="1.0" encoding="UTF-8"?>
<!-- Generated by org.testng.reporters.JUnitReportReporter -->
<testsuite hostname="DESKTOP-UMRR3LS" name="NUGUAPP_003_홈.홈_05_날씨" tests="4" failures="0" timestamp="10 Oct 2020 17:47:18 GMT" time="52.088" errors="0">
  <testcase name="TC_홈_043" time="15.702" classname="NUGUAPP_003_홈.홈_05_날씨"/>
  <testcase name="TC_홈_042" time="30.655" classname="NUGUAPP_003_홈.홈_05_날씨"/>
  <testcase name="TC_홈_044" time="2.193" classname="NUGUAPP_003_홈.홈_05_날씨"/>
  <testcase name="TC_홈_045" time="3.538" classname="NUGUAPP_003_홈.홈_05_날씨"/>
</testsuite> <!-- NUGUAPP_003_홈.홈_05_날씨 -->
