<?xml version="1.0" encoding="UTF-8"?>
<!-- Generated by org.testng.reporters.JUnitReportReporter -->
<testsuite hostname="SKT1112049PN002" name="NUGUAPP_002_연결.연결_02_NUGU_mini" tests="15" failures="0" timestamp="12 Oct 2020 06:19:41 GMT" time="121.330" errors="1">
  <testcase name="TC_연결_069" time="2.823" classname="NUGUAPP_002_연결.연결_02_NUGU_mini"/>
  <testcase name="TC_연결_073_form_074" time="10.940" classname="NUGUAPP_002_연결.연결_02_NUGU_mini"/>
  <testcase name="TC_연결_077" time="6.609" classname="NUGUAPP_002_연결.연결_02_NUGU_mini"/>
  <testcase name="TC_연결_092" time="14.068" classname="NUGUAPP_002_연결.연결_02_NUGU_mini"/>
  <testcase name="TC_연결_090" time="2.291" classname="NUGUAPP_002_연결.연결_02_NUGU_mini"/>
  <testcase name="TC_연결_075" time="2.595" classname="NUGUAPP_002_연결.연결_02_NUGU_mini"/>
  <testcase name="TC_연결_076" time="5.836" classname="NUGUAPP_002_연결.연결_02_NUGU_mini"/>
  <testcase name="TC_연결_080" time="5.930" classname="NUGUAPP_002_연결.연결_02_NUGU_mini"/>
  <testcase name="TC_연결_070" time="3.838" classname="NUGUAPP_002_연결.연결_02_NUGU_mini"/>
  <testcase name="TC_연결_068" time="28.867" classname="NUGUAPP_002_연결.연결_02_NUGU_mini"/>
  <testcase name="TC_연결_071" time="4.273" classname="NUGUAPP_002_연결.연결_02_NUGU_mini"/>
  <testcase name="TC_연결_089" time="1.475" classname="NUGUAPP_002_연결.연결_02_NUGU_mini"/>
  <testcase name="TC_연결_091" time="16.202" classname="NUGUAPP_002_연결.연결_02_NUGU_mini">
    <error type="org.testng.SkipException" message="연결 가능한 디바이스 있음. Test Skip">
      <![CDATA[org.testng.SkipException: 연결 가능한 디바이스 있음. Test Skip
	at NUGUAPP_002_연결.연결_02_NUGU_mini.TC_연결_091(연결_02_NUGU_mini.java:334)
	at sun.reflect.NativeMethodAccessorImpl.invoke0(Native Method)
	at sun.reflect.NativeMethodAccessorImpl.invoke(Unknown Source)
	at sun.reflect.DelegatingMethodAccessorImpl.invoke(Unknown Source)
	at java.lang.reflect.Method.invoke(Unknown Source)
	at org.testng.internal.MethodInvocationHelper.invokeMethod(MethodInvocationHelper.java:86)
	at org.testng.internal.Invoker.invokeMethod(Invoker.java:643)
	at org.testng.internal.Invoker.invokeTestMethod(Invoker.java:820)
	at org.testng.internal.Invoker.invokeTestMethods(Invoker.java:1128)
	at org.testng.internal.TestMethodWorker.invokeTestMethods(TestMethodWorker.java:129)
	at org.testng.internal.TestMethodWorker.run(TestMethodWorker.java:112)
	at org.testng.TestRunner.privateRun(TestRunner.java:782)
	at org.testng.TestRunner.run(TestRunner.java:632)
	at org.testng.SuiteRunner.runTest(SuiteRunner.java:366)
	at org.testng.SuiteRunner.access$000(SuiteRunner.java:39)
	at org.testng.SuiteRunner$SuiteWorker.run(SuiteRunner.java:400)
	at org.testng.internal.thread.ThreadUtil$2.call(ThreadUtil.java:64)
	at java.util.concurrent.FutureTask.run(Unknown Source)
	at java.util.concurrent.ThreadPoolExecutor.runWorker(Unknown Source)
	at java.util.concurrent.ThreadPoolExecutor$Worker.run(Unknown Source)
	at java.lang.Thread.run(Unknown Source)
]]>
    </error>
  </testcase> <!-- TC_연결_091 -->
  <testcase name="TC_연결_072" time="1.651" classname="NUGUAPP_002_연결.연결_02_NUGU_mini"/>
  <testcase name="TC_연결_078_and_079" time="13.932" classname="NUGUAPP_002_연결.연결_02_NUGU_mini"/>
</testsuite> <!-- NUGUAPP_002_연결.연결_02_NUGU_mini -->
