<?xml version="1.0" encoding="UTF-8"?>
<!-- Generated by org.testng.reporters.JUnitReportReporter -->
<testsuite hostname="DESKTOP-UMRR3LS" name="NUGUAPP_002_연결.연결_06_NUGU_albertAI" tests="18" failures="0" timestamp="3 Jul 2020 01:24:25 GMT" time="126.919" errors="0">
  <testcase name="TC_연결_281" time="29.736" classname="NUGUAPP_002_연결.연결_06_NUGU_albertAI"/>
  <testcase name="TC_연결_285" time="1.814" classname="NUGUAPP_002_연결.연결_06_NUGU_albertAI"/>
  <testcase name="TC_연결_296" time="3.270" classname="NUGUAPP_002_연결.연결_06_NUGU_albertAI"/>
  <testcase name="TC_연결_297" time="6.819" classname="NUGUAPP_002_연결.연결_06_NUGU_albertAI"/>
  <testcase name="TC_연결_310_form_311" time="12.385" classname="NUGUAPP_002_연결.연결_06_NUGU_albertAI"/>
  <testcase name="TC_연결_282" time="2.838" classname="NUGUAPP_002_연결.연결_06_NUGU_albertAI"/>
  <testcase name="TC_연결_294" time="7.540" classname="NUGUAPP_002_연결.연결_06_NUGU_albertAI"/>
  <testcase name="TC_연결_292" time="3.662" classname="NUGUAPP_002_연결.연결_06_NUGU_albertAI"/>
  <testcase name="TC_연결_295" time="3.772" classname="NUGUAPP_002_연결.연결_06_NUGU_albertAI"/>
  <testcase name="TC_연결_293" time="3.567" classname="NUGUAPP_002_연결.연결_06_NUGU_albertAI"/>
  <testcase name="TC_연결_307" time="1.959" classname="NUGUAPP_002_연결.연결_06_NUGU_albertAI"/>
  <testcase name="TC_연결_291" time="5.933" classname="NUGUAPP_002_연결.연결_06_NUGU_albertAI"/>
  <testcase name="TC_연결_286_form_288" time="11.318" classname="NUGUAPP_002_연결.연결_06_NUGU_albertAI"/>
  <testcase name="TC_연결_284" time="4.048" classname="NUGUAPP_002_연결.연결_06_NUGU_albertAI"/>
  <testcase name="TC_연결_283" time="5.274" classname="NUGUAPP_002_연결.연결_06_NUGU_albertAI"/>
  <testcase name="TC_연결_309" time="18.281" classname="NUGUAPP_002_연결.연결_06_NUGU_albertAI"/>
  <testcase name="TC_연결_289" time="2.613" classname="NUGUAPP_002_연결.연결_06_NUGU_albertAI"/>
  <testcase name="TC_연결_308" time="2.090" classname="NUGUAPP_002_연결.연결_06_NUGU_albertAI"/>
</testsuite> <!-- NUGUAPP_002_연결.연결_06_NUGU_albertAI -->
