<?xml version="1.0" encoding="UTF-8"?>
<!-- Generated by org.testng.reporters.JUnitReportReporter -->
<testsuite hostname="DESKTOP-UMRR3LS" name="NUGUAPP_002_연결.연결_01_NUGU_연결" tests="22" failures="0" timestamp="10 Jun 2020 01:29:17 GMT" time="179.142" errors="0">
  <testcase name="TC_014_form_016_연결" time="12.201" classname="NUGUAPP_002_연결.연결_01_NUGU_연결"/>
  <testcase name="TC_001_from_002_연결" time="35.469" classname="NUGUAPP_002_연결.연결_01_NUGU_연결"/>
  <testcase name="TC_012_연결" time="7.704" classname="NUGUAPP_002_연결.연결_01_NUGU_연결"/>
  <testcase name="TC_023_연결" time="5.093" classname="NUGUAPP_002_연결.연결_01_NUGU_연결"/>
  <testcase name="TC_009_연결" time="3.921" classname="NUGUAPP_002_연결.연결_01_NUGU_연결"/>
  <testcase name="TC_042_연결" time="2.948" classname="NUGUAPP_002_연결.연결_01_NUGU_연결"/>
  <testcase name="TC_041_연결" time="3.300" classname="NUGUAPP_002_연결.연결_01_NUGU_연결"/>
  <testcase name="TC_003_연결" time="27.240" classname="NUGUAPP_002_연결.연결_01_NUGU_연결"/>
  <testcase name="TC_022_연결" time="6.976" classname="NUGUAPP_002_연결.연결_01_NUGU_연결"/>
  <testcase name="TC_021_연결" time="3.015" classname="NUGUAPP_002_연결.연결_01_NUGU_연결"/>
  <testcase name="TC_020_연결" time="3.410" classname="NUGUAPP_002_연결.연결_01_NUGU_연결"/>
  <testcase name="TC_024_연결" time="3.499" classname="NUGUAPP_002_연결.연결_01_NUGU_연결"/>
  <testcase name="TC_019_연결" time="6.085" classname="NUGUAPP_002_연결.연결_01_NUGU_연결"/>
  <testcase name="TC_013_연결" time="2.131" classname="NUGUAPP_002_연결.연결_01_NUGU_연결"/>
  <testcase name="TC_011_연결" time="5.603" classname="NUGUAPP_002_연결.연결_01_NUGU_연결"/>
  <testcase name="TC_045_연결" time="11.944" classname="NUGUAPP_002_연결.연결_01_NUGU_연결"/>
  <testcase name="TC_040_연결" time="1.581" classname="NUGUAPP_002_연결.연결_01_NUGU_연결"/>
  <testcase name="TC_017_연결" time="2.511" classname="NUGUAPP_002_연결.연결_01_NUGU_연결"/>
  <testcase name="TC_010_연결" time="1.441" classname="NUGUAPP_002_연결.연결_01_NUGU_연결"/>
  <testcase name="TC_004_연결" time="9.350" classname="NUGUAPP_002_연결.연결_01_NUGU_연결"/>
  <testcase name="TC_025_And_039_연결" time="5.508" classname="NUGUAPP_002_연결.연결_01_NUGU_연결"/>
  <testcase name="TC_044_연결" time="18.212" classname="NUGUAPP_002_연결.연결_01_NUGU_연결"/>
</testsuite> <!-- NUGUAPP_002_연결.연결_01_NUGU_연결 -->
