<?xml version="1.0" encoding="UTF-8"?>
<!-- Generated by org.testng.reporters.JUnitReportReporter -->
<testsuite hostname="DESKTOP-UMRR3LS" name="NUGUAPP_002_연결.연결_04_NUGU_nemo" tests="17" failures="0" timestamp="19 Aug 2020 14:44:08 GMT" time="109.885" errors="0">
  <testcase name="TC_연결_190" time="1.916" classname="NUGUAPP_002_연결.연결_04_NUGU_nemo"/>
  <testcase name="TC_연결_189" time="1.298" classname="NUGUAPP_002_연결.연결_04_NUGU_nemo"/>
  <testcase name="TC_연결_178_002" time="3.534" classname="NUGUAPP_002_연결.연결_04_NUGU_nemo"/>
  <testcase name="TC_연결_192_form_194" time="11.964" classname="NUGUAPP_002_연결.연결_04_NUGU_nemo"/>
  <testcase name="TC_연결_179_005" time="3.198" classname="NUGUAPP_002_연결.연결_04_NUGU_nemo"/>
  <testcase name="TC_연결_191" time="16.089" classname="NUGUAPP_002_연결.연결_04_NUGU_nemo"/>
  <testcase name="TC_연결_179_002" time="10.345" classname="NUGUAPP_002_연결.연결_04_NUGU_nemo"/>
  <testcase name="TC_연결_179_004" time="5.143" classname="NUGUAPP_002_연결.연결_04_NUGU_nemo"/>
  <testcase name="TC_연결_179_009" time="2.925" classname="NUGUAPP_002_연결.연결_04_NUGU_nemo"/>
  <testcase name="TC_연결_178_001" time="24.452" classname="NUGUAPP_002_연결.연결_04_NUGU_nemo"/>
  <testcase name="TC_연결_179_003" time="2.419" classname="NUGUAPP_002_연결.연결_04_NUGU_nemo"/>
  <testcase name="TC_연결_180" time="4.965" classname="NUGUAPP_002_연결.연결_04_NUGU_nemo"/>
  <testcase name="TC_연결_178_003" time="3.997" classname="NUGUAPP_002_연결.연결_04_NUGU_nemo"/>
  <testcase name="TC_연결_179_001" time="1.452" classname="NUGUAPP_002_연결.연결_04_NUGU_nemo"/>
  <testcase name="TC_연결_179_006" time="3.502" classname="NUGUAPP_002_연결.연결_04_NUGU_nemo"/>
  <testcase name="TC_연결_179_008" time="3.650" classname="NUGUAPP_002_연결.연결_04_NUGU_nemo"/>
  <testcase name="TC_연결_179_007" time="9.036" classname="NUGUAPP_002_연결.연결_04_NUGU_nemo"/>
</testsuite> <!-- NUGUAPP_002_연결.연결_04_NUGU_nemo -->
