<?xml version="1.0" encoding="UTF-8"?>
<!-- Generated by org.testng.reporters.JUnitReportReporter -->
<testsuite hostname="SKT1112049PN002" name="NUGUAPP_004_메뉴.메뉴_03_이용권" tests="20" failures="0" timestamp="12 Oct 2020 08:47:31 GMT" time="449.267" errors="0">
  <testcase name="TC_메뉴_036" time="8.344" classname="NUGUAPP_004_메뉴.메뉴_03_이용권"/>
  <testcase name="TC_메뉴_043" time="45.949" classname="NUGUAPP_004_메뉴.메뉴_03_이용권"/>
  <testcase name="TC_메뉴_041" time="35.837" classname="NUGUAPP_004_메뉴.메뉴_03_이용권"/>
  <testcase name="TC_메뉴_040" time="42.254" classname="NUGUAPP_004_메뉴.메뉴_03_이용권"/>
  <testcase name="TC_메뉴_034" time="0.726" classname="NUGUAPP_004_메뉴.메뉴_03_이용권"/>
  <testcase name="TC_메뉴_039" time="58.382" classname="NUGUAPP_004_메뉴.메뉴_03_이용권"/>
  <testcase name="TC_메뉴_038" time="46.216" classname="NUGUAPP_004_메뉴.메뉴_03_이용권"/>
  <testcase name="TC_메뉴_028" time="42.903" classname="NUGUAPP_004_메뉴.메뉴_03_이용권"/>
  <testcase name="TC_메뉴_030" time="21.433" classname="NUGUAPP_004_메뉴.메뉴_03_이용권"/>
  <testcase name="TC_메뉴_031" time="1.480" classname="NUGUAPP_004_메뉴.메뉴_03_이용권"/>
  <testcase name="TC_메뉴_037" time="12.625" classname="NUGUAPP_004_메뉴.메뉴_03_이용권"/>
  <testcase name="TC_메뉴_032" time="3.242" classname="NUGUAPP_004_메뉴.메뉴_03_이용권"/>
  <testcase name="TC_메뉴_049" time="38.212" classname="NUGUAPP_004_메뉴.메뉴_03_이용권"/>
  <testcase name="TC_메뉴_042" time="4.434" classname="NUGUAPP_004_메뉴.메뉴_03_이용권"/>
  <testcase name="TC_메뉴_044" time="39.683" classname="NUGUAPP_004_메뉴.메뉴_03_이용권"/>
  <testcase name="TC_메뉴_029" time="3.362" classname="NUGUAPP_004_메뉴.메뉴_03_이용권"/>
  <testcase name="TC_메뉴_048" time="3.314" classname="NUGUAPP_004_메뉴.메뉴_03_이용권"/>
  <testcase name="TC_메뉴_046_from_047" time="0.471" classname="NUGUAPP_004_메뉴.메뉴_03_이용권"/>
  <testcase name="TC_메뉴_050" time="35.603" classname="NUGUAPP_004_메뉴.메뉴_03_이용권"/>
  <testcase name="TC_메뉴_045" time="4.797" classname="NUGUAPP_004_메뉴.메뉴_03_이용권"/>
</testsuite> <!-- NUGUAPP_004_메뉴.메뉴_03_이용권 -->
