<?xml version="1.0" encoding="UTF-8"?>
<!-- Generated by org.testng.reporters.JUnitReportReporter -->
<testsuite hostname="DESKTOP-UMRR3LS" name="NUGUAPP_002_연결.연결_02_NUGU_mini" tests="15" failures="0" timestamp="16 Jun 2020 03:01:37 GMT" time="116.899" errors="0">
  <testcase name="TC_연결_073_form_074" time="11.708" classname="NUGUAPP_002_연결.연결_02_NUGU_mini"/>
  <testcase name="TC_연결_090" time="2.547" classname="NUGUAPP_002_연결.연결_02_NUGU_mini"/>
  <testcase name="TC_연결_069" time="2.852" classname="NUGUAPP_002_연결.연결_02_NUGU_mini"/>
  <testcase name="TC_연결_078_and_079" time="13.674" classname="NUGUAPP_002_연결.연결_02_NUGU_mini"/>
  <testcase name="TC_연결_070" time="3.742" classname="NUGUAPP_002_연결.연결_02_NUGU_mini"/>
  <testcase name="TC_연결_080" time="5.472" classname="NUGUAPP_002_연결.연결_02_NUGU_mini"/>
  <testcase name="TC_연결_075" time="2.557" classname="NUGUAPP_002_연결.연결_02_NUGU_mini"/>
  <testcase name="TC_연결_071" time="4.725" classname="NUGUAPP_002_연결.연결_02_NUGU_mini"/>
  <testcase name="TC_연결_091" time="18.636" classname="NUGUAPP_002_연결.연결_02_NUGU_mini"/>
  <testcase name="TC_연결_076" time="5.752" classname="NUGUAPP_002_연결.연결_02_NUGU_mini"/>
  <testcase name="TC_연결_072" time="2.035" classname="NUGUAPP_002_연결.연결_02_NUGU_mini"/>
  <testcase name="TC_연결_092" time="12.318" classname="NUGUAPP_002_연결.연결_02_NUGU_mini"/>
  <testcase name="TC_연결_068" time="22.699" classname="NUGUAPP_002_연결.연결_02_NUGU_mini"/>
  <testcase name="TC_연결_089" time="1.689" classname="NUGUAPP_002_연결.연결_02_NUGU_mini"/>
  <testcase name="TC_연결_077" time="6.493" classname="NUGUAPP_002_연결.연결_02_NUGU_mini"/>
</testsuite> <!-- NUGUAPP_002_연결.연결_02_NUGU_mini -->
