<?xml version="1.0" encoding="UTF-8"?>
<!-- Generated by org.testng.reporters.JUnitReportReporter -->
<testsuite hostname="SKT1112049PN002" name="NUGUAPP_003_홈.홈_05_날씨" tests="4" failures="0" timestamp="12 Oct 2020 07:41:14 GMT" time="51.092" errors="0">
  <testcase name="TC_홈_045" time="4.058" classname="NUGUAPP_003_홈.홈_05_날씨"/>
  <testcase name="TC_홈_043" time="14.894" classname="NUGUAPP_003_홈.홈_05_날씨"/>
  <testcase name="TC_홈_042" time="29.727" classname="NUGUAPP_003_홈.홈_05_날씨"/>
  <testcase name="TC_홈_044" time="2.413" classname="NUGUAPP_003_홈.홈_05_날씨"/>
</testsuite> <!-- NUGUAPP_003_홈.홈_05_날씨 -->
