<?xml version="1.0" encoding="UTF-8"?>
<!-- Generated by org.testng.reporters.JUnitReportReporter -->
<testsuite hostname="DESKTOP-UMRR3LS" name="NUGUAPP_004_메뉴.메뉴_07_자주묻는질문" tests="11" failures="0" timestamp="10 Oct 2020 17:47:18 GMT" time="95.980" errors="0">
  <testcase name="TC_메뉴_108" time="2.591" classname="NUGUAPP_004_메뉴.메뉴_07_자주묻는질문"/>
  <testcase name="TC_메뉴_109" time="3.734" classname="NUGUAPP_004_메뉴.메뉴_07_자주묻는질문"/>
  <testcase name="TC_메뉴_107" time="4.660" classname="NUGUAPP_004_메뉴.메뉴_07_자주묻는질문"/>
  <testcase name="TC_메뉴_104" time="2.534" classname="NUGUAPP_004_메뉴.메뉴_07_자주묻는질문"/>
  <testcase name="TC_메뉴_100" time="8.114" classname="NUGUAPP_004_메뉴.메뉴_07_자주묻는질문"/>
  <testcase name="TC_메뉴_106" time="3.665" classname="NUGUAPP_004_메뉴.메뉴_07_자주묻는질문"/>
  <testcase name="TC_메뉴_099" time="6.203" classname="NUGUAPP_004_메뉴.메뉴_07_자주묻는질문"/>
  <testcase name="TC_메뉴_102" time="13.775" classname="NUGUAPP_004_메뉴.메뉴_07_자주묻는질문"/>
  <testcase name="TC_메뉴_098" time="36.752" classname="NUGUAPP_004_메뉴.메뉴_07_자주묻는질문"/>
  <testcase name="TC_메뉴_103" time="6.200" classname="NUGUAPP_004_메뉴.메뉴_07_자주묻는질문"/>
  <testcase name="TC_메뉴_101" time="7.752" classname="NUGUAPP_004_메뉴.메뉴_07_자주묻는질문"/>
</testsuite> <!-- NUGUAPP_004_메뉴.메뉴_07_자주묻는질문 -->
