<?xml version="1.0" encoding="UTF-8"?>
<!-- Generated by org.testng.reporters.JUnitReportReporter -->
<testsuite hostname="DESKTOP-UMRR3LS" name="NUGUAPP_003_홈.홈_09_미디어컨트롤러상세" tests="23" failures="0" timestamp="9 Sep 2020 14:42:18 GMT" time="644.742" errors="0">
  <testcase name="TC_홈_110" time="15.023" classname="NUGUAPP_003_홈.홈_09_미디어컨트롤러상세"/>
  <testcase name="TC_홈_113" time="16.294" classname="NUGUAPP_003_홈.홈_09_미디어컨트롤러상세"/>
  <testcase name="TC_홈_122" time="27.718" classname="NUGUAPP_003_홈.홈_09_미디어컨트롤러상세"/>
  <testcase name="TC_홈_107" time="16.056" classname="NUGUAPP_003_홈.홈_09_미디어컨트롤러상세"/>
  <testcase name="TC_홈_117" time="17.345" classname="NUGUAPP_003_홈.홈_09_미디어컨트롤러상세"/>
  <testcase name="TC_홈_106" time="47.866" classname="NUGUAPP_003_홈.홈_09_미디어컨트롤러상세"/>
  <testcase name="TC_홈_130" time="78.744" classname="NUGUAPP_003_홈.홈_09_미디어컨트롤러상세"/>
  <testcase name="TC_홈_128" time="27.786" classname="NUGUAPP_003_홈.홈_09_미디어컨트롤러상세"/>
  <testcase name="TC_홈_131" time="54.779" classname="NUGUAPP_003_홈.홈_09_미디어컨트롤러상세"/>
  <testcase name="TC_홈_119" time="49.181" classname="NUGUAPP_003_홈.홈_09_미디어컨트롤러상세"/>
  <testcase name="TC_홈_112" time="13.907" classname="NUGUAPP_003_홈.홈_09_미디어컨트롤러상세"/>
  <testcase name="TC_홈_115" time="26.056" classname="NUGUAPP_003_홈.홈_09_미디어컨트롤러상세"/>
  <testcase name="TC_홈_114" time="17.090" classname="NUGUAPP_003_홈.홈_09_미디어컨트롤러상세"/>
  <testcase name="TC_홈_124" time="12.259" classname="NUGUAPP_003_홈.홈_09_미디어컨트롤러상세"/>
  <testcase name="TC_홈_127" time="27.606" classname="NUGUAPP_003_홈.홈_09_미디어컨트롤러상세"/>
  <testcase name="TC_홈_129" time="22.887" classname="NUGUAPP_003_홈.홈_09_미디어컨트롤러상세"/>
  <testcase name="TC_홈_118" time="23.084" classname="NUGUAPP_003_홈.홈_09_미디어컨트롤러상세"/>
  <testcase name="TC_홈_126" time="36.632" classname="NUGUAPP_003_홈.홈_09_미디어컨트롤러상세"/>
  <testcase name="TC_홈_125" time="38.198" classname="NUGUAPP_003_홈.홈_09_미디어컨트롤러상세"/>
  <testcase name="TC_홈_111" time="17.872" classname="NUGUAPP_003_홈.홈_09_미디어컨트롤러상세"/>
  <testcase name="TC_홈_123" time="11.955" classname="NUGUAPP_003_홈.홈_09_미디어컨트롤러상세"/>
  <testcase name="TC_홈_109" time="28.646" classname="NUGUAPP_003_홈.홈_09_미디어컨트롤러상세"/>
  <testcase name="TC_홈_108" time="17.758" classname="NUGUAPP_003_홈.홈_09_미디어컨트롤러상세"/>
</testsuite> <!-- NUGUAPP_003_홈.홈_09_미디어컨트롤러상세 -->
