<?xml version="1.0" encoding="UTF-8"?>
<!-- Generated by org.testng.reporters.JUnitReportReporter -->
<testsuite hostname="SKT1112049PN002" name="NUGUAPP_001_실행.앱시작_01" tests="13" failures="0" timestamp="12 Oct 2020 06:19:41 GMT" time="424.679" errors="2">
  <testcase name="TC_앱실행_008" time="3.819" classname="NUGUAPP_001_실행.앱시작_01"/>
  <testcase name="TC_앱실행_002" time="24.701" classname="NUGUAPP_001_실행.앱시작_01">
    <error type="org.testng.SkipException" message="공지 안내 팝업 [없음]">
      <![CDATA[org.testng.SkipException: 공지 안내 팝업 [없음]
	at NUGUAPP_001_실행.앱시작_01.TC_앱실행_002(앱시작_01.java:52)
	at sun.reflect.NativeMethodAccessorImpl.invoke0(Native Method)
	at sun.reflect.NativeMethodAccessorImpl.invoke(Unknown Source)
	at sun.reflect.DelegatingMethodAccessorImpl.invoke(Unknown Source)
	at java.lang.reflect.Method.invoke(Unknown Source)
	at org.testng.internal.MethodInvocationHelper.invokeMethod(MethodInvocationHelper.java:86)
	at org.testng.internal.Invoker.invokeMethod(Invoker.java:643)
	at org.testng.internal.Invoker.invokeTestMethod(Invoker.java:820)
	at org.testng.internal.Invoker.invokeTestMethods(Invoker.java:1128)
	at org.testng.internal.TestMethodWorker.invokeTestMethods(TestMethodWorker.java:129)
	at org.testng.internal.TestMethodWorker.run(TestMethodWorker.java:112)
	at org.testng.TestRunner.privateRun(TestRunner.java:782)
	at org.testng.TestRunner.run(TestRunner.java:632)
	at org.testng.SuiteRunner.runTest(SuiteRunner.java:366)
	at org.testng.SuiteRunner.access$000(SuiteRunner.java:39)
	at org.testng.SuiteRunner$SuiteWorker.run(SuiteRunner.java:400)
	at org.testng.internal.thread.ThreadUtil$2.call(ThreadUtil.java:64)
	at java.util.concurrent.FutureTask.run(Unknown Source)
	at java.util.concurrent.ThreadPoolExecutor.runWorker(Unknown Source)
	at java.util.concurrent.ThreadPoolExecutor$Worker.run(Unknown Source)
	at java.lang.Thread.run(Unknown Source)
]]>
    </error>
  </testcase> <!-- TC_앱실행_002 -->
  <testcase name="TC_앱실행_016" time="20.696" classname="NUGUAPP_001_실행.앱시작_01">
    <error type="org.testng.SkipException" message="자동로그인 체크 여부가 사라짐">
      <![CDATA[org.testng.SkipException: 자동로그인 체크 여부가 사라짐
	at NUGUAPP_001_실행.앱시작_01.TC_앱실행_016(앱시작_01.java:363)
	at sun.reflect.NativeMethodAccessorImpl.invoke0(Native Method)
	at sun.reflect.NativeMethodAccessorImpl.invoke(Unknown Source)
	at sun.reflect.DelegatingMethodAccessorImpl.invoke(Unknown Source)
	at java.lang.reflect.Method.invoke(Unknown Source)
	at org.testng.internal.MethodInvocationHelper.invokeMethod(MethodInvocationHelper.java:86)
	at org.testng.internal.Invoker.invokeMethod(Invoker.java:643)
	at org.testng.internal.Invoker.invokeTestMethod(Invoker.java:820)
	at org.testng.internal.Invoker.invokeTestMethods(Invoker.java:1128)
	at org.testng.internal.TestMethodWorker.invokeTestMethods(TestMethodWorker.java:129)
	at org.testng.internal.TestMethodWorker.run(TestMethodWorker.java:112)
	at org.testng.TestRunner.privateRun(TestRunner.java:782)
	at org.testng.TestRunner.run(TestRunner.java:632)
	at org.testng.SuiteRunner.runTest(SuiteRunner.java:366)
	at org.testng.SuiteRunner.access$000(SuiteRunner.java:39)
	at org.testng.SuiteRunner$SuiteWorker.run(SuiteRunner.java:400)
	at org.testng.internal.thread.ThreadUtil$2.call(ThreadUtil.java:64)
	at java.util.concurrent.FutureTask.run(Unknown Source)
	at java.util.concurrent.ThreadPoolExecutor.runWorker(Unknown Source)
	at java.util.concurrent.ThreadPoolExecutor$Worker.run(Unknown Source)
	at java.lang.Thread.run(Unknown Source)
]]>
    </error>
  </testcase> <!-- TC_앱실행_016 -->
  <testcase name="TC_앱실행_011" time="26.371" classname="NUGUAPP_001_실행.앱시작_01"/>
  <testcase name="TC_앱실행_005" time="1.490" classname="NUGUAPP_001_실행.앱시작_01"/>
  <testcase name="TC_앱실행_004" time="24.587" classname="NUGUAPP_001_실행.앱시작_01"/>
  <testcase name="TC_앱실행_017_from_018" time="80.000" classname="NUGUAPP_001_실행.앱시작_01"/>
  <testcase name="TC_앱실행_010" time="24.841" classname="NUGUAPP_001_실행.앱시작_01"/>
  <testcase name="TC_앱실행_020" time="52.271" classname="NUGUAPP_001_실행.앱시작_01"/>
  <testcase name="TC_앱실행_012_from_013" time="63.178" classname="NUGUAPP_001_실행.앱시작_01"/>
  <testcase name="TC_앱실행_021" time="12.315" classname="NUGUAPP_001_실행.앱시작_01"/>
  <testcase name="TC_앱실행_007" time="29.838" classname="NUGUAPP_001_실행.앱시작_01"/>
  <testcase name="TC_앱실행_014_from_015" time="60.572" classname="NUGUAPP_001_실행.앱시작_01"/>
</testsuite> <!-- NUGUAPP_001_실행.앱시작_01 -->
