<?xml version="1.0" encoding="UTF-8"?>
<!-- Generated by org.testng.reporters.JUnitReportReporter -->
<testsuite hostname="SKT1112049PN002" name="NUGUAPP_002_연결.연결_08_NUGU_TmapforCar" tests="8" failures="0" timestamp="12 Oct 2020 11:28:37 GMT" time="149.005" errors="0">
  <testcase name="TC_연결_343_and_362_form_371" time="73.071" classname="NUGUAPP_002_연결.연결_08_NUGU_TmapforCar"/>
  <testcase name="TC_연결_342" time="3.349" classname="NUGUAPP_002_연결.연결_08_NUGU_TmapforCar"/>
  <testcase name="TC_연결_339" time="2.577" classname="NUGUAPP_002_연결.연결_08_NUGU_TmapforCar"/>
  <testcase name="TC_연결_344" time="16.051" classname="NUGUAPP_002_연결.연결_08_NUGU_TmapforCar"/>
  <testcase name="TC_연결_346_form_349" time="13.860" classname="NUGUAPP_002_연결.연결_08_NUGU_TmapforCar"/>
  <testcase name="TC_연결_340" time="6.905" classname="NUGUAPP_002_연결.연결_08_NUGU_TmapforCar"/>
  <testcase name="TC_연결_341" time="4.705" classname="NUGUAPP_002_연결.연결_08_NUGU_TmapforCar"/>
  <testcase name="TC_연결_338" time="28.487" classname="NUGUAPP_002_연결.연결_08_NUGU_TmapforCar"/>
</testsuite> <!-- NUGUAPP_002_연결.연결_08_NUGU_TmapforCar -->
