<?xml version="1.0" encoding="UTF-8"?>
<!-- Generated by org.testng.reporters.JUnitReportReporter -->
<testsuite hostname="DESKTOP-UMRR3LS" name="NUGUAPP_002_연결.연결_03_NUGU_candle" tests="18" failures="0" timestamp="9 Sep 2020 14:42:18 GMT" time="123.103" errors="0">
  <testcase name="TC_연결_150" time="2.452" classname="NUGUAPP_002_연결.연결_03_NUGU_candle"/>
  <testcase name="TC_연결_151" time="18.052" classname="NUGUAPP_002_연결.연결_03_NUGU_candle"/>
  <testcase name="TC_연결_124" time="2.630" classname="NUGUAPP_002_연결.연결_03_NUGU_candle"/>
  <testcase name="TC_연결_125" time="4.489" classname="NUGUAPP_002_연결.연결_03_NUGU_candle"/>
  <testcase name="TC_연결_149" time="1.690" classname="NUGUAPP_002_연결.연결_03_NUGU_candle"/>
  <testcase name="TC_연결_128_form_130" time="11.135" classname="NUGUAPP_002_연결.연결_03_NUGU_candle"/>
  <testcase name="TC_연결_137" time="3.375" classname="NUGUAPP_002_연결.연결_03_NUGU_candle"/>
  <testcase name="TC_연결_136" time="7.452" classname="NUGUAPP_002_연결.연결_03_NUGU_candle"/>
  <testcase name="TC_연결_138" time="2.850" classname="NUGUAPP_002_연결.연결_03_NUGU_candle"/>
  <testcase name="TC_연결_135" time="2.919" classname="NUGUAPP_002_연결.연결_03_NUGU_candle"/>
  <testcase name="TC_연결_123" time="29.053" classname="NUGUAPP_002_연결.연결_03_NUGU_candle"/>
  <testcase name="TC_연결_126" time="4.968" classname="NUGUAPP_002_연결.연결_03_NUGU_candle"/>
  <testcase name="TC_연결_154_form_155" time="12.466" classname="NUGUAPP_002_연결.연결_03_NUGU_candle"/>
  <testcase name="TC_연결_133" time="6.037" classname="NUGUAPP_002_연결.연결_03_NUGU_candle"/>
  <testcase name="TC_연결_139" time="5.723" classname="NUGUAPP_002_연결.연결_03_NUGU_candle"/>
  <testcase name="TC_연결_131" time="2.702" classname="NUGUAPP_002_연결.연결_03_NUGU_candle"/>
  <testcase name="TC_연결_127" time="1.798" classname="NUGUAPP_002_연결.연결_03_NUGU_candle"/>
  <testcase name="TC_연결_134" time="3.312" classname="NUGUAPP_002_연결.연결_03_NUGU_candle"/>
</testsuite> <!-- NUGUAPP_002_연결.연결_03_NUGU_candle -->
