<?xml version="1.0" encoding="UTF-8"?>
<!-- Generated by org.testng.reporters.JUnitReportReporter -->
<testsuite hostname="SKT1112049PN002" name="NUGUAPP_002_연결.연결_04_NUGU_nemo" tests="17" failures="0" timestamp="12 Oct 2020 06:57:32 GMT" time="124.018" errors="1">
  <testcase name="TC_연결_191" time="16.181" classname="NUGUAPP_002_연결.연결_04_NUGU_nemo">
    <error type="org.testng.SkipException" message="연결 가능한 디바이스 있음. Test Skip">
      <![CDATA[org.testng.SkipException: 연결 가능한 디바이스 있음. Test Skip
	at NUGUAPP_002_연결.연결_04_NUGU_nemo.TC_연결_191(연결_04_NUGU_nemo.java:338)
	at sun.reflect.NativeMethodAccessorImpl.invoke0(Native Method)
	at sun.reflect.NativeMethodAccessorImpl.invoke(Unknown Source)
	at sun.reflect.DelegatingMethodAccessorImpl.invoke(Unknown Source)
	at java.lang.reflect.Method.invoke(Unknown Source)
	at org.testng.internal.MethodInvocationHelper.invokeMethod(MethodInvocationHelper.java:86)
	at org.testng.internal.Invoker.invokeMethod(Invoker.java:643)
	at org.testng.internal.Invoker.invokeTestMethod(Invoker.java:820)
	at org.testng.internal.Invoker.invokeTestMethods(Invoker.java:1128)
	at org.testng.internal.TestMethodWorker.invokeTestMethods(TestMethodWorker.java:129)
	at org.testng.internal.TestMethodWorker.run(TestMethodWorker.java:112)
	at org.testng.TestRunner.privateRun(TestRunner.java:782)
	at org.testng.TestRunner.run(TestRunner.java:632)
	at org.testng.SuiteRunner.runTest(SuiteRunner.java:366)
	at org.testng.SuiteRunner.access$000(SuiteRunner.java:39)
	at org.testng.SuiteRunner$SuiteWorker.run(SuiteRunner.java:400)
	at org.testng.internal.thread.ThreadUtil$2.call(ThreadUtil.java:64)
	at java.util.concurrent.FutureTask.run(Unknown Source)
	at java.util.concurrent.ThreadPoolExecutor.runWorker(Unknown Source)
	at java.util.concurrent.ThreadPoolExecutor$Worker.run(Unknown Source)
	at java.lang.Thread.run(Unknown Source)
]]>
    </error>
  </testcase> <!-- TC_연결_191 -->
  <testcase name="TC_연결_179_009" time="2.994" classname="NUGUAPP_002_연결.연결_04_NUGU_nemo"/>
  <testcase name="TC_연결_179_007" time="10.092" classname="NUGUAPP_002_연결.연결_04_NUGU_nemo"/>
  <testcase name="TC_연결_179_004" time="5.616" classname="NUGUAPP_002_연결.연결_04_NUGU_nemo"/>
  <testcase name="TC_연결_179_001" time="1.485" classname="NUGUAPP_002_연결.연결_04_NUGU_nemo"/>
  <testcase name="TC_연결_180" time="5.502" classname="NUGUAPP_002_연결.연결_04_NUGU_nemo"/>
  <testcase name="TC_연결_178_001" time="28.520" classname="NUGUAPP_002_연결.연결_04_NUGU_nemo"/>
  <testcase name="TC_연결_192_form_194" time="18.669" classname="NUGUAPP_002_연결.연결_04_NUGU_nemo"/>
  <testcase name="TC_연결_179_005" time="3.140" classname="NUGUAPP_002_연결.연결_04_NUGU_nemo"/>
  <testcase name="TC_연결_178_003" time="4.033" classname="NUGUAPP_002_연결.연결_04_NUGU_nemo"/>
  <testcase name="TC_연결_179_008" time="4.358" classname="NUGUAPP_002_연결.연결_04_NUGU_nemo"/>
  <testcase name="TC_연결_179_002" time="10.346" classname="NUGUAPP_002_연결.연결_04_NUGU_nemo"/>
  <testcase name="TC_연결_190" time="1.867" classname="NUGUAPP_002_연결.연결_04_NUGU_nemo"/>
  <testcase name="TC_연결_179_003" time="2.496" classname="NUGUAPP_002_연결.연결_04_NUGU_nemo"/>
  <testcase name="TC_연결_178_002" time="3.337" classname="NUGUAPP_002_연결.연결_04_NUGU_nemo"/>
  <testcase name="TC_연결_179_006" time="3.505" classname="NUGUAPP_002_연결.연결_04_NUGU_nemo"/>
  <testcase name="TC_연결_189" time="1.877" classname="NUGUAPP_002_연결.연결_04_NUGU_nemo"/>
</testsuite> <!-- NUGUAPP_002_연결.연결_04_NUGU_nemo -->
