<?xml version="1.0" encoding="UTF-8"?>
<!-- Generated by org.testng.reporters.JUnitReportReporter -->
<testsuite hostname="DESKTOP-UMRR3LS" name="NUGUAPP_002_연결.연결_02_NUGU_mini_연결" tests="15" failures="0" timestamp="10 Jun 2020 01:29:17 GMT" time="115.904" errors="0">
  <testcase name="TC_090_연결" time="2.382" classname="NUGUAPP_002_연결.연결_02_NUGU_mini_연결"/>
  <testcase name="TC_070_연결" time="4.076" classname="NUGUAPP_002_연결.연결_02_NUGU_mini_연결"/>
  <testcase name="TC_075_연결" time="2.500" classname="NUGUAPP_002_연결.연결_02_NUGU_mini_연결"/>
  <testcase name="TC_072_연결" time="1.678" classname="NUGUAPP_002_연결.연결_02_NUGU_mini_연결"/>
  <testcase name="TC_078_and_079_연결" time="13.168" classname="NUGUAPP_002_연결.연결_02_NUGU_mini_연결"/>
  <testcase name="TC_091_연결" time="18.246" classname="NUGUAPP_002_연결.연결_02_NUGU_mini_연결"/>
  <testcase name="TC_073_form_074_연결" time="11.824" classname="NUGUAPP_002_연결.연결_02_NUGU_mini_연결"/>
  <testcase name="TC_089_연결" time="1.754" classname="NUGUAPP_002_연결.연결_02_NUGU_mini_연결"/>
  <testcase name="TC_069_연결" time="2.858" classname="NUGUAPP_002_연결.연결_02_NUGU_mini_연결"/>
  <testcase name="TC_071_연결" time="4.666" classname="NUGUAPP_002_연결.연결_02_NUGU_mini_연결"/>
  <testcase name="TC_077_연결" time="6.286" classname="NUGUAPP_002_연결.연결_02_NUGU_mini_연결"/>
  <testcase name="TC_080_연결" time="5.287" classname="NUGUAPP_002_연결.연결_02_NUGU_mini_연결"/>
  <testcase name="TC_076_연결" time="5.876" classname="NUGUAPP_002_연결.연결_02_NUGU_mini_연결"/>
  <testcase name="TC_092_연결" time="12.386" classname="NUGUAPP_002_연결.연결_02_NUGU_mini_연결"/>
  <testcase name="TC_068_연결" time="22.917" classname="NUGUAPP_002_연결.연결_02_NUGU_mini_연결"/>
</testsuite> <!-- NUGUAPP_002_연결.연결_02_NUGU_mini_연결 -->
