<?xml version="1.0" encoding="UTF-8"?>
<!-- Generated by org.testng.reporters.JUnitReportReporter -->
<testsuite hostname="DESKTOP-UMRR3LS" name="NUGUAPP_004_메뉴.메뉴_05_자주사용하는서비스" tests="7" failures="0" timestamp="10 Oct 2020 17:47:18 GMT" time="201.613" errors="0">
  <testcase name="TC_메뉴_083_01" time="36.867" classname="NUGUAPP_004_메뉴.메뉴_05_자주사용하는서비스"/>
  <testcase name="TC_메뉴_084_01" time="20.055" classname="NUGUAPP_004_메뉴.메뉴_05_자주사용하는서비스"/>
  <testcase name="TC_메뉴_083_03" time="88.683" classname="NUGUAPP_004_메뉴.메뉴_05_자주사용하는서비스"/>
  <testcase name="TC_메뉴_084_02" time="17.422" classname="NUGUAPP_004_메뉴.메뉴_05_자주사용하는서비스"/>
  <testcase name="TC_메뉴_083_02" time="11.347" classname="NUGUAPP_004_메뉴.메뉴_05_자주사용하는서비스"/>
  <testcase name="TC_메뉴_083_05" time="12.769" classname="NUGUAPP_004_메뉴.메뉴_05_자주사용하는서비스"/>
  <testcase name="TC_메뉴_083_04" time="14.470" classname="NUGUAPP_004_메뉴.메뉴_05_자주사용하는서비스"/>
</testsuite> <!-- NUGUAPP_004_메뉴.메뉴_05_자주사용하는서비스 -->
