<?xml version="1.0" encoding="UTF-8"?>
<!-- Generated by org.testng.reporters.JUnitReportReporter -->
<testsuite hostname="DESKTOP-UMRR3LS" name="NUGUAPP_004_메뉴.메뉴_04_구매내역" tests="10" failures="0" timestamp="14 Sep 2020 15:46:02 GMT" time="137.256" errors="0">
  <testcase name="TC_메뉴_052" time="37.482" classname="NUGUAPP_004_메뉴.메뉴_04_구매내역"/>
  <testcase name="TC_메뉴_061" time="24.833" classname="NUGUAPP_004_메뉴.메뉴_04_구매내역"/>
  <testcase name="TC_메뉴_064" time="22.046" classname="NUGUAPP_004_메뉴.메뉴_04_구매내역"/>
  <testcase name="TC_메뉴_053" time="0.666" classname="NUGUAPP_004_메뉴.메뉴_04_구매내역"/>
  <testcase name="TC_메뉴_063" time="10.150" classname="NUGUAPP_004_메뉴.메뉴_04_구매내역"/>
  <testcase name="TC_메뉴_054" time="4.243" classname="NUGUAPP_004_메뉴.메뉴_04_구매내역"/>
  <testcase name="TC_메뉴_057" time="20.169" classname="NUGUAPP_004_메뉴.메뉴_04_구매내역"/>
  <testcase name="TC_메뉴_060" time="5.732" classname="NUGUAPP_004_메뉴.메뉴_04_구매내역"/>
  <testcase name="TC_메뉴_055" time="9.018" classname="NUGUAPP_004_메뉴.메뉴_04_구매내역"/>
  <testcase name="TC_메뉴_056" time="2.917" classname="NUGUAPP_004_메뉴.메뉴_04_구매내역"/>
</testsuite> <!-- NUGUAPP_004_메뉴.메뉴_04_구매내역 -->
