<?xml version="1.0" encoding="UTF-8"?>
<!-- Generated by org.testng.reporters.JUnitReportReporter -->
<testsuite hostname="DESKTOP-UMRR3LS" name="NUGUAPP_003_홈.홈_06_디바이스컨트롤러" tests="24" failures="0" timestamp="10 Oct 2020 17:47:18 GMT" time="428.861" errors="0">
  <testcase name="TC_홈_065_04" time="3.347" classname="NUGUAPP_003_홈.홈_06_디바이스컨트롤러"/>
  <testcase name="TC_홈_070" time="16.030" classname="NUGUAPP_003_홈.홈_06_디바이스컨트롤러"/>
  <testcase name="TC_홈_061" time="3.200" classname="NUGUAPP_003_홈.홈_06_디바이스컨트롤러"/>
  <testcase name="TC_홈_062" time="21.284" classname="NUGUAPP_003_홈.홈_06_디바이스컨트롤러"/>
  <testcase name="TC_홈_066" time="61.212" classname="NUGUAPP_003_홈.홈_06_디바이스컨트롤러"/>
  <testcase name="TC_홈_065_01" time="14.846" classname="NUGUAPP_003_홈.홈_06_디바이스컨트롤러"/>
  <testcase name="TC_홈_063_form_064" time="44.500" classname="NUGUAPP_003_홈.홈_06_디바이스컨트롤러"/>
  <testcase name="TC_홈_060" time="2.686" classname="NUGUAPP_003_홈.홈_06_디바이스컨트롤러"/>
  <testcase name="TC_홈_054" time="20.390" classname="NUGUAPP_003_홈.홈_06_디바이스컨트롤러"/>
  <testcase name="TC_홈_071_03" time="6.018" classname="NUGUAPP_003_홈.홈_06_디바이스컨트롤러"/>
  <testcase name="TC_홈_065_02" time="27.446" classname="NUGUAPP_003_홈.홈_06_디바이스컨트롤러"/>
  <testcase name="TC_홈_071_02" time="1.179" classname="NUGUAPP_003_홈.홈_06_디바이스컨트롤러"/>
  <testcase name="TC_홈_065_03" time="31.937" classname="NUGUAPP_003_홈.홈_06_디바이스컨트롤러"/>
  <testcase name="TC_홈_068_And_070" time="3.237" classname="NUGUAPP_003_홈.홈_06_디바이스컨트롤러"/>
  <testcase name="TC_홈_065_05" time="35.194" classname="NUGUAPP_003_홈.홈_06_디바이스컨트롤러"/>
  <testcase name="TC_홈_069_01" time="22.440" classname="NUGUAPP_003_홈.홈_06_디바이스컨트롤러"/>
  <testcase name="TC_홈_071_01" time="18.271" classname="NUGUAPP_003_홈.홈_06_디바이스컨트롤러"/>
  <testcase name="TC_홈_056" time="5.975" classname="NUGUAPP_003_홈.홈_06_디바이스컨트롤러"/>
  <testcase name="TC_홈_069_02_And_070" time="8.131" classname="NUGUAPP_003_홈.홈_06_디바이스컨트롤러"/>
  <testcase name="TC_홈_055" time="36.619" classname="NUGUAPP_003_홈.홈_06_디바이스컨트롤러"/>
  <testcase name="TC_홈_067" time="24.108" classname="NUGUAPP_003_홈.홈_06_디바이스컨트롤러"/>
  <testcase name="TC_홈_058" time="7.727" classname="NUGUAPP_003_홈.홈_06_디바이스컨트롤러"/>
  <testcase name="TC_홈_059" time="9.844" classname="NUGUAPP_003_홈.홈_06_디바이스컨트롤러"/>
  <testcase name="TC_홈_057" time="3.240" classname="NUGUAPP_003_홈.홈_06_디바이스컨트롤러"/>
</testsuite> <!-- NUGUAPP_003_홈.홈_06_디바이스컨트롤러 -->
