<?xml version="1.0" encoding="UTF-8"?>
<!-- Generated by org.testng.reporters.JUnitReportReporter -->
<testsuite hostname="DESKTOP-UMRR3LS" name="NUGUAPP_004_메뉴.메뉴_02_주문내역" tests="13" failures="0" timestamp="9 Sep 2020 14:42:18 GMT" time="153.838" errors="0">
  <testcase name="TC_메뉴_025" time="20.375" classname="NUGUAPP_004_메뉴.메뉴_02_주문내역"/>
  <testcase name="TC_메뉴_018" time="32.156" classname="NUGUAPP_004_메뉴.메뉴_02_주문내역"/>
  <testcase name="TC_메뉴_013" time="4.520" classname="NUGUAPP_004_메뉴.메뉴_02_주문내역"/>
  <testcase name="TC_메뉴_020" time="26.896" classname="NUGUAPP_004_메뉴.메뉴_02_주문내역"/>
  <testcase name="TC_메뉴_014" time="5.375" classname="NUGUAPP_004_메뉴.메뉴_02_주문내역"/>
  <testcase name="TC_메뉴_016" time="2.682" classname="NUGUAPP_004_메뉴.메뉴_02_주문내역"/>
  <testcase name="TC_메뉴_010" time="34.481" classname="NUGUAPP_004_메뉴.메뉴_02_주문내역"/>
  <testcase name="TC_메뉴_015" time="2.662" classname="NUGUAPP_004_메뉴.메뉴_02_주문내역"/>
  <testcase name="TC_메뉴_012" time="3.149" classname="NUGUAPP_004_메뉴.메뉴_02_주문내역"/>
  <testcase name="TC_메뉴_019" time="5.992" classname="NUGUAPP_004_메뉴.메뉴_02_주문내역"/>
  <testcase name="TC_메뉴_017" time="2.068" classname="NUGUAPP_004_메뉴.메뉴_02_주문내역"/>
  <testcase name="TC_메뉴_024" time="5.498" classname="NUGUAPP_004_메뉴.메뉴_02_주문내역"/>
  <testcase name="TC_메뉴_011" time="7.984" classname="NUGUAPP_004_메뉴.메뉴_02_주문내역"/>
</testsuite> <!-- NUGUAPP_004_메뉴.메뉴_02_주문내역 -->
