<?xml version="1.0" encoding="UTF-8"?>
<!-- Generated by org.testng.reporters.JUnitReportReporter -->
<testsuite hostname="DESKTOP-UMRR3LS" name="NUGUAPP_001_실행.앱시작_01" tests="12" failures="0" timestamp="17 Jun 2020 05:19:09 GMT" time="325.711" errors="1">
  <testcase name="TC_앱실행_007" time="27.810" classname="NUGUAPP_001_실행.앱시작_01"/>
  <testcase name="TC_앱실행_008" time="2.353" classname="NUGUAPP_001_실행.앱시작_01"/>
  <testcase name="TC_앱실행_011" time="28.831" classname="NUGUAPP_001_실행.앱시작_01"/>
  <testcase name="TC_앱실행_021" time="13.168" classname="NUGUAPP_001_실행.앱시작_01"/>
  <testcase name="TC_앱실행_004" time="16.219" classname="NUGUAPP_001_실행.앱시작_01"/>
  <testcase name="TC_앱실행_005" time="1.524" classname="NUGUAPP_001_실행.앱시작_01"/>
  <testcase name="TC_앱실행_012_from_013" time="51.108" classname="NUGUAPP_001_실행.앱시작_01"/>
  <testcase name="TC_앱실행_017_from_018" time="46.653" classname="NUGUAPP_001_실행.앱시작_01"/>
  <testcase name="TC_앱실행_014_from_015" time="44.973" classname="NUGUAPP_001_실행.앱시작_01"/>
  <testcase name="TC_앱실행_020" time="12.093" classname="NUGUAPP_001_실행.앱시작_01">
    <error type="org.openqa.selenium.StaleElementReferenceException" message="androidx.test.uiautomator.StaleObjectException
For documentation on this error, please visit: http://seleniumhq.org/exceptions/stale_element_reference.html
Build info: version: &#039;3.14.0&#039;, revision: &#039;aacccce0&#039;, time: &#039;2018-08-02T20:19:58.91Z&#039;
System info: host: &#039;DESKTOP-UMRR3LS&#039;, ip: &#039;192.168.55.151&#039;, os.name: &#039;Windows 10&#039;, os.arch: &#039;amd64&#039;, os.version: &#039;10.0&#039;, java.version: &#039;1.8.0_251&#039;
Driver info: unit.Utilities
Capabilities {appActivity: com.skt.nugu.ui.LoginActivity, appPackage: com.skt.aladdin, autoAcceptAlerts: true, automationName: UIAutomator2, chromedriverArgs: {browserName: chrome, goog:chromeOptions: {args: [], extensions: [], w3c: false}}, chromedriverExecutable: C:\chromedriver_win32\chrom..., databaseEnabled: false, desired: {appActivity: com.skt.nugu.ui.LoginActivity, appPackage: com.skt.aladdin, autoAcceptAlerts: true, automationName: UIAutomator2, chromedriverArgs: {browserName: chrome, goog:chromeOptions: {args: [], extensions: [], w3c: false}}, chromedriverExecutable: C:\chromedriver_win32\chrom..., deviceName: Android, platformName: android, showChromedriverLog: true, udid: ce12160cb994301d04}, deviceApiLevel: 28, deviceManufacturer: samsung, deviceModel: SM-G955N, deviceName: ce12160cb994301d04, deviceScreenDensity: 420, deviceScreenSize: 1080x2220, deviceUDID: ce12160cb994301d04, javascriptEnabled: true, locationContextEnabled: false, networkConnectionEnabled: true, pixelRatio: 2.625, platform: LINUX, platformName: Android, platformVersion: 9, showChromedriverLog: true, statBarHeight: 63, takesScreenshot: true, udid: ce12160cb994301d04, viewportRect: {height: 2031, left: 0, top: 63, width: 1080}, warnings: {}, webStorageEnabled: false}
Session ID: ddac9672-10ef-4bdb-8fb3-68a189a80554">
      <![CDATA[org.openqa.selenium.StaleElementReferenceException: androidx.test.uiautomator.StaleObjectException
For documentation on this error, please visit: http://seleniumhq.org/exceptions/stale_element_reference.html
Build info: version: '3.14.0', revision: 'aacccce0', time: '2018-08-02T20:19:58.91Z'
System info: host: 'DESKTOP-UMRR3LS', ip: '192.168.55.151', os.name: 'Windows 10', os.arch: 'amd64', os.version: '10.0', java.version: '1.8.0_251'
Driver info: unit.Utilities
Capabilities {appActivity: com.skt.nugu.ui.LoginActivity, appPackage: com.skt.aladdin, autoAcceptAlerts: true, automationName: UIAutomator2, chromedriverArgs: {browserName: chrome, goog:chromeOptions: {args: [], extensions: [], w3c: false}}, chromedriverExecutable: C:\chromedriver_win32\chrom..., databaseEnabled: false, desired: {appActivity: com.skt.nugu.ui.LoginActivity, appPackage: com.skt.aladdin, autoAcceptAlerts: true, automationName: UIAutomator2, chromedriverArgs: {browserName: chrome, goog:chromeOptions: {args: [], extensions: [], w3c: false}}, chromedriverExecutable: C:\chromedriver_win32\chrom..., deviceName: Android, platformName: android, showChromedriverLog: true, udid: ce12160cb994301d04}, deviceApiLevel: 28, deviceManufacturer: samsung, deviceModel: SM-G955N, deviceName: ce12160cb994301d04, deviceScreenDensity: 420, deviceScreenSize: 1080x2220, deviceUDID: ce12160cb994301d04, javascriptEnabled: true, locationContextEnabled: false, networkConnectionEnabled: true, pixelRatio: 2.625, platform: LINUX, platformName: Android, platformVersion: 9, showChromedriverLog: true, statBarHeight: 63, takesScreenshot: true, udid: ce12160cb994301d04, viewportRect: {height: 2031, left: 0, top: 63, width: 1080}, warnings: {}, webStorageEnabled: false}
Session ID: ddac9672-10ef-4bdb-8fb3-68a189a80554
	at sun.reflect.NativeConstructorAccessorImpl.newInstance0(Native Method)
	at sun.reflect.NativeConstructorAccessorImpl.newInstance(Unknown Source)
	at sun.reflect.DelegatingConstructorAccessorImpl.newInstance(Unknown Source)
	at java.lang.reflect.Constructor.newInstance(Unknown Source)
	at org.openqa.selenium.remote.http.W3CHttpResponseCodec.createException(W3CHttpResponseCodec.java:187)
	at org.openqa.selenium.remote.http.W3CHttpResponseCodec.decode(W3CHttpResponseCodec.java:122)
	at org.openqa.selenium.remote.http.W3CHttpResponseCodec.decode(W3CHttpResponseCodec.java:49)
	at org.openqa.selenium.remote.HttpCommandExecutor.execute(HttpCommandExecutor.java:158)
	at io.appium.java_client.remote.AppiumCommandExecutor.execute(AppiumCommandExecutor.java:239)
	at org.openqa.selenium.remote.RemoteWebDriver.execute(RemoteWebDriver.java:548)
	at io.appium.java_client.DefaultGenericMobileDriver.execute(DefaultGenericMobileDriver.java:41)
	at io.appium.java_client.AppiumDriver.execute(AppiumDriver.java:1)
	at io.appium.java_client.android.AndroidDriver.execute(AndroidDriver.java:1)
	at unit.Utilities.execute(Utilities.java:1)
	at org.openqa.selenium.remote.RemoteWebElement.execute(RemoteWebElement.java:276)
	at io.appium.java_client.DefaultGenericMobileElement.execute(DefaultGenericMobileElement.java:45)
	at io.appium.java_client.MobileElement.execute(MobileElement.java:1)
	at io.appium.java_client.android.AndroidElement.execute(AndroidElement.java:1)
	at org.openqa.selenium.remote.RemoteWebElement.isDisplayed(RemoteWebElement.java:317)
	at unit.Utilities.isElementPresent(Utilities.java:528)
	at unit.Utilities.ProgressBar_Loading(Utilities.java:1257)
	at NUGUAPP_001_실행.앱시작_01.TC_앱실행_020(앱시작_01.java:423)
	at sun.reflect.NativeMethodAccessorImpl.invoke0(Native Method)
	at sun.reflect.NativeMethodAccessorImpl.invoke(Unknown Source)
	at sun.reflect.DelegatingMethodAccessorImpl.invoke(Unknown Source)
	at java.lang.reflect.Method.invoke(Unknown Source)
	at org.testng.internal.MethodInvocationHelper.invokeMethod(MethodInvocationHelper.java:86)
	at org.testng.internal.Invoker.invokeMethod(Invoker.java:643)
	at org.testng.internal.Invoker.invokeTestMethod(Invoker.java:820)
	at org.testng.internal.Invoker.invokeTestMethods(Invoker.java:1128)
	at org.testng.internal.TestMethodWorker.invokeTestMethods(TestMethodWorker.java:129)
	at org.testng.internal.TestMethodWorker.run(TestMethodWorker.java:112)
	at org.testng.TestRunner.privateRun(TestRunner.java:782)
	at org.testng.TestRunner.run(TestRunner.java:632)
	at org.testng.SuiteRunner.runTest(SuiteRunner.java:366)
	at org.testng.SuiteRunner.access$000(SuiteRunner.java:39)
	at org.testng.SuiteRunner$SuiteWorker.run(SuiteRunner.java:400)
	at org.testng.internal.thread.ThreadUtil$2.call(ThreadUtil.java:64)
	at java.util.concurrent.FutureTask.run(Unknown Source)
	at java.util.concurrent.ThreadPoolExecutor.runWorker(Unknown Source)
	at java.util.concurrent.ThreadPoolExecutor$Worker.run(Unknown Source)
	at java.lang.Thread.run(Unknown Source)
]]>
    </error>
  </testcase> <!-- TC_앱실행_020 -->
  <testcase name="TC_앱실행_010" time="23.546" classname="NUGUAPP_001_실행.앱시작_01"/>
  <testcase name="TC_앱실행_016" time="57.433" classname="NUGUAPP_001_실행.앱시작_01"/>
</testsuite> <!-- NUGUAPP_001_실행.앱시작_01 -->
