<?xml version="1.0" encoding="UTF-8"?>
<!-- Generated by org.testng.reporters.JUnitReportReporter -->
<testsuite hostname="DESKTOP-UMRR3LS" name="NUGUAPP_002_연결.연결_03_NUGU_candle" tests="18" failures="0" timestamp="3 Jul 2020 01:24:26 GMT" time="129.935" errors="0">
  <testcase name="TC_연결_149" time="1.590" classname="NUGUAPP_002_연결.연결_03_NUGU_candle"/>
  <testcase name="TC_연결_131" time="2.507" classname="NUGUAPP_002_연결.연결_03_NUGU_candle"/>
  <testcase name="TC_연결_134" time="3.276" classname="NUGUAPP_002_연결.연결_03_NUGU_candle"/>
  <testcase name="TC_연결_133" time="7.144" classname="NUGUAPP_002_연결.연결_03_NUGU_candle"/>
  <testcase name="TC_연결_139" time="5.361" classname="NUGUAPP_002_연결.연결_03_NUGU_candle"/>
  <testcase name="TC_연결_154_form_155" time="12.339" classname="NUGUAPP_002_연결.연결_03_NUGU_candle"/>
  <testcase name="TC_연결_126" time="5.105" classname="NUGUAPP_002_연결.연결_03_NUGU_candle"/>
  <testcase name="TC_연결_136" time="7.266" classname="NUGUAPP_002_연결.연결_03_NUGU_candle"/>
  <testcase name="TC_연결_151" time="18.563" classname="NUGUAPP_002_연결.연결_03_NUGU_candle"/>
  <testcase name="TC_연결_137" time="3.853" classname="NUGUAPP_002_연결.연결_03_NUGU_candle"/>
  <testcase name="TC_연결_128_form_130" time="10.981" classname="NUGUAPP_002_연결.연결_03_NUGU_candle"/>
  <testcase name="TC_연결_150" time="2.308" classname="NUGUAPP_002_연결.연결_03_NUGU_candle"/>
  <testcase name="TC_연결_138" time="2.919" classname="NUGUAPP_002_연결.연결_03_NUGU_candle"/>
  <testcase name="TC_연결_123" time="33.369" classname="NUGUAPP_002_연결.연결_03_NUGU_candle"/>
  <testcase name="TC_연결_125" time="4.244" classname="NUGUAPP_002_연결.연결_03_NUGU_candle"/>
  <testcase name="TC_연결_135" time="4.044" classname="NUGUAPP_002_연결.연결_03_NUGU_candle"/>
  <testcase name="TC_연결_127" time="2.134" classname="NUGUAPP_002_연결.연결_03_NUGU_candle"/>
  <testcase name="TC_연결_124" time="2.932" classname="NUGUAPP_002_연결.연결_03_NUGU_candle"/>
</testsuite> <!-- NUGUAPP_002_연결.연결_03_NUGU_candle -->
