<?xml version="1.0" encoding="UTF-8"?>
<!-- Generated by org.testng.reporters.JUnitReportReporter -->
<testsuite hostname="DESKTOP-UMRR3LS" name="NUGUAPP_003_홈.홈_10_Footer" tests="4" failures="0" timestamp="9 Sep 2020 14:42:18 GMT" time="49.211" errors="0">
  <testcase name="TC_홈_132" time="37.502" classname="NUGUAPP_003_홈.홈_10_Footer"/>
  <testcase name="TC_홈_134" time="6.271" classname="NUGUAPP_003_홈.홈_10_Footer"/>
  <testcase name="TC_홈_133" time="3.379" classname="NUGUAPP_003_홈.홈_10_Footer"/>
  <testcase name="TC_홈_135" time="2.059" classname="NUGUAPP_003_홈.홈_10_Footer"/>
</testsuite> <!-- NUGUAPP_003_홈.홈_10_Footer -->
