<?xml version="1.0" encoding="UTF-8"?>
<!-- Generated by org.testng.reporters.JUnitReportReporter -->
<testsuite hostname="SKT1112049PN002" name="NUGUAPP_003_홈.홈_09_미디어컨트롤러상세" tests="23" failures="0" timestamp="12 Oct 2020 08:47:31 GMT" time="676.073" errors="0">
  <testcase name="TC_홈_118" time="23.968" classname="NUGUAPP_003_홈.홈_09_미디어컨트롤러상세"/>
  <testcase name="TC_홈_114" time="18.339" classname="NUGUAPP_003_홈.홈_09_미디어컨트롤러상세"/>
  <testcase name="TC_홈_110" time="15.704" classname="NUGUAPP_003_홈.홈_09_미디어컨트롤러상세"/>
  <testcase name="TC_홈_119" time="49.112" classname="NUGUAPP_003_홈.홈_09_미디어컨트롤러상세"/>
  <testcase name="TC_홈_107" time="17.510" classname="NUGUAPP_003_홈.홈_09_미디어컨트롤러상세"/>
  <testcase name="TC_홈_112" time="14.629" classname="NUGUAPP_003_홈.홈_09_미디어컨트롤러상세"/>
  <testcase name="TC_홈_128" time="30.260" classname="NUGUAPP_003_홈.홈_09_미디어컨트롤러상세"/>
  <testcase name="TC_홈_106" time="50.054" classname="NUGUAPP_003_홈.홈_09_미디어컨트롤러상세"/>
  <testcase name="TC_홈_117" time="18.031" classname="NUGUAPP_003_홈.홈_09_미디어컨트롤러상세"/>
  <testcase name="TC_홈_131" time="54.712" classname="NUGUAPP_003_홈.홈_09_미디어컨트롤러상세"/>
  <testcase name="TC_홈_124" time="13.751" classname="NUGUAPP_003_홈.홈_09_미디어컨트롤러상세"/>
  <testcase name="TC_홈_129" time="22.513" classname="NUGUAPP_003_홈.홈_09_미디어컨트롤러상세"/>
  <testcase name="TC_홈_108" time="18.667" classname="NUGUAPP_003_홈.홈_09_미디어컨트롤러상세"/>
  <testcase name="TC_홈_113" time="17.097" classname="NUGUAPP_003_홈.홈_09_미디어컨트롤러상세"/>
  <testcase name="TC_홈_111" time="18.518" classname="NUGUAPP_003_홈.홈_09_미디어컨트롤러상세"/>
  <testcase name="TC_홈_126" time="40.501" classname="NUGUAPP_003_홈.홈_09_미디어컨트롤러상세"/>
  <testcase name="TC_홈_130" time="75.119" classname="NUGUAPP_003_홈.홈_09_미디어컨트롤러상세"/>
  <testcase name="TC_홈_123" time="14.593" classname="NUGUAPP_003_홈.홈_09_미디어컨트롤러상세"/>
  <testcase name="TC_홈_109" time="33.992" classname="NUGUAPP_003_홈.홈_09_미디어컨트롤러상세"/>
  <testcase name="TC_홈_122" time="32.264" classname="NUGUAPP_003_홈.홈_09_미디어컨트롤러상세"/>
  <testcase name="TC_홈_115" time="29.069" classname="NUGUAPP_003_홈.홈_09_미디어컨트롤러상세"/>
  <testcase name="TC_홈_125" time="40.341" classname="NUGUAPP_003_홈.홈_09_미디어컨트롤러상세"/>
  <testcase name="TC_홈_127" time="27.329" classname="NUGUAPP_003_홈.홈_09_미디어컨트롤러상세"/>
</testsuite> <!-- NUGUAPP_003_홈.홈_09_미디어컨트롤러상세 -->
