<?xml version="1.0" encoding="UTF-8"?>
<!-- Generated by org.testng.reporters.JUnitReportReporter -->
<testsuite hostname="DESKTOP-UMRR3LS" name="NUGUAPP_004_메뉴.메뉴_02_주문내역" tests="13" failures="0" timestamp="14 Sep 2020 15:46:02 GMT" time="125.709" errors="0">
  <testcase name="TC_메뉴_020" time="18.282" classname="NUGUAPP_004_메뉴.메뉴_02_주문내역"/>
  <testcase name="TC_메뉴_019" time="5.331" classname="NUGUAPP_004_메뉴.메뉴_02_주문내역"/>
  <testcase name="TC_메뉴_025" time="16.452" classname="NUGUAPP_004_메뉴.메뉴_02_주문내역"/>
  <testcase name="TC_메뉴_016" time="2.692" classname="NUGUAPP_004_메뉴.메뉴_02_주문내역"/>
  <testcase name="TC_메뉴_010" time="30.938" classname="NUGUAPP_004_메뉴.메뉴_02_주문내역"/>
  <testcase name="TC_메뉴_012" time="2.698" classname="NUGUAPP_004_메뉴.메뉴_02_주문내역"/>
  <testcase name="TC_메뉴_014" time="4.992" classname="NUGUAPP_004_메뉴.메뉴_02_주문내역"/>
  <testcase name="TC_메뉴_018" time="21.888" classname="NUGUAPP_004_메뉴.메뉴_02_주문내역"/>
  <testcase name="TC_메뉴_024" time="5.096" classname="NUGUAPP_004_메뉴.메뉴_02_주문내역"/>
  <testcase name="TC_메뉴_013" time="4.107" classname="NUGUAPP_004_메뉴.메뉴_02_주문내역"/>
  <testcase name="TC_메뉴_011" time="9.343" classname="NUGUAPP_004_메뉴.메뉴_02_주문내역"/>
  <testcase name="TC_메뉴_017" time="1.323" classname="NUGUAPP_004_메뉴.메뉴_02_주문내역"/>
  <testcase name="TC_메뉴_015" time="2.567" classname="NUGUAPP_004_메뉴.메뉴_02_주문내역"/>
</testsuite> <!-- NUGUAPP_004_메뉴.메뉴_02_주문내역 -->
