<?xml version="1.0" encoding="UTF-8"?>
<!-- Generated by org.testng.reporters.JUnitReportReporter -->
<testsuite hostname="SKT1112049PN002" name="NUGUAPP_002_연결.연결_01_NUGU" tests="22" failures="0" timestamp="12 Oct 2020 06:19:41 GMT" time="201.729" errors="1">
  <testcase name="TC_연결_017" time="2.518" classname="NUGUAPP_002_연결.연결_01_NUGU"/>
  <testcase name="TC_연결_041" time="3.776" classname="NUGUAPP_002_연결.연결_01_NUGU"/>
  <testcase name="TC_연결_009" time="3.066" classname="NUGUAPP_002_연결.연결_01_NUGU"/>
  <testcase name="TC_연결_011" time="4.891" classname="NUGUAPP_002_연결.연결_01_NUGU"/>
  <testcase name="TC_연결_024" time="3.573" classname="NUGUAPP_002_연결.연결_01_NUGU"/>
  <testcase name="TC_연결_025_and_039" time="5.544" classname="NUGUAPP_002_연결.연결_01_NUGU"/>
  <testcase name="TC_연결_004" time="17.826" classname="NUGUAPP_002_연결.연결_01_NUGU"/>
  <testcase name="TC_연결_012" time="8.117" classname="NUGUAPP_002_연결.연결_01_NUGU"/>
  <testcase name="TC_연결_045" time="14.010" classname="NUGUAPP_002_연결.연결_01_NUGU"/>
  <testcase name="TC_연결_010" time="1.486" classname="NUGUAPP_002_연결.연결_01_NUGU"/>
  <testcase name="TC_연결_021" time="3.138" classname="NUGUAPP_002_연결.연결_01_NUGU"/>
  <testcase name="TC_연결_001_from_002" time="46.569" classname="NUGUAPP_002_연결.연결_01_NUGU"/>
  <testcase name="TC_연결_022" time="7.154" classname="NUGUAPP_002_연결.연결_01_NUGU"/>
  <testcase name="TC_연결_040" time="1.867" classname="NUGUAPP_002_연결.연결_01_NUGU"/>
  <testcase name="TC_연결_003" time="30.879" classname="NUGUAPP_002_연결.연결_01_NUGU"/>
  <testcase name="TC_연결_042" time="3.030" classname="NUGUAPP_002_연결.연결_01_NUGU"/>
  <testcase name="TC_연결_023" time="4.365" classname="NUGUAPP_002_연결.연결_01_NUGU"/>
  <testcase name="TC_연결_020" time="3.118" classname="NUGUAPP_002_연결.연결_01_NUGU"/>
  <testcase name="TC_연결_013" time="1.934" classname="NUGUAPP_002_연결.연결_01_NUGU"/>
  <testcase name="TC_연결_019" time="5.786" classname="NUGUAPP_002_연결.연결_01_NUGU"/>
  <testcase name="TC_연결_014_form_016" time="12.879" classname="NUGUAPP_002_연결.연결_01_NUGU"/>
  <testcase name="TC_연결_044" time="16.203" classname="NUGUAPP_002_연결.연결_01_NUGU">
    <error type="org.testng.SkipException" message="연결 가능한 디바이스 있음. Test Skip">
      <![CDATA[org.testng.SkipException: 연결 가능한 디바이스 있음. Test Skip
	at NUGUAPP_002_연결.연결_01_NUGU.TC_연결_044(연결_01_NUGU.java:509)
	at sun.reflect.NativeMethodAccessorImpl.invoke0(Native Method)
	at sun.reflect.NativeMethodAccessorImpl.invoke(Unknown Source)
	at sun.reflect.DelegatingMethodAccessorImpl.invoke(Unknown Source)
	at java.lang.reflect.Method.invoke(Unknown Source)
	at org.testng.internal.MethodInvocationHelper.invokeMethod(MethodInvocationHelper.java:86)
	at org.testng.internal.Invoker.invokeMethod(Invoker.java:643)
	at org.testng.internal.Invoker.invokeTestMethod(Invoker.java:820)
	at org.testng.internal.Invoker.invokeTestMethods(Invoker.java:1128)
	at org.testng.internal.TestMethodWorker.invokeTestMethods(TestMethodWorker.java:129)
	at org.testng.internal.TestMethodWorker.run(TestMethodWorker.java:112)
	at org.testng.TestRunner.privateRun(TestRunner.java:782)
	at org.testng.TestRunner.run(TestRunner.java:632)
	at org.testng.SuiteRunner.runTest(SuiteRunner.java:366)
	at org.testng.SuiteRunner.access$000(SuiteRunner.java:39)
	at org.testng.SuiteRunner$SuiteWorker.run(SuiteRunner.java:400)
	at org.testng.internal.thread.ThreadUtil$2.call(ThreadUtil.java:64)
	at java.util.concurrent.FutureTask.run(Unknown Source)
	at java.util.concurrent.ThreadPoolExecutor.runWorker(Unknown Source)
	at java.util.concurrent.ThreadPoolExecutor$Worker.run(Unknown Source)
	at java.lang.Thread.run(Unknown Source)
]]>
    </error>
  </testcase> <!-- TC_연결_044 -->
</testsuite> <!-- NUGUAPP_002_연결.연결_01_NUGU -->
