<?xml version="1.0" encoding="UTF-8"?>
<!-- Generated by org.testng.reporters.JUnitReportReporter -->
<testsuite hostname="SKT1112049PN002" name="NUGUAPP_004_메뉴.메뉴_04_구매내역" tests="10" failures="0" timestamp="12 Oct 2020 08:47:31 GMT" time="189.329" errors="0">
  <testcase name="TC_메뉴_056" time="3.840" classname="NUGUAPP_004_메뉴.메뉴_04_구매내역"/>
  <testcase name="TC_메뉴_052" time="48.603" classname="NUGUAPP_004_메뉴.메뉴_04_구매내역"/>
  <testcase name="TC_메뉴_054" time="3.937" classname="NUGUAPP_004_메뉴.메뉴_04_구매내역"/>
  <testcase name="TC_메뉴_055" time="9.129" classname="NUGUAPP_004_메뉴.메뉴_04_구매내역"/>
  <testcase name="TC_메뉴_061" time="43.530" classname="NUGUAPP_004_메뉴.메뉴_04_구매내역"/>
  <testcase name="TC_메뉴_060" time="6.157" classname="NUGUAPP_004_메뉴.메뉴_04_구매내역"/>
  <testcase name="TC_메뉴_057" time="20.726" classname="NUGUAPP_004_메뉴.메뉴_04_구매내역"/>
  <testcase name="TC_메뉴_063" time="11.167" classname="NUGUAPP_004_메뉴.메뉴_04_구매내역"/>
  <testcase name="TC_메뉴_053" time="0.711" classname="NUGUAPP_004_메뉴.메뉴_04_구매내역"/>
  <testcase name="TC_메뉴_064" time="41.529" classname="NUGUAPP_004_메뉴.메뉴_04_구매내역"/>
</testsuite> <!-- NUGUAPP_004_메뉴.메뉴_04_구매내역 -->
