<?xml version="1.0" encoding="UTF-8"?>
<!-- Generated by org.testng.reporters.JUnitReportReporter -->
<testsuite hostname="DESKTOP-UMRR3LS" name="NUGUAPP_002_연결.연결_05_NUGU_Btv" tests="6" failures="0" timestamp="3 Jul 2020 01:24:26 GMT" time="63.988" errors="0">
  <testcase name="TC_연결_218" time="36.773" classname="NUGUAPP_002_연결.연결_05_NUGU_Btv"/>
  <testcase name="TC_연결_224" time="2.712" classname="NUGUAPP_002_연결.연결_05_NUGU_Btv"/>
  <testcase name="TC_연결_219" time="3.383" classname="NUGUAPP_002_연결.연결_05_NUGU_Btv"/>
  <testcase name="TC_연결_225" time="12.687" classname="NUGUAPP_002_연결.연결_05_NUGU_Btv"/>
  <testcase name="TC_연결_220" time="5.059" classname="NUGUAPP_002_연결.연결_05_NUGU_Btv"/>
  <testcase name="TC_연결_226" time="3.374" classname="NUGUAPP_002_연결.연결_05_NUGU_Btv"/>
</testsuite> <!-- NUGUAPP_002_연결.연결_05_NUGU_Btv -->
