<?xml version="1.0" encoding="UTF-8"?>
<!-- Generated by org.testng.reporters.JUnitReportReporter -->
<testsuite hostname="DESKTOP-UMRR3LS" name="NUGUAPP_003_홈.홈_04_최근인기대화" tests="1" failures="0" timestamp="30 Aug 2020 13:09:08 GMT" time="42.610" errors="0">
  <testcase name="TC_홈_038_01" time="42.610" classname="NUGUAPP_003_홈.홈_04_최근인기대화"/>
</testsuite> <!-- NUGUAPP_003_홈.홈_04_최근인기대화 -->
