<?xml version="1.0" encoding="UTF-8"?>
<!-- Generated by org.testng.reporters.JUnitReportReporter -->
<testsuite hostname="SKT1112049PN002" name="NUGUAPP_004_메뉴.메뉴_06_연결된다비이스표시" tests="10" failures="0" timestamp="12 Oct 2020 11:28:37 GMT" time="398.505" errors="0">
  <testcase name="TC_메뉴_095" time="100.518" classname="NUGUAPP_004_메뉴.메뉴_06_연결된다비이스표시"/>
  <testcase name="TC_메뉴_089" time="65.024" classname="NUGUAPP_004_메뉴.메뉴_06_연결된다비이스표시"/>
  <testcase name="TC_메뉴_093" time="11.364" classname="NUGUAPP_004_메뉴.메뉴_06_연결된다비이스표시"/>
  <testcase name="TC_메뉴_085" time="36.816" classname="NUGUAPP_004_메뉴.메뉴_06_연결된다비이스표시"/>
  <testcase name="TC_메뉴_096" time="4.159" classname="NUGUAPP_004_메뉴.메뉴_06_연결된다비이스표시"/>
  <testcase name="TC_메뉴_092" time="32.221" classname="NUGUAPP_004_메뉴.메뉴_06_연결된다비이스표시"/>
  <testcase name="TC_메뉴_094" time="76.564" classname="NUGUAPP_004_메뉴.메뉴_06_연결된다비이스표시"/>
  <testcase name="TC_메뉴_086" time="13.404" classname="NUGUAPP_004_메뉴.메뉴_06_연결된다비이스표시"/>
  <testcase name="TC_메뉴_090" time="33.203" classname="NUGUAPP_004_메뉴.메뉴_06_연결된다비이스표시"/>
  <testcase name="TC_메뉴_097" time="25.232" classname="NUGUAPP_004_메뉴.메뉴_06_연결된다비이스표시"/>
</testsuite> <!-- NUGUAPP_004_메뉴.메뉴_06_연결된다비이스표시 -->
