<?xml version="1.0" encoding="UTF-8"?>
<!-- Generated by org.testng.reporters.JUnitReportReporter -->
<testsuite hostname="DESKTOP-UMRR3LS" name="NUGUAPP_003_홈.홈_02_홈카드" tests="3" failures="0" timestamp="10 Oct 2020 17:47:18 GMT" time="105.164" errors="0">
  <testcase name="TC_홈_004" time="73.574" classname="NUGUAPP_003_홈.홈_02_홈카드"/>
  <testcase name="TC_홈_003" time="6.401" classname="NUGUAPP_003_홈.홈_02_홈카드"/>
  <testcase name="TC_홈_002" time="25.189" classname="NUGUAPP_003_홈.홈_02_홈카드"/>
</testsuite> <!-- NUGUAPP_003_홈.홈_02_홈카드 -->
