<?xml version="1.0" encoding="UTF-8"?>
<!-- Generated by org.testng.reporters.JUnitReportReporter -->
<testsuite hostname="SKT1112049PN002" name="NUGUAPP_003_홈.홈_08_디바이스컨트롤러상세" tests="19" failures="0" timestamp="12 Oct 2020 07:41:13 GMT" time="500.878" errors="0">
  <testcase name="TC_홈_083" time="21.271" classname="NUGUAPP_003_홈.홈_08_디바이스컨트롤러상세"/>
  <testcase name="TC_홈_100" time="69.832" classname="NUGUAPP_003_홈.홈_08_디바이스컨트롤러상세"/>
  <testcase name="TC_홈_081" time="0.902" classname="NUGUAPP_003_홈.홈_08_디바이스컨트롤러상세"/>
  <testcase name="TC_홈_093" time="13.691" classname="NUGUAPP_003_홈.홈_08_디바이스컨트롤러상세"/>
  <testcase name="TC_홈_096" time="14.947" classname="NUGUAPP_003_홈.홈_08_디바이스컨트롤러상세"/>
  <testcase name="TC_홈_103" time="30.974" classname="NUGUAPP_003_홈.홈_08_디바이스컨트롤러상세"/>
  <testcase name="TC_홈_091" time="12.801" classname="NUGUAPP_003_홈.홈_08_디바이스컨트롤러상세"/>
  <testcase name="TC_홈_098" time="16.766" classname="NUGUAPP_003_홈.홈_08_디바이스컨트롤러상세"/>
  <testcase name="TC_홈_101" time="21.716" classname="NUGUAPP_003_홈.홈_08_디바이스컨트롤러상세"/>
  <testcase name="TC_홈_080" time="39.442" classname="NUGUAPP_003_홈.홈_08_디바이스컨트롤러상세"/>
  <testcase name="TC_홈_102" time="97.408" classname="NUGUAPP_003_홈.홈_08_디바이스컨트롤러상세"/>
  <testcase name="TC_홈_085" time="13.941" classname="NUGUAPP_003_홈.홈_08_디바이스컨트롤러상세"/>
  <testcase name="TC_홈_088" time="3.776" classname="NUGUAPP_003_홈.홈_08_디바이스컨트롤러상세"/>
  <testcase name="TC_홈_104" time="43.107" classname="NUGUAPP_003_홈.홈_08_디바이스컨트롤러상세"/>
  <testcase name="TC_홈_099" time="12.657" classname="NUGUAPP_003_홈.홈_08_디바이스컨트롤러상세"/>
  <testcase name="TC_홈_092" time="12.767" classname="NUGUAPP_003_홈.홈_08_디바이스컨트롤러상세"/>
  <testcase name="TC_홈_087" time="26.356" classname="NUGUAPP_003_홈.홈_08_디바이스컨트롤러상세"/>
  <testcase name="TC_홈_090" time="31.492" classname="NUGUAPP_003_홈.홈_08_디바이스컨트롤러상세"/>
  <testcase name="TC_홈_097" time="17.032" classname="NUGUAPP_003_홈.홈_08_디바이스컨트롤러상세"/>
</testsuite> <!-- NUGUAPP_003_홈.홈_08_디바이스컨트롤러상세 -->
