<?xml version="1.0" encoding="UTF-8"?>
<!-- Generated by org.testng.reporters.JUnitReportReporter -->
<testsuite hostname="DESKTOP-UMRR3LS" name="NUGUAPP_004_메뉴.메뉴_03_이용권" tests="18" failures="0" timestamp="9 Sep 2020 15:14:22 GMT" time="336.791" errors="1">
  <testcase name="TC_메뉴_044" time="36.639" classname="NUGUAPP_004_메뉴.메뉴_03_이용권"/>
  <testcase name="TC_메뉴_046_from_047" time="1.128" classname="NUGUAPP_004_메뉴.메뉴_03_이용권"/>
  <testcase name="TC_메뉴_048" time="4.958" classname="NUGUAPP_004_메뉴.메뉴_03_이용권"/>
  <testcase name="TC_메뉴_043" time="36.054" classname="NUGUAPP_004_메뉴.메뉴_03_이용권"/>
  <testcase name="TC_메뉴_034" time="0.689" classname="NUGUAPP_004_메뉴.메뉴_03_이용권"/>
  <testcase name="TC_메뉴_045" time="3.663" classname="NUGUAPP_004_메뉴.메뉴_03_이용권"/>
  <testcase name="TC_메뉴_041" time="22.487" classname="NUGUAPP_004_메뉴.메뉴_03_이용권"/>
  <testcase name="TC_메뉴_030" time="17.555" classname="NUGUAPP_004_메뉴.메뉴_03_이용권"/>
  <testcase name="TC_메뉴_029" time="3.223" classname="NUGUAPP_004_메뉴.메뉴_03_이용권"/>
  <testcase name="TC_메뉴_040" time="35.068" classname="NUGUAPP_004_메뉴.메뉴_03_이용권"/>
  <testcase name="TC_메뉴_031" time="1.458" classname="NUGUAPP_004_메뉴.메뉴_03_이용권"/>
  <testcase name="TC_메뉴_039" time="56.230" classname="NUGUAPP_004_메뉴.메뉴_03_이용권"/>
  <testcase name="TC_메뉴_042" time="4.013" classname="NUGUAPP_004_메뉴.메뉴_03_이용권"/>
  <testcase name="TC_메뉴_037" time="12.545" classname="NUGUAPP_004_메뉴.메뉴_03_이용권"/>
  <testcase name="TC_메뉴_028" time="41.888" classname="NUGUAPP_004_메뉴.메뉴_03_이용권"/>
  <testcase name="TC_메뉴_038" time="48.962" classname="NUGUAPP_004_메뉴.메뉴_03_이용권">
    <error type="junit.framework.AssertionFailedError">
      <![CDATA[junit.framework.AssertionFailedError
	at junit.framework.Assert.fail(Assert.java:47)
	at junit.framework.Assert.assertTrue(Assert.java:20)
	at junit.framework.Assert.assertFalse(Assert.java:34)
	at junit.framework.Assert.assertFalse(Assert.java:41)
	at NUGUAPP_004_메뉴.메뉴_03_이용권.TC_메뉴_038(메뉴_03_이용권.java:243)
	at sun.reflect.NativeMethodAccessorImpl.invoke0(Native Method)
	at sun.reflect.NativeMethodAccessorImpl.invoke(Unknown Source)
	at sun.reflect.DelegatingMethodAccessorImpl.invoke(Unknown Source)
	at java.lang.reflect.Method.invoke(Unknown Source)
	at org.testng.internal.MethodInvocationHelper.invokeMethod(MethodInvocationHelper.java:86)
	at org.testng.internal.Invoker.invokeMethod(Invoker.java:643)
	at org.testng.internal.Invoker.invokeTestMethod(Invoker.java:820)
	at org.testng.internal.Invoker.invokeTestMethods(Invoker.java:1128)
	at org.testng.internal.TestMethodWorker.invokeTestMethods(TestMethodWorker.java:129)
	at org.testng.internal.TestMethodWorker.run(TestMethodWorker.java:112)
	at org.testng.TestRunner.privateRun(TestRunner.java:782)
	at org.testng.TestRunner.run(TestRunner.java:632)
	at org.testng.SuiteRunner.runTest(SuiteRunner.java:366)
	at org.testng.SuiteRunner.access$000(SuiteRunner.java:39)
	at org.testng.SuiteRunner$SuiteWorker.run(SuiteRunner.java:400)
	at org.testng.internal.thread.ThreadUtil$2.call(ThreadUtil.java:64)
	at java.util.concurrent.FutureTask.run(Unknown Source)
	at java.util.concurrent.ThreadPoolExecutor.runWorker(Unknown Source)
	at java.util.concurrent.ThreadPoolExecutor$Worker.run(Unknown Source)
	at java.lang.Thread.run(Unknown Source)
]]>
    </error>
  </testcase> <!-- TC_메뉴_038 -->
  <testcase name="TC_메뉴_036" time="7.697" classname="NUGUAPP_004_메뉴.메뉴_03_이용권"/>
  <testcase name="TC_메뉴_032" time="2.534" classname="NUGUAPP_004_메뉴.메뉴_03_이용권"/>
</testsuite> <!-- NUGUAPP_004_메뉴.메뉴_03_이용권 -->
