<?xml version="1.0" encoding="UTF-8"?>
<!-- Generated by org.testng.reporters.JUnitReportReporter -->
<testsuite hostname="DESKTOP-UMRR3LS" name="NUGUAPP_004_메뉴.메뉴_03_이용권" tests="20" failures="0" timestamp="11 Sep 2020 14:11:30 GMT" time="347.930" errors="0">
  <testcase name="TC_메뉴_034" time="0.681" classname="NUGUAPP_004_메뉴.메뉴_03_이용권"/>
  <testcase name="TC_메뉴_045" time="3.465" classname="NUGUAPP_004_메뉴.메뉴_03_이용권"/>
  <testcase name="TC_메뉴_046_from_047" time="0.271" classname="NUGUAPP_004_메뉴.메뉴_03_이용권"/>
  <testcase name="TC_메뉴_030" time="16.053" classname="NUGUAPP_004_메뉴.메뉴_03_이용권"/>
  <testcase name="TC_메뉴_042" time="3.743" classname="NUGUAPP_004_메뉴.메뉴_03_이용권"/>
  <testcase name="TC_메뉴_028" time="33.152" classname="NUGUAPP_004_메뉴.메뉴_03_이용권"/>
  <testcase name="TC_메뉴_043" time="27.550" classname="NUGUAPP_004_메뉴.메뉴_03_이용권"/>
  <testcase name="TC_메뉴_038" time="43.069" classname="NUGUAPP_004_메뉴.메뉴_03_이용권"/>
  <testcase name="TC_메뉴_039" time="54.067" classname="NUGUAPP_004_메뉴.메뉴_03_이용권"/>
  <testcase name="TC_메뉴_037" time="10.810" classname="NUGUAPP_004_메뉴.메뉴_03_이용권"/>
  <testcase name="TC_메뉴_048" time="4.477" classname="NUGUAPP_004_메뉴.메뉴_03_이용권"/>
  <testcase name="TC_메뉴_044" time="29.627" classname="NUGUAPP_004_메뉴.메뉴_03_이용권"/>
  <testcase name="TC_메뉴_040" time="29.969" classname="NUGUAPP_004_메뉴.메뉴_03_이용권"/>
  <testcase name="TC_메뉴_049" time="31.051" classname="NUGUAPP_004_메뉴.메뉴_03_이용권"/>
  <testcase name="TC_메뉴_032" time="3.418" classname="NUGUAPP_004_메뉴.메뉴_03_이용권"/>
  <testcase name="TC_메뉴_050" time="29.901" classname="NUGUAPP_004_메뉴.메뉴_03_이용권"/>
  <testcase name="TC_메뉴_029" time="2.383" classname="NUGUAPP_004_메뉴.메뉴_03_이용권"/>
  <testcase name="TC_메뉴_036" time="5.852" classname="NUGUAPP_004_메뉴.메뉴_03_이용권"/>
  <testcase name="TC_메뉴_041" time="16.872" classname="NUGUAPP_004_메뉴.메뉴_03_이용권"/>
  <testcase name="TC_메뉴_031" time="1.519" classname="NUGUAPP_004_메뉴.메뉴_03_이용권"/>
</testsuite> <!-- NUGUAPP_004_메뉴.메뉴_03_이용권 -->
