<?xml version="1.0" encoding="UTF-8"?>
<!-- Generated by org.testng.reporters.JUnitReportReporter -->
<testsuite hostname="SKT1112049PN002" name="NUGUAPP_003_홈.홈_06_디바이스컨트롤러" tests="8" failures="0" timestamp="15 Aug 2020 11:49:44 GMT" time="91.363" errors="0">
  <testcase name="TC_홈_061" time="3.715" classname="NUGUAPP_003_홈.홈_06_디바이스컨트롤러"/>
  <testcase name="TC_홈_060" time="1.679" classname="NUGUAPP_003_홈.홈_06_디바이스컨트롤러"/>
  <testcase name="TC_홈_059" time="9.175" classname="NUGUAPP_003_홈.홈_06_디바이스컨트롤러"/>
  <testcase name="TC_홈_055" time="37.291" classname="NUGUAPP_003_홈.홈_06_디바이스컨트롤러"/>
  <testcase name="TC_홈_058" time="3.700" classname="NUGUAPP_003_홈.홈_06_디바이스컨트롤러"/>
  <testcase name="TC_홈_054" time="25.329" classname="NUGUAPP_003_홈.홈_06_디바이스컨트롤러"/>
  <testcase name="TC_홈_056" time="7.459" classname="NUGUAPP_003_홈.홈_06_디바이스컨트롤러"/>
  <testcase name="TC_홈_057" time="3.015" classname="NUGUAPP_003_홈.홈_06_디바이스컨트롤러"/>
</testsuite> <!-- NUGUAPP_003_홈.홈_06_디바이스컨트롤러 -->
