<?xml version="1.0" encoding="UTF-8"?>
<!-- Generated by org.testng.reporters.JUnitReportReporter -->
<testsuite hostname="DESKTOP-UMRR3LS" name="NUGUAPP_002_연결.연결_08_NUGU_TmapforCar" tests="8" failures="0" timestamp="2 Jul 2020 09:32:11 GMT" time="135.922" errors="0">
  <testcase name="TC_연결_346_form_349" time="13.957" classname="NUGUAPP_002_연결.연결_08_NUGU_TmapforCar"/>
  <testcase name="TC_연결_338" time="30.997" classname="NUGUAPP_002_연결.연결_08_NUGU_TmapforCar"/>
  <testcase name="TC_연결_342" time="6.207" classname="NUGUAPP_002_연결.연결_08_NUGU_TmapforCar"/>
  <testcase name="TC_연결_344" time="16.858" classname="NUGUAPP_002_연결.연결_08_NUGU_TmapforCar"/>
  <testcase name="TC_연결_340" time="6.623" classname="NUGUAPP_002_연결.연결_08_NUGU_TmapforCar"/>
  <testcase name="TC_연결_341" time="5.629" classname="NUGUAPP_002_연결.연결_08_NUGU_TmapforCar"/>
  <testcase name="TC_연결_339" time="2.658" classname="NUGUAPP_002_연결.연결_08_NUGU_TmapforCar"/>
  <testcase name="TC_연결_343_and_362_form_371" time="52.993" classname="NUGUAPP_002_연결.연결_08_NUGU_TmapforCar"/>
</testsuite> <!-- NUGUAPP_002_연결.연결_08_NUGU_TmapforCar -->
