<?xml version="1.0" encoding="UTF-8"?>
<!-- Generated by org.testng.reporters.JUnitReportReporter -->
<testsuite hostname="DESKTOP-UMRR3LS" name="NUGUAPP_002_연결.연결_07_NUGU_Tmap" tests="2" failures="0" timestamp="3 Jul 2020 01:24:26 GMT" time="46.006" errors="0">
  <testcase name="TC_연결_334" time="29.354" classname="NUGUAPP_002_연결.연결_07_NUGU_Tmap"/>
  <testcase name="TC_연결_336" time="16.652" classname="NUGUAPP_002_연결.연결_07_NUGU_Tmap"/>
</testsuite> <!-- NUGUAPP_002_연결.연결_07_NUGU_Tmap -->
