<?xml version="1.0" encoding="UTF-8"?>
<!-- Generated by org.testng.reporters.JUnitReportReporter -->
<testsuite hostname="DESKTOP-UMRR3LS" name="NUGUAPP_003_홈.홈_08_디바이스컨트롤러상세" tests="19" failures="0" timestamp="10 Oct 2020 17:47:18 GMT" time="480.813" errors="0">
  <testcase name="TC_홈_103" time="31.947" classname="NUGUAPP_003_홈.홈_08_디바이스컨트롤러상세"/>
  <testcase name="TC_홈_100" time="70.268" classname="NUGUAPP_003_홈.홈_08_디바이스컨트롤러상세"/>
  <testcase name="TC_홈_081" time="0.438" classname="NUGUAPP_003_홈.홈_08_디바이스컨트롤러상세"/>
  <testcase name="TC_홈_090" time="31.471" classname="NUGUAPP_003_홈.홈_08_디바이스컨트롤러상세"/>
  <testcase name="TC_홈_092" time="12.905" classname="NUGUAPP_003_홈.홈_08_디바이스컨트롤러상세"/>
  <testcase name="TC_홈_088" time="3.509" classname="NUGUAPP_003_홈.홈_08_디바이스컨트롤러상세"/>
  <testcase name="TC_홈_101" time="21.932" classname="NUGUAPP_003_홈.홈_08_디바이스컨트롤러상세"/>
  <testcase name="TC_홈_093" time="13.176" classname="NUGUAPP_003_홈.홈_08_디바이스컨트롤러상세"/>
  <testcase name="TC_홈_087" time="24.412" classname="NUGUAPP_003_홈.홈_08_디바이스컨트롤러상세"/>
  <testcase name="TC_홈_080" time="38.443" classname="NUGUAPP_003_홈.홈_08_디바이스컨트롤러상세"/>
  <testcase name="TC_홈_099" time="13.386" classname="NUGUAPP_003_홈.홈_08_디바이스컨트롤러상세"/>
  <testcase name="TC_홈_104" time="43.151" classname="NUGUAPP_003_홈.홈_08_디바이스컨트롤러상세"/>
  <testcase name="TC_홈_085" time="8.924" classname="NUGUAPP_003_홈.홈_08_디바이스컨트롤러상세"/>
  <testcase name="TC_홈_096" time="15.016" classname="NUGUAPP_003_홈.홈_08_디바이스컨트롤러상세"/>
  <testcase name="TC_홈_102" time="86.301" classname="NUGUAPP_003_홈.홈_08_디바이스컨트롤러상세"/>
  <testcase name="TC_홈_083" time="19.262" classname="NUGUAPP_003_홈.홈_08_디바이스컨트롤러상세"/>
  <testcase name="TC_홈_097" time="17.372" classname="NUGUAPP_003_홈.홈_08_디바이스컨트롤러상세"/>
  <testcase name="TC_홈_091" time="13.096" classname="NUGUAPP_003_홈.홈_08_디바이스컨트롤러상세"/>
  <testcase name="TC_홈_098" time="15.804" classname="NUGUAPP_003_홈.홈_08_디바이스컨트롤러상세"/>
</testsuite> <!-- NUGUAPP_003_홈.홈_08_디바이스컨트롤러상세 -->
