<?xml version="1.0" encoding="UTF-8"?>
<!-- Generated by org.testng.reporters.JUnitReportReporter -->
<testsuite hostname="DESKTOP-UMRR3LS" name="NUGUAPP_002_연결.연결_01_NUGU" tests="22" failures="0" timestamp="19 Aug 2020 14:44:08 GMT" time="181.370" errors="0">
  <testcase name="TC_연결_042" time="3.290" classname="NUGUAPP_002_연결.연결_01_NUGU"/>
  <testcase name="TC_연결_014_form_016" time="11.937" classname="NUGUAPP_002_연결.연결_01_NUGU"/>
  <testcase name="TC_연결_017" time="2.419" classname="NUGUAPP_002_연결.연결_01_NUGU"/>
  <testcase name="TC_연결_011" time="4.708" classname="NUGUAPP_002_연결.연결_01_NUGU"/>
  <testcase name="TC_연결_044" time="18.227" classname="NUGUAPP_002_연결.연결_01_NUGU"/>
  <testcase name="TC_연결_045" time="12.290" classname="NUGUAPP_002_연결.연결_01_NUGU"/>
  <testcase name="TC_연결_020" time="3.070" classname="NUGUAPP_002_연결.연결_01_NUGU"/>
  <testcase name="TC_연결_022" time="6.674" classname="NUGUAPP_002_연결.연결_01_NUGU"/>
  <testcase name="TC_연결_021" time="3.179" classname="NUGUAPP_002_연결.연결_01_NUGU"/>
  <testcase name="TC_연결_041" time="3.708" classname="NUGUAPP_002_연결.연결_01_NUGU"/>
  <testcase name="TC_연결_003" time="28.691" classname="NUGUAPP_002_연결.연결_01_NUGU"/>
  <testcase name="TC_연결_009" time="2.883" classname="NUGUAPP_002_연결.연결_01_NUGU"/>
  <testcase name="TC_연결_012" time="7.416" classname="NUGUAPP_002_연결.연결_01_NUGU"/>
  <testcase name="TC_연결_040" time="1.437" classname="NUGUAPP_002_연결.연결_01_NUGU"/>
  <testcase name="TC_연결_019" time="5.413" classname="NUGUAPP_002_연결.연결_01_NUGU"/>
  <testcase name="TC_연결_010" time="1.472" classname="NUGUAPP_002_연결.연결_01_NUGU"/>
  <testcase name="TC_연결_013" time="1.815" classname="NUGUAPP_002_연결.연결_01_NUGU"/>
  <testcase name="TC_연결_001_from_002" time="35.819" classname="NUGUAPP_002_연결.연결_01_NUGU"/>
  <testcase name="TC_연결_025_and_039" time="5.153" classname="NUGUAPP_002_연결.연결_01_NUGU"/>
  <testcase name="TC_연결_024" time="3.474" classname="NUGUAPP_002_연결.연결_01_NUGU"/>
  <testcase name="TC_연결_004" time="14.864" classname="NUGUAPP_002_연결.연결_01_NUGU"/>
  <testcase name="TC_연결_023" time="3.431" classname="NUGUAPP_002_연결.연결_01_NUGU"/>
</testsuite> <!-- NUGUAPP_002_연결.연결_01_NUGU -->
