<?xml version="1.0" encoding="UTF-8"?>
<!-- Generated by org.testng.reporters.JUnitReportReporter -->
<testsuite hostname="DESKTOP-UMRR3LS" name="NUGUAPP_002_연결.연결_02_NUGU_mini" tests="15" failures="0" timestamp="19 Aug 2020 14:44:08 GMT" time="115.146" errors="0">
  <testcase name="TC_연결_090" time="2.437" classname="NUGUAPP_002_연결.연결_02_NUGU_mini"/>
  <testcase name="TC_연결_080" time="5.117" classname="NUGUAPP_002_연결.연결_02_NUGU_mini"/>
  <testcase name="TC_연결_092" time="11.938" classname="NUGUAPP_002_연결.연결_02_NUGU_mini"/>
  <testcase name="TC_연결_089" time="1.627" classname="NUGUAPP_002_연결.연결_02_NUGU_mini"/>
  <testcase name="TC_연결_076" time="5.866" classname="NUGUAPP_002_연결.연결_02_NUGU_mini"/>
  <testcase name="TC_연결_073_form_074" time="10.900" classname="NUGUAPP_002_연결.연결_02_NUGU_mini"/>
  <testcase name="TC_연결_075" time="2.574" classname="NUGUAPP_002_연결.연결_02_NUGU_mini"/>
  <testcase name="TC_연결_068" time="24.362" classname="NUGUAPP_002_연결.연결_02_NUGU_mini"/>
  <testcase name="TC_연결_071" time="4.422" classname="NUGUAPP_002_연결.연결_02_NUGU_mini"/>
  <testcase name="TC_연결_070" time="3.970" classname="NUGUAPP_002_연결.연결_02_NUGU_mini"/>
  <testcase name="TC_연결_077" time="6.034" classname="NUGUAPP_002_연결.연결_02_NUGU_mini"/>
  <testcase name="TC_연결_091" time="18.224" classname="NUGUAPP_002_연결.연결_02_NUGU_mini"/>
  <testcase name="TC_연결_072" time="1.998" classname="NUGUAPP_002_연결.연결_02_NUGU_mini"/>
  <testcase name="TC_연결_078_and_079" time="13.161" classname="NUGUAPP_002_연결.연결_02_NUGU_mini"/>
  <testcase name="TC_연결_069" time="2.516" classname="NUGUAPP_002_연결.연결_02_NUGU_mini"/>
</testsuite> <!-- NUGUAPP_002_연결.연결_02_NUGU_mini -->
