<?xml version="1.0" encoding="UTF-8"?>
<!-- Generated by org.testng.reporters.JUnitReportReporter -->
<testsuite hostname="DESKTOP-UMRR3LS" name="NUGUAPP_002_연결.연결_01_NUGU" tests="22" failures="0" timestamp="22 Aug 2020 08:51:33 GMT" time="189.763" errors="0">
  <testcase name="TC_연결_001_from_002" time="35.772" classname="NUGUAPP_002_연결.연결_01_NUGU"/>
  <testcase name="TC_연결_014_form_016" time="14.225" classname="NUGUAPP_002_연결.연결_01_NUGU"/>
  <testcase name="TC_연결_023" time="5.006" classname="NUGUAPP_002_연결.연결_01_NUGU"/>
  <testcase name="TC_연결_017" time="2.404" classname="NUGUAPP_002_연결.연결_01_NUGU"/>
  <testcase name="TC_연결_040" time="2.168" classname="NUGUAPP_002_연결.연결_01_NUGU"/>
  <testcase name="TC_연결_009" time="2.798" classname="NUGUAPP_002_연결.연결_01_NUGU"/>
  <testcase name="TC_연결_011" time="4.749" classname="NUGUAPP_002_연결.연결_01_NUGU"/>
  <testcase name="TC_연결_041" time="4.194" classname="NUGUAPP_002_연결.연결_01_NUGU"/>
  <testcase name="TC_연결_024" time="3.504" classname="NUGUAPP_002_연결.연결_01_NUGU"/>
  <testcase name="TC_연결_019" time="5.973" classname="NUGUAPP_002_연결.연결_01_NUGU"/>
  <testcase name="TC_연결_004" time="15.629" classname="NUGUAPP_002_연결.연결_01_NUGU"/>
  <testcase name="TC_연결_021" time="3.802" classname="NUGUAPP_002_연결.연결_01_NUGU"/>
  <testcase name="TC_연결_025_and_039" time="5.337" classname="NUGUAPP_002_연결.연결_01_NUGU"/>
  <testcase name="TC_연결_013" time="1.798" classname="NUGUAPP_002_연결.연결_01_NUGU"/>
  <testcase name="TC_연결_003" time="28.892" classname="NUGUAPP_002_연결.연결_01_NUGU"/>
  <testcase name="TC_연결_042" time="2.839" classname="NUGUAPP_002_연결.연결_01_NUGU"/>
  <testcase name="TC_연결_020" time="3.806" classname="NUGUAPP_002_연결.연결_01_NUGU"/>
  <testcase name="TC_연결_045" time="12.733" classname="NUGUAPP_002_연결.연결_01_NUGU"/>
  <testcase name="TC_연결_012" time="7.447" classname="NUGUAPP_002_연결.연결_01_NUGU"/>
  <testcase name="TC_연결_022" time="6.903" classname="NUGUAPP_002_연결.연결_01_NUGU"/>
  <testcase name="TC_연결_010" time="1.497" classname="NUGUAPP_002_연결.연결_01_NUGU"/>
  <testcase name="TC_연결_044" time="18.287" classname="NUGUAPP_002_연결.연결_01_NUGU"/>
</testsuite> <!-- NUGUAPP_002_연결.연결_01_NUGU -->
