<?xml version="1.0" encoding="UTF-8"?>
<!-- Generated by org.testng.reporters.JUnitReportReporter -->
<testsuite hostname="DESKTOP-UMRR3LS" name="NUGUAPP_003_홈.홈_02_홈카드" tests="3" failures="0" timestamp="3 Jul 2020 02:02:11 GMT" time="87.775" errors="0">
  <testcase name="TC_홈_003" time="5.427" classname="NUGUAPP_003_홈.홈_02_홈카드"/>
  <testcase name="TC_홈_004" time="57.665" classname="NUGUAPP_003_홈.홈_02_홈카드"/>
  <testcase name="TC_홈_002" time="24.683" classname="NUGUAPP_003_홈.홈_02_홈카드"/>
</testsuite> <!-- NUGUAPP_003_홈.홈_02_홈카드 -->
