<?xml version="1.0" encoding="UTF-8"?>
<!-- Generated by org.testng.reporters.JUnitReportReporter -->
<testsuite hostname="SKT1112049PN002" name="NUGUAPP_002_연결.연결_07_NUGU_Tmap" tests="2" failures="0" timestamp="12 Oct 2020 06:19:41 GMT" time="42.398" errors="0">
  <testcase name="TC_연결_336" time="14.037" classname="NUGUAPP_002_연결.연결_07_NUGU_Tmap"/>
  <testcase name="TC_연결_334" time="28.361" classname="NUGUAPP_002_연결.연결_07_NUGU_Tmap"/>
</testsuite> <!-- NUGUAPP_002_연결.연결_07_NUGU_Tmap -->
