<?xml version="1.0" encoding="UTF-8"?>
<!-- Generated by org.testng.reporters.JUnitReportReporter -->
<testsuite hostname="DESKTOP-UMRR3LS" name="NUGUAPP_004_메뉴.메뉴_08_이벤트_공지사항" tests="6" failures="0" timestamp="15 Sep 2020 04:39:46 GMT" time="70.059" errors="0">
  <testcase name="TC_메뉴_111" time="6.207" classname="NUGUAPP_004_메뉴.메뉴_08_이벤트_공지사항"/>
  <testcase name="TC_메뉴_115" time="6.754" classname="NUGUAPP_004_메뉴.메뉴_08_이벤트_공지사항"/>
  <testcase name="TC_메뉴_113" time="10.971" classname="NUGUAPP_004_메뉴.메뉴_08_이벤트_공지사항"/>
  <testcase name="TC_메뉴_112" time="7.422" classname="NUGUAPP_004_메뉴.메뉴_08_이벤트_공지사항"/>
  <testcase name="TC_메뉴_114" time="4.699" classname="NUGUAPP_004_메뉴.메뉴_08_이벤트_공지사항"/>
  <testcase name="TC_메뉴_110" time="34.006" classname="NUGUAPP_004_메뉴.메뉴_08_이벤트_공지사항"/>
</testsuite> <!-- NUGUAPP_004_메뉴.메뉴_08_이벤트_공지사항 -->
