<?xml version="1.0" encoding="UTF-8"?>
<!-- Generated by org.testng.reporters.JUnitReportReporter -->
<testsuite hostname="DESKTOP-UMRR3LS" name="NUGUAPP_003_홈.홈_04_최근인기대화" tests="1" failures="0" timestamp="9 Sep 2020 14:42:18 GMT" time="57.836" errors="0">
  <testcase name="TC_홈_038_01" time="57.836" classname="NUGUAPP_003_홈.홈_04_최근인기대화"/>
</testsuite> <!-- NUGUAPP_003_홈.홈_04_최근인기대화 -->
