<?xml version="1.0" encoding="UTF-8"?>
<!-- Generated by org.testng.reporters.JUnitReportReporter -->
<testsuite hostname="DESKTOP-UMRR3LS" name="NUGUAPP_002_연결.연결_06_NUGU_albertAI" tests="18" failures="0" timestamp="17 Jun 2020 05:19:09 GMT" time="115.454" errors="0">
  <testcase name="TC_연결_307" time="1.576" classname="NUGUAPP_002_연결.연결_06_NUGU_albertAI"/>
  <testcase name="TC_연결_293" time="3.390" classname="NUGUAPP_002_연결.연결_06_NUGU_albertAI"/>
  <testcase name="TC_연결_282" time="2.688" classname="NUGUAPP_002_연결.연결_06_NUGU_albertAI"/>
  <testcase name="TC_연결_286_form_288" time="10.639" classname="NUGUAPP_002_연결.연결_06_NUGU_albertAI"/>
  <testcase name="TC_연결_294" time="6.924" classname="NUGUAPP_002_연결.연결_06_NUGU_albertAI"/>
  <testcase name="TC_연결_283" time="3.654" classname="NUGUAPP_002_연결.연결_06_NUGU_albertAI"/>
  <testcase name="TC_연결_291" time="5.455" classname="NUGUAPP_002_연결.연결_06_NUGU_albertAI"/>
  <testcase name="TC_연결_297" time="5.358" classname="NUGUAPP_002_연결.연결_06_NUGU_albertAI"/>
  <testcase name="TC_연결_289" time="2.608" classname="NUGUAPP_002_연결.연결_06_NUGU_albertAI"/>
  <testcase name="TC_연결_292" time="3.171" classname="NUGUAPP_002_연결.연결_06_NUGU_albertAI"/>
  <testcase name="TC_연결_295" time="3.849" classname="NUGUAPP_002_연결.연결_06_NUGU_albertAI"/>
  <testcase name="TC_연결_308" time="2.138" classname="NUGUAPP_002_연결.연결_06_NUGU_albertAI"/>
  <testcase name="TC_연결_281" time="24.075" classname="NUGUAPP_002_연결.연결_06_NUGU_albertAI"/>
  <testcase name="TC_연결_284" time="4.051" classname="NUGUAPP_002_연결.연결_06_NUGU_albertAI"/>
  <testcase name="TC_연결_309" time="18.806" classname="NUGUAPP_002_연결.연결_06_NUGU_albertAI"/>
  <testcase name="TC_연결_310_form_311" time="12.302" classname="NUGUAPP_002_연결.연결_06_NUGU_albertAI"/>
  <testcase name="TC_연결_285" time="1.820" classname="NUGUAPP_002_연결.연결_06_NUGU_albertAI"/>
  <testcase name="TC_연결_296" time="2.950" classname="NUGUAPP_002_연결.연결_06_NUGU_albertAI"/>
</testsuite> <!-- NUGUAPP_002_연결.연결_06_NUGU_albertAI -->
