<?xml version="1.0" encoding="UTF-8"?>
<!-- Generated by org.testng.reporters.JUnitReportReporter -->
<testsuite hostname="DESKTOP-UMRR3LS" name="NUGUAPP_002_연결.연결_08_NUGU_TmapforCar" tests="8" failures="0" timestamp="3 Jul 2020 02:02:11 GMT" time="145.908" errors="0">
  <testcase name="TC_연결_341" time="4.700" classname="NUGUAPP_002_연결.연결_08_NUGU_TmapforCar"/>
  <testcase name="TC_연결_338" time="31.012" classname="NUGUAPP_002_연결.연결_08_NUGU_TmapforCar"/>
  <testcase name="TC_연결_339" time="2.788" classname="NUGUAPP_002_연결.연결_08_NUGU_TmapforCar"/>
  <testcase name="TC_연결_342" time="3.815" classname="NUGUAPP_002_연결.연결_08_NUGU_TmapforCar"/>
  <testcase name="TC_연결_346_form_349" time="14.708" classname="NUGUAPP_002_연결.연결_08_NUGU_TmapforCar"/>
  <testcase name="TC_연결_343_and_362_form_371" time="64.822" classname="NUGUAPP_002_연결.연결_08_NUGU_TmapforCar"/>
  <testcase name="TC_연결_340" time="6.598" classname="NUGUAPP_002_연결.연결_08_NUGU_TmapforCar"/>
  <testcase name="TC_연결_344" time="17.465" classname="NUGUAPP_002_연결.연결_08_NUGU_TmapforCar"/>
</testsuite> <!-- NUGUAPP_002_연결.연결_08_NUGU_TmapforCar -->
