<?xml version="1.0" encoding="UTF-8"?>
<!-- Generated by org.testng.reporters.JUnitReportReporter -->
<testsuite hostname="DESKTOP-UMRR3LS" name="NUGUAPP_002_연결.연결_01_NUGU" tests="22" failures="0" timestamp="9 Sep 2020 14:42:18 GMT" time="187.848" errors="1">
  <testcase name="TC_연결_040" time="2.271" classname="NUGUAPP_002_연결.연결_01_NUGU"/>
  <testcase name="TC_연결_003" time="33.242" classname="NUGUAPP_002_연결.연결_01_NUGU"/>
  <testcase name="TC_연결_045" time="11.968" classname="NUGUAPP_002_연결.연결_01_NUGU"/>
  <testcase name="TC_연결_011" time="5.287" classname="NUGUAPP_002_연결.연결_01_NUGU"/>
  <testcase name="TC_연결_025_and_039" time="5.224" classname="NUGUAPP_002_연결.연결_01_NUGU"/>
  <testcase name="TC_연결_023" time="4.009" classname="NUGUAPP_002_연결.연결_01_NUGU"/>
  <testcase name="TC_연결_020" time="3.154" classname="NUGUAPP_002_연결.연결_01_NUGU"/>
  <testcase name="TC_연결_024" time="3.573" classname="NUGUAPP_002_연결.연결_01_NUGU"/>
  <testcase name="TC_연결_044" time="18.378" classname="NUGUAPP_002_연결.연결_01_NUGU"/>
  <testcase name="TC_연결_042" time="2.897" classname="NUGUAPP_002_연결.연결_01_NUGU"/>
  <testcase name="TC_연결_010" time="1.467" classname="NUGUAPP_002_연결.연결_01_NUGU"/>
  <testcase name="TC_연결_019" time="6.028" classname="NUGUAPP_002_연결.연결_01_NUGU"/>
  <testcase name="TC_연결_014_form_016" time="11.817" classname="NUGUAPP_002_연결.연결_01_NUGU"/>
  <testcase name="TC_연결_001_from_002" time="33.053" classname="NUGUAPP_002_연결.연결_01_NUGU">
    <error type="junit.framework.ComparisonFailure" message="expected:&lt;운전 중 기분전환
&quot;스타벅스에서
아이스커피 주문해줘&quot;&gt; but was:&lt;NUGU 디바이스를 연결해주세요.&gt;">
      <![CDATA[junit.framework.ComparisonFailure: expected:<운전 중 기분전환
"스타벅스에서
아이스커피 주문해줘"> but was:<NUGU 디바이스를 연결해주세요.>
	at junit.framework.Assert.assertEquals(Assert.java:81)
	at junit.framework.Assert.assertEquals(Assert.java:87)
	at NUGUAPP_002_연결.연결_01_NUGU.TC_연결_001_from_002(연결_01_NUGU.java:55)
	at sun.reflect.NativeMethodAccessorImpl.invoke0(Native Method)
	at sun.reflect.NativeMethodAccessorImpl.invoke(Unknown Source)
	at sun.reflect.DelegatingMethodAccessorImpl.invoke(Unknown Source)
	at java.lang.reflect.Method.invoke(Unknown Source)
	at org.testng.internal.MethodInvocationHelper.invokeMethod(MethodInvocationHelper.java:86)
	at org.testng.internal.Invoker.invokeMethod(Invoker.java:643)
	at org.testng.internal.Invoker.invokeTestMethod(Invoker.java:820)
	at org.testng.internal.Invoker.invokeTestMethods(Invoker.java:1128)
	at org.testng.internal.TestMethodWorker.invokeTestMethods(TestMethodWorker.java:129)
	at org.testng.internal.TestMethodWorker.run(TestMethodWorker.java:112)
	at org.testng.TestRunner.privateRun(TestRunner.java:782)
	at org.testng.TestRunner.run(TestRunner.java:632)
	at org.testng.SuiteRunner.runTest(SuiteRunner.java:366)
	at org.testng.SuiteRunner.access$000(SuiteRunner.java:39)
	at org.testng.SuiteRunner$SuiteWorker.run(SuiteRunner.java:400)
	at org.testng.internal.thread.ThreadUtil$2.call(ThreadUtil.java:64)
	at java.util.concurrent.FutureTask.run(Unknown Source)
	at java.util.concurrent.ThreadPoolExecutor.runWorker(Unknown Source)
	at java.util.concurrent.ThreadPoolExecutor$Worker.run(Unknown Source)
	at java.lang.Thread.run(Unknown Source)
]]>
    </error>
  </testcase> <!-- TC_연결_001_from_002 -->
  <testcase name="TC_연결_004" time="15.538" classname="NUGUAPP_002_연결.연결_01_NUGU"/>
  <testcase name="TC_연결_022" time="7.488" classname="NUGUAPP_002_연결.연결_01_NUGU"/>
  <testcase name="TC_연결_041" time="3.568" classname="NUGUAPP_002_연결.연결_01_NUGU"/>
  <testcase name="TC_연결_017" time="2.639" classname="NUGUAPP_002_연결.연결_01_NUGU"/>
  <testcase name="TC_연결_009" time="2.828" classname="NUGUAPP_002_연결.연결_01_NUGU"/>
  <testcase name="TC_연결_013" time="1.865" classname="NUGUAPP_002_연결.연결_01_NUGU"/>
  <testcase name="TC_연결_012" time="8.305" classname="NUGUAPP_002_연결.연결_01_NUGU"/>
  <testcase name="TC_연결_021" time="3.249" classname="NUGUAPP_002_연결.연결_01_NUGU"/>
</testsuite> <!-- NUGUAPP_002_연결.연결_01_NUGU -->
