<?xml version="1.0" encoding="UTF-8"?>
<!-- Generated by org.testng.reporters.JUnitReportReporter -->
<testsuite hostname="DESKTOP-UMRR3LS" name="NUGUAPP_002_연결.연결_03_NUGU_candle" tests="18" failures="0" timestamp="10 Oct 2020 17:47:18 GMT" time="119.479" errors="1">
  <testcase name="TC_연결_138" time="2.892" classname="NUGUAPP_002_연결.연결_03_NUGU_candle"/>
  <testcase name="TC_연결_154_form_155" time="14.210" classname="NUGUAPP_002_연결.연결_03_NUGU_candle"/>
  <testcase name="TC_연결_139" time="5.871" classname="NUGUAPP_002_연결.연결_03_NUGU_candle"/>
  <testcase name="TC_연결_136" time="6.825" classname="NUGUAPP_002_연결.연결_03_NUGU_candle"/>
  <testcase name="TC_연결_125" time="4.629" classname="NUGUAPP_002_연결.연결_03_NUGU_candle"/>
  <testcase name="TC_연결_126" time="4.261" classname="NUGUAPP_002_연결.연결_03_NUGU_candle"/>
  <testcase name="TC_연결_137" time="3.468" classname="NUGUAPP_002_연결.연결_03_NUGU_candle"/>
  <testcase name="TC_연결_131" time="2.466" classname="NUGUAPP_002_연결.연결_03_NUGU_candle"/>
  <testcase name="TC_연결_124" time="2.582" classname="NUGUAPP_002_연결.연결_03_NUGU_candle"/>
  <testcase name="TC_연결_134" time="3.350" classname="NUGUAPP_002_연결.연결_03_NUGU_candle"/>
  <testcase name="TC_연결_127" time="1.764" classname="NUGUAPP_002_연결.연결_03_NUGU_candle"/>
  <testcase name="TC_연결_150" time="2.246" classname="NUGUAPP_002_연결.연결_03_NUGU_candle"/>
  <testcase name="TC_연결_149" time="1.595" classname="NUGUAPP_002_연결.연결_03_NUGU_candle"/>
  <testcase name="TC_연결_123" time="27.521" classname="NUGUAPP_002_연결.연결_03_NUGU_candle"/>
  <testcase name="TC_연결_135" time="3.528" classname="NUGUAPP_002_연결.연결_03_NUGU_candle"/>
  <testcase name="TC_연결_133" time="5.586" classname="NUGUAPP_002_연결.연결_03_NUGU_candle"/>
  <testcase name="TC_연결_128_form_130" time="10.427" classname="NUGUAPP_002_연결.연결_03_NUGU_candle"/>
  <testcase name="TC_연결_151" time="16.258" classname="NUGUAPP_002_연결.연결_03_NUGU_candle">
    <error type="org.testng.SkipException" message="연결 가능한 디바이스 있음. Test Skip">
      <![CDATA[org.testng.SkipException: 연결 가능한 디바이스 있음. Test Skip
	at NUGUAPP_002_연결.연결_03_NUGU_candle.TC_연결_151(연결_03_NUGU_candle.java:347)
	at sun.reflect.NativeMethodAccessorImpl.invoke0(Native Method)
	at sun.reflect.NativeMethodAccessorImpl.invoke(Unknown Source)
	at sun.reflect.DelegatingMethodAccessorImpl.invoke(Unknown Source)
	at java.lang.reflect.Method.invoke(Unknown Source)
	at org.testng.internal.MethodInvocationHelper.invokeMethod(MethodInvocationHelper.java:86)
	at org.testng.internal.Invoker.invokeMethod(Invoker.java:643)
	at org.testng.internal.Invoker.invokeTestMethod(Invoker.java:820)
	at org.testng.internal.Invoker.invokeTestMethods(Invoker.java:1128)
	at org.testng.internal.TestMethodWorker.invokeTestMethods(TestMethodWorker.java:129)
	at org.testng.internal.TestMethodWorker.run(TestMethodWorker.java:112)
	at org.testng.TestRunner.privateRun(TestRunner.java:782)
	at org.testng.TestRunner.run(TestRunner.java:632)
	at org.testng.SuiteRunner.runTest(SuiteRunner.java:366)
	at org.testng.SuiteRunner.access$000(SuiteRunner.java:39)
	at org.testng.SuiteRunner$SuiteWorker.run(SuiteRunner.java:400)
	at org.testng.internal.thread.ThreadUtil$2.call(ThreadUtil.java:64)
	at java.util.concurrent.FutureTask.run(Unknown Source)
	at java.util.concurrent.ThreadPoolExecutor.runWorker(Unknown Source)
	at java.util.concurrent.ThreadPoolExecutor$Worker.run(Unknown Source)
	at java.lang.Thread.run(Unknown Source)
]]>
    </error>
  </testcase> <!-- TC_연결_151 -->
</testsuite> <!-- NUGUAPP_002_연결.연결_03_NUGU_candle -->
