<?xml version="1.0" encoding="UTF-8"?>
<!-- Generated by org.testng.reporters.JUnitReportReporter -->
<testsuite hostname="DESKTOP-UMRR3LS" name="NUGUAPP_003_홈.홈_07_미디어컨트롤러" tests="10" failures="0" timestamp="9 Sep 2020 14:42:18 GMT" time="236.646" errors="0">
  <testcase name="TC_홈_073_06" time="21.713" classname="NUGUAPP_003_홈.홈_07_미디어컨트롤러"/>
  <testcase name="TC_홈_074_01" time="47.905" classname="NUGUAPP_003_홈.홈_07_미디어컨트롤러"/>
  <testcase name="TC_홈_073_02" time="19.058" classname="NUGUAPP_003_홈.홈_07_미디어컨트롤러"/>
  <testcase name="TC_홈_073_04" time="12.243" classname="NUGUAPP_003_홈.홈_07_미디어컨트롤러"/>
  <testcase name="TC_홈_073_01" time="49.721" classname="NUGUAPP_003_홈.홈_07_미디어컨트롤러"/>
  <testcase name="TC_홈_073_03" time="19.960" classname="NUGUAPP_003_홈.홈_07_미디어컨트롤러"/>
  <testcase name="TC_홈_074_02" time="8.500" classname="NUGUAPP_003_홈.홈_07_미디어컨트롤러"/>
  <testcase name="TC_홈_073_07" time="18.491" classname="NUGUAPP_003_홈.홈_07_미디어컨트롤러"/>
  <testcase name="TC_홈_073_08" time="16.291" classname="NUGUAPP_003_홈.홈_07_미디어컨트롤러"/>
  <testcase name="TC_홈_073_05" time="22.764" classname="NUGUAPP_003_홈.홈_07_미디어컨트롤러"/>
</testsuite> <!-- NUGUAPP_003_홈.홈_07_미디어컨트롤러 -->
