<?xml version="1.0" encoding="UTF-8"?>
<!-- Generated by org.testng.reporters.JUnitReportReporter -->
<testsuite hostname="DESKTOP-UMRR3LS" name="NUGUAPP_002_연결.연결_06_NUGU_albertAI" tests="18" failures="0" timestamp="2 Jul 2020 09:32:11 GMT" time="120.102" errors="0">
  <testcase name="TC_연결_296" time="2.823" classname="NUGUAPP_002_연결.연결_06_NUGU_albertAI"/>
  <testcase name="TC_연결_297" time="5.460" classname="NUGUAPP_002_연결.연결_06_NUGU_albertAI"/>
  <testcase name="TC_연결_285" time="1.671" classname="NUGUAPP_002_연결.연결_06_NUGU_albertAI"/>
  <testcase name="TC_연결_308" time="2.211" classname="NUGUAPP_002_연결.연결_06_NUGU_albertAI"/>
  <testcase name="TC_연결_283" time="3.700" classname="NUGUAPP_002_연결.연결_06_NUGU_albertAI"/>
  <testcase name="TC_연결_309" time="18.247" classname="NUGUAPP_002_연결.연결_06_NUGU_albertAI"/>
  <testcase name="TC_연결_307" time="1.502" classname="NUGUAPP_002_연결.연결_06_NUGU_albertAI"/>
  <testcase name="TC_연결_293" time="3.571" classname="NUGUAPP_002_연결.연결_06_NUGU_albertAI"/>
  <testcase name="TC_연결_281" time="28.085" classname="NUGUAPP_002_연결.연결_06_NUGU_albertAI"/>
  <testcase name="TC_연결_291" time="5.519" classname="NUGUAPP_002_연결.연결_06_NUGU_albertAI"/>
  <testcase name="TC_연결_289" time="2.771" classname="NUGUAPP_002_연결.연결_06_NUGU_albertAI"/>
  <testcase name="TC_연결_310_form_311" time="12.509" classname="NUGUAPP_002_연결.연결_06_NUGU_albertAI"/>
  <testcase name="TC_연결_286_form_288" time="11.195" classname="NUGUAPP_002_연결.연결_06_NUGU_albertAI"/>
  <testcase name="TC_연결_294" time="7.416" classname="NUGUAPP_002_연결.연결_06_NUGU_albertAI"/>
  <testcase name="TC_연결_282" time="2.701" classname="NUGUAPP_002_연결.연결_06_NUGU_albertAI"/>
  <testcase name="TC_연결_295" time="3.653" classname="NUGUAPP_002_연결.연결_06_NUGU_albertAI"/>
  <testcase name="TC_연결_292" time="3.116" classname="NUGUAPP_002_연결.연결_06_NUGU_albertAI"/>
  <testcase name="TC_연결_284" time="3.952" classname="NUGUAPP_002_연결.연결_06_NUGU_albertAI"/>
</testsuite> <!-- NUGUAPP_002_연결.연결_06_NUGU_albertAI -->
