<?xml version="1.0" encoding="UTF-8"?>
<!-- Generated by org.testng.reporters.JUnitReportReporter -->
<testsuite hostname="SKT1112049PN002" name="NUGUAPP_003_홈.홈_07_미디어컨트롤러" tests="10" failures="0" timestamp="12 Oct 2020 07:41:13 GMT" time="251.793" errors="0">
  <testcase name="TC_홈_073_04" time="13.372" classname="NUGUAPP_003_홈.홈_07_미디어컨트롤러"/>
  <testcase name="TC_홈_073_03" time="20.637" classname="NUGUAPP_003_홈.홈_07_미디어컨트롤러"/>
  <testcase name="TC_홈_073_06" time="22.677" classname="NUGUAPP_003_홈.홈_07_미디어컨트롤러"/>
  <testcase name="TC_홈_073_01" time="52.594" classname="NUGUAPP_003_홈.홈_07_미디어컨트롤러"/>
  <testcase name="TC_홈_073_02" time="19.233" classname="NUGUAPP_003_홈.홈_07_미디어컨트롤러"/>
  <testcase name="TC_홈_073_08" time="16.725" classname="NUGUAPP_003_홈.홈_07_미디어컨트롤러"/>
  <testcase name="TC_홈_074_01" time="56.111" classname="NUGUAPP_003_홈.홈_07_미디어컨트롤러"/>
  <testcase name="TC_홈_073_05" time="21.929" classname="NUGUAPP_003_홈.홈_07_미디어컨트롤러"/>
  <testcase name="TC_홈_074_02" time="9.787" classname="NUGUAPP_003_홈.홈_07_미디어컨트롤러"/>
  <testcase name="TC_홈_073_07" time="18.728" classname="NUGUAPP_003_홈.홈_07_미디어컨트롤러"/>
</testsuite> <!-- NUGUAPP_003_홈.홈_07_미디어컨트롤러 -->
