<?xml version="1.0" encoding="UTF-8"?>
<!-- Generated by org.testng.reporters.JUnitReportReporter -->
<testsuite hostname="DESKTOP-UMRR3LS" name="NUGUAPP_001_실행.실행_01_앱시작" tests="7" failures="0" timestamp="2 Jun 2020 15:15:09 GMT" time="107.030" errors="0">
  <testcase name="TC_008_앱실행" time="2.197" classname="NUGUAPP_001_실행.실행_01_앱시작"/>
  <testcase name="TC_010_앱실행" time="15.618" classname="NUGUAPP_001_실행.실행_01_앱시작"/>
  <testcase name="TC_011_앱실행" time="23.084" classname="NUGUAPP_001_실행.실행_01_앱시작"/>
  <testcase name="TC_012_013_앱실행" time="32.102" classname="NUGUAPP_001_실행.실행_01_앱시작"/>
  <testcase name="TC_005_앱실행" time="1.472" classname="NUGUAPP_001_실행.실행_01_앱시작"/>
  <testcase name="TC_004_앱실행" time="11.377" classname="NUGUAPP_001_실행.실행_01_앱시작"/>
  <testcase name="TC_007_앱실행" time="21.180" classname="NUGUAPP_001_실행.실행_01_앱시작"/>
</testsuite> <!-- NUGUAPP_001_실행.실행_01_앱시작 -->
