<?xml version="1.0" encoding="UTF-8"?>
<!-- Generated by org.testng.reporters.JUnitReportReporter -->
<testsuite hostname="DESKTOP-UMRR3LS" name="NUGUAPP_002_연결.연결_02_NUGU_mini" tests="15" failures="0" timestamp="9 Sep 2020 14:42:18 GMT" time="118.616" errors="0">
  <testcase name="TC_연결_070" time="4.211" classname="NUGUAPP_002_연결.연결_02_NUGU_mini"/>
  <testcase name="TC_연결_078_and_079" time="13.477" classname="NUGUAPP_002_연결.연결_02_NUGU_mini"/>
  <testcase name="TC_연결_080" time="5.932" classname="NUGUAPP_002_연결.연결_02_NUGU_mini"/>
  <testcase name="TC_연결_092" time="11.987" classname="NUGUAPP_002_연결.연결_02_NUGU_mini"/>
  <testcase name="TC_연결_076" time="5.347" classname="NUGUAPP_002_연결.연결_02_NUGU_mini"/>
  <testcase name="TC_연결_069" time="2.697" classname="NUGUAPP_002_연결.연결_02_NUGU_mini"/>
  <testcase name="TC_연결_073_form_074" time="10.689" classname="NUGUAPP_002_연결.연결_02_NUGU_mini"/>
  <testcase name="TC_연결_089" time="1.500" classname="NUGUAPP_002_연결.연결_02_NUGU_mini"/>
  <testcase name="TC_연결_072" time="1.842" classname="NUGUAPP_002_연결.연결_02_NUGU_mini"/>
  <testcase name="TC_연결_068" time="27.438" classname="NUGUAPP_002_연결.연결_02_NUGU_mini"/>
  <testcase name="TC_연결_090" time="2.273" classname="NUGUAPP_002_연결.연결_02_NUGU_mini"/>
  <testcase name="TC_연결_071" time="4.068" classname="NUGUAPP_002_연결.연결_02_NUGU_mini"/>
  <testcase name="TC_연결_091" time="18.350" classname="NUGUAPP_002_연결.연결_02_NUGU_mini"/>
  <testcase name="TC_연결_077" time="6.311" classname="NUGUAPP_002_연결.연결_02_NUGU_mini"/>
  <testcase name="TC_연결_075" time="2.494" classname="NUGUAPP_002_연결.연결_02_NUGU_mini"/>
</testsuite> <!-- NUGUAPP_002_연결.연결_02_NUGU_mini -->
