<?xml version="1.0" encoding="UTF-8"?>
<!-- Generated by org.testng.reporters.JUnitReportReporter -->
<testsuite hostname="DESKTOP-UMRR3LS" name="NUGUAPP_002_연결.연결_06_NUGU_albertAI" tests="18" failures="0" timestamp="9 Sep 2020 14:42:18 GMT" time="116.813" errors="0">
  <testcase name="TC_연결_308" time="2.112" classname="NUGUAPP_002_연결.연결_06_NUGU_albertAI"/>
  <testcase name="TC_연결_282" time="2.500" classname="NUGUAPP_002_연결.연결_06_NUGU_albertAI"/>
  <testcase name="TC_연결_285" time="1.783" classname="NUGUAPP_002_연결.연결_06_NUGU_albertAI"/>
  <testcase name="TC_연결_283" time="3.789" classname="NUGUAPP_002_연결.연결_06_NUGU_albertAI"/>
  <testcase name="TC_연결_291" time="5.846" classname="NUGUAPP_002_연결.연결_06_NUGU_albertAI"/>
  <testcase name="TC_연결_296" time="2.985" classname="NUGUAPP_002_연결.연결_06_NUGU_albertAI"/>
  <testcase name="TC_연결_307" time="1.431" classname="NUGUAPP_002_연결.연결_06_NUGU_albertAI"/>
  <testcase name="TC_연결_289" time="2.590" classname="NUGUAPP_002_연결.연결_06_NUGU_albertAI"/>
  <testcase name="TC_연결_292" time="2.695" classname="NUGUAPP_002_연결.연결_06_NUGU_albertAI"/>
  <testcase name="TC_연결_286_form_288" time="10.428" classname="NUGUAPP_002_연결.연결_06_NUGU_albertAI"/>
  <testcase name="TC_연결_310_form_311" time="11.959" classname="NUGUAPP_002_연결.연결_06_NUGU_albertAI"/>
  <testcase name="TC_연결_295" time="3.447" classname="NUGUAPP_002_연결.연결_06_NUGU_albertAI"/>
  <testcase name="TC_연결_309" time="18.410" classname="NUGUAPP_002_연결.연결_06_NUGU_albertAI"/>
  <testcase name="TC_연결_284" time="4.342" classname="NUGUAPP_002_연결.연결_06_NUGU_albertAI"/>
  <testcase name="TC_연결_297" time="4.993" classname="NUGUAPP_002_연결.연결_06_NUGU_albertAI"/>
  <testcase name="TC_연결_293" time="3.335" classname="NUGUAPP_002_연결.연결_06_NUGU_albertAI"/>
  <testcase name="TC_연결_281" time="27.206" classname="NUGUAPP_002_연결.연결_06_NUGU_albertAI"/>
  <testcase name="TC_연결_294" time="6.962" classname="NUGUAPP_002_연결.연결_06_NUGU_albertAI"/>
</testsuite> <!-- NUGUAPP_002_연결.연결_06_NUGU_albertAI -->
