<?xml version="1.0" encoding="UTF-8"?>
<!-- Generated by org.testng.reporters.JUnitReportReporter -->
<testsuite hostname="DESKTOP-UMRR3LS" name="NUGUAPP_002_연결.연결_03_NUGU_candle_연결" tests="18" failures="0" timestamp="10 Jun 2020 01:29:17 GMT" time="121.262" errors="0">
  <testcase name="TC_135_연결" time="3.320" classname="NUGUAPP_002_연결.연결_03_NUGU_candle_연결"/>
  <testcase name="TC_136_연결" time="7.776" classname="NUGUAPP_002_연결.연결_03_NUGU_candle_연결"/>
  <testcase name="TC_137_연결" time="3.834" classname="NUGUAPP_002_연결.연결_03_NUGU_candle_연결"/>
  <testcase name="TC_134_연결" time="3.293" classname="NUGUAPP_002_연결.연결_03_NUGU_candle_연결"/>
  <testcase name="TC_131_연결" time="2.615" classname="NUGUAPP_002_연결.연결_03_NUGU_candle_연결"/>
  <testcase name="TC_124_연결" time="2.914" classname="NUGUAPP_002_연결.연결_03_NUGU_candle_연결"/>
  <testcase name="TC_128_form_130_연결" time="12.020" classname="NUGUAPP_002_연결.연결_03_NUGU_candle_연결"/>
  <testcase name="TC_127_연결" time="2.345" classname="NUGUAPP_002_연결.연결_03_NUGU_candle_연결"/>
  <testcase name="TC_150_연결" time="2.404" classname="NUGUAPP_002_연결.연결_03_NUGU_candle_연결"/>
  <testcase name="TC_151_연결" time="18.179" classname="NUGUAPP_002_연결.연결_03_NUGU_candle_연결"/>
  <testcase name="TC_149_연결" time="1.518" classname="NUGUAPP_002_연결.연결_03_NUGU_candle_연결"/>
  <testcase name="TC_123_연결" time="25.577" classname="NUGUAPP_002_연결.연결_03_NUGU_candle_연결"/>
  <testcase name="TC_138_연결" time="2.977" classname="NUGUAPP_002_연결.연결_03_NUGU_candle_연결"/>
  <testcase name="TC_125_연결" time="4.124" classname="NUGUAPP_002_연결.연결_03_NUGU_candle_연결"/>
  <testcase name="TC_139_연결" time="5.856" classname="NUGUAPP_002_연결.연결_03_NUGU_candle_연결"/>
  <testcase name="TC_154_form_155_연결" time="12.179" classname="NUGUAPP_002_연결.연결_03_NUGU_candle_연결"/>
  <testcase name="TC_126_연결" time="4.601" classname="NUGUAPP_002_연결.연결_03_NUGU_candle_연결"/>
  <testcase name="TC_133_연결" time="5.730" classname="NUGUAPP_002_연결.연결_03_NUGU_candle_연결"/>
</testsuite> <!-- NUGUAPP_002_연결.연결_03_NUGU_candle_연결 -->
