<?xml version="1.0" encoding="UTF-8"?>
<!-- Generated by org.testng.reporters.JUnitReportReporter -->
<testsuite hostname="SKT1112049PN002" name="NUGUAPP_002_연결.연결_06_NUGU_albertAI" tests="18" failures="0" timestamp="10 Sep 2020 06:23:16 GMT" time="0.025" errors="18">
  <testcase name="TC_연결_293" time="0.001" classname="NUGUAPP_002_연결.연결_06_NUGU_albertAI">
    <error type="org.openqa.selenium.WebDriverException" message="An unknown server-side error occurred while processing the command. Original error: Could not proxy command to remote server. Original error: Error: socket hang up
Build info: version: &#039;3.14.0&#039;, revision: &#039;aacccce0&#039;, time: &#039;2018-08-02T20:19:58.91Z&#039;
System info: host: &#039;SKT1112049PN002&#039;, ip: &#039;172.23.174.101&#039;, os.name: &#039;Windows 10&#039;, os.arch: &#039;amd64&#039;, os.version: &#039;10.0&#039;, java.version: &#039;1.8.0_241&#039;
Driver info: unit.Utilities
Capabilities {appActivity: com.skt.nugu.ui.LoginActivity, appPackage: com.skt.aladdin, automationName: UIAutomator2, chromedriverArgs: {browserName: chrome, goog:chromeOptions: {args: [], extensions: [], w3c: false}}, chromedriverExecutable: C:\chromedriver_win32\chrom..., databaseEnabled: false, desired: {appActivity: com.skt.nugu.ui.LoginActivity, appPackage: com.skt.aladdin, automationName: UIAutomator2, chromedriverArgs: {browserName: chrome, goog:chromeOptions: {args: [], extensions: [], w3c: false}}, chromedriverExecutable: C:\chromedriver_win32\chrom..., deviceName: Android, platformName: android, showChromedriverLog: true, udid: ce12160cb994301d04}, deviceApiLevel: 28, deviceManufacturer: samsung, deviceModel: SM-G955N, deviceName: ce12160cb994301d04, deviceScreenDensity: 420, deviceScreenSize: 1080x2220, deviceUDID: ce12160cb994301d04, javascriptEnabled: true, locationContextEnabled: false, networkConnectionEnabled: true, pixelRatio: 2.625, platform: LINUX, platformName: Android, platformVersion: 9, showChromedriverLog: true, statBarHeight: 63, takesScreenshot: true, udid: ce12160cb994301d04, viewportRect: {height: 2031, left: 0, top: 63, width: 1080}, warnings: {}, webStorageEnabled: false}
Session ID: 825c00a0-6854-4d71-a37a-aaa52030743a">
      <![CDATA[org.openqa.selenium.WebDriverException: An unknown server-side error occurred while processing the command. Original error: Could not proxy command to remote server. Original error: Error: socket hang up
Build info: version: '3.14.0', revision: 'aacccce0', time: '2018-08-02T20:19:58.91Z'
System info: host: 'SKT1112049PN002', ip: '172.23.174.101', os.name: 'Windows 10', os.arch: 'amd64', os.version: '10.0', java.version: '1.8.0_241'
Driver info: unit.Utilities
Capabilities {appActivity: com.skt.nugu.ui.LoginActivity, appPackage: com.skt.aladdin, automationName: UIAutomator2, chromedriverArgs: {browserName: chrome, goog:chromeOptions: {args: [], extensions: [], w3c: false}}, chromedriverExecutable: C:\chromedriver_win32\chrom..., databaseEnabled: false, desired: {appActivity: com.skt.nugu.ui.LoginActivity, appPackage: com.skt.aladdin, automationName: UIAutomator2, chromedriverArgs: {browserName: chrome, goog:chromeOptions: {args: [], extensions: [], w3c: false}}, chromedriverExecutable: C:\chromedriver_win32\chrom..., deviceName: Android, platformName: android, showChromedriverLog: true, udid: ce12160cb994301d04}, deviceApiLevel: 28, deviceManufacturer: samsung, deviceModel: SM-G955N, deviceName: ce12160cb994301d04, deviceScreenDensity: 420, deviceScreenSize: 1080x2220, deviceUDID: ce12160cb994301d04, javascriptEnabled: true, locationContextEnabled: false, networkConnectionEnabled: true, pixelRatio: 2.625, platform: LINUX, platformName: Android, platformVersion: 9, showChromedriverLog: true, statBarHeight: 63, takesScreenshot: true, udid: ce12160cb994301d04, viewportRect: {height: 2031, left: 0, top: 63, width: 1080}, warnings: {}, webStorageEnabled: false}
Session ID: 825c00a0-6854-4d71-a37a-aaa52030743a
	at sun.reflect.NativeConstructorAccessorImpl.newInstance0(Native Method)
	at sun.reflect.NativeConstructorAccessorImpl.newInstance(Unknown Source)
	at sun.reflect.DelegatingConstructorAccessorImpl.newInstance(Unknown Source)
	at java.lang.reflect.Constructor.newInstance(Unknown Source)
	at org.openqa.selenium.remote.http.W3CHttpResponseCodec.createException(W3CHttpResponseCodec.java:187)
	at org.openqa.selenium.remote.http.W3CHttpResponseCodec.decode(W3CHttpResponseCodec.java:122)
	at org.openqa.selenium.remote.http.W3CHttpResponseCodec.decode(W3CHttpResponseCodec.java:49)
	at org.openqa.selenium.remote.HttpCommandExecutor.execute(HttpCommandExecutor.java:158)
	at io.appium.java_client.remote.AppiumCommandExecutor.execute(AppiumCommandExecutor.java:239)
	at org.openqa.selenium.remote.RemoteWebDriver.execute(RemoteWebDriver.java:548)
	at io.appium.java_client.DefaultGenericMobileDriver.execute(DefaultGenericMobileDriver.java:45)
	at io.appium.java_client.AppiumDriver.execute(AppiumDriver.java:1)
	at io.appium.java_client.android.AndroidDriver.execute(AndroidDriver.java:1)
	at unit.Utilities.execute(Utilities.java:1)
	at org.openqa.selenium.remote.RemoteWebDriver.getScreenshotAs(RemoteWebDriver.java:294)
	at unit.Utilities.ErrorScreenshots(Utilities.java:1176)
	at unit.TestCase.AfterMethod(TestCase.java:131)
	at sun.reflect.NativeMethodAccessorImpl.invoke0(Native Method)
	at sun.reflect.NativeMethodAccessorImpl.invoke(Unknown Source)
	at sun.reflect.DelegatingMethodAccessorImpl.invoke(Unknown Source)
	at java.lang.reflect.Method.invoke(Unknown Source)
	at org.testng.internal.MethodInvocationHelper.invokeMethod(MethodInvocationHelper.java:86)
	at org.testng.internal.Invoker.invokeConfigurationMethod(Invoker.java:514)
	at org.testng.internal.Invoker.invokeConfigurations(Invoker.java:215)
	at org.testng.internal.Invoker.invokeMethod(Invoker.java:707)
	at org.testng.internal.Invoker.invokeTestMethod(Invoker.java:820)
	at org.testng.internal.Invoker.invokeTestMethods(Invoker.java:1128)
	at org.testng.internal.TestMethodWorker.invokeTestMethods(TestMethodWorker.java:129)
	at org.testng.internal.TestMethodWorker.run(TestMethodWorker.java:112)
	at org.testng.TestRunner.privateRun(TestRunner.java:782)
	at org.testng.TestRunner.run(TestRunner.java:632)
	at org.testng.SuiteRunner.runTest(SuiteRunner.java:366)
	at org.testng.SuiteRunner.access$000(SuiteRunner.java:39)
	at org.testng.SuiteRunner$SuiteWorker.run(SuiteRunner.java:400)
	at org.testng.internal.thread.ThreadUtil$2.call(ThreadUtil.java:64)
	at java.util.concurrent.FutureTask.run(Unknown Source)
	at java.util.concurrent.ThreadPoolExecutor.runWorker(Unknown Source)
	at java.util.concurrent.ThreadPoolExecutor$Worker.run(Unknown Source)
	at java.lang.Thread.run(Unknown Source)
]]>
    </error>
  </testcase> <!-- TC_연결_293 -->
  <testcase name="TC_연결_307" time="0.001" classname="NUGUAPP_002_연결.연결_06_NUGU_albertAI">
    <error type="org.openqa.selenium.WebDriverException" message="An unknown server-side error occurred while processing the command. Original error: Could not proxy command to remote server. Original error: Error: socket hang up
Build info: version: &#039;3.14.0&#039;, revision: &#039;aacccce0&#039;, time: &#039;2018-08-02T20:19:58.91Z&#039;
System info: host: &#039;SKT1112049PN002&#039;, ip: &#039;172.23.174.101&#039;, os.name: &#039;Windows 10&#039;, os.arch: &#039;amd64&#039;, os.version: &#039;10.0&#039;, java.version: &#039;1.8.0_241&#039;
Driver info: unit.Utilities
Capabilities {appActivity: com.skt.nugu.ui.LoginActivity, appPackage: com.skt.aladdin, automationName: UIAutomator2, chromedriverArgs: {browserName: chrome, goog:chromeOptions: {args: [], extensions: [], w3c: false}}, chromedriverExecutable: C:\chromedriver_win32\chrom..., databaseEnabled: false, desired: {appActivity: com.skt.nugu.ui.LoginActivity, appPackage: com.skt.aladdin, automationName: UIAutomator2, chromedriverArgs: {browserName: chrome, goog:chromeOptions: {args: [], extensions: [], w3c: false}}, chromedriverExecutable: C:\chromedriver_win32\chrom..., deviceName: Android, platformName: android, showChromedriverLog: true, udid: ce12160cb994301d04}, deviceApiLevel: 28, deviceManufacturer: samsung, deviceModel: SM-G955N, deviceName: ce12160cb994301d04, deviceScreenDensity: 420, deviceScreenSize: 1080x2220, deviceUDID: ce12160cb994301d04, javascriptEnabled: true, locationContextEnabled: false, networkConnectionEnabled: true, pixelRatio: 2.625, platform: LINUX, platformName: Android, platformVersion: 9, showChromedriverLog: true, statBarHeight: 63, takesScreenshot: true, udid: ce12160cb994301d04, viewportRect: {height: 2031, left: 0, top: 63, width: 1080}, warnings: {}, webStorageEnabled: false}
Session ID: 825c00a0-6854-4d71-a37a-aaa52030743a">
      <![CDATA[org.openqa.selenium.WebDriverException: An unknown server-side error occurred while processing the command. Original error: Could not proxy command to remote server. Original error: Error: socket hang up
Build info: version: '3.14.0', revision: 'aacccce0', time: '2018-08-02T20:19:58.91Z'
System info: host: 'SKT1112049PN002', ip: '172.23.174.101', os.name: 'Windows 10', os.arch: 'amd64', os.version: '10.0', java.version: '1.8.0_241'
Driver info: unit.Utilities
Capabilities {appActivity: com.skt.nugu.ui.LoginActivity, appPackage: com.skt.aladdin, automationName: UIAutomator2, chromedriverArgs: {browserName: chrome, goog:chromeOptions: {args: [], extensions: [], w3c: false}}, chromedriverExecutable: C:\chromedriver_win32\chrom..., databaseEnabled: false, desired: {appActivity: com.skt.nugu.ui.LoginActivity, appPackage: com.skt.aladdin, automationName: UIAutomator2, chromedriverArgs: {browserName: chrome, goog:chromeOptions: {args: [], extensions: [], w3c: false}}, chromedriverExecutable: C:\chromedriver_win32\chrom..., deviceName: Android, platformName: android, showChromedriverLog: true, udid: ce12160cb994301d04}, deviceApiLevel: 28, deviceManufacturer: samsung, deviceModel: SM-G955N, deviceName: ce12160cb994301d04, deviceScreenDensity: 420, deviceScreenSize: 1080x2220, deviceUDID: ce12160cb994301d04, javascriptEnabled: true, locationContextEnabled: false, networkConnectionEnabled: true, pixelRatio: 2.625, platform: LINUX, platformName: Android, platformVersion: 9, showChromedriverLog: true, statBarHeight: 63, takesScreenshot: true, udid: ce12160cb994301d04, viewportRect: {height: 2031, left: 0, top: 63, width: 1080}, warnings: {}, webStorageEnabled: false}
Session ID: 825c00a0-6854-4d71-a37a-aaa52030743a
	at sun.reflect.NativeConstructorAccessorImpl.newInstance0(Native Method)
	at sun.reflect.NativeConstructorAccessorImpl.newInstance(Unknown Source)
	at sun.reflect.DelegatingConstructorAccessorImpl.newInstance(Unknown Source)
	at java.lang.reflect.Constructor.newInstance(Unknown Source)
	at org.openqa.selenium.remote.http.W3CHttpResponseCodec.createException(W3CHttpResponseCodec.java:187)
	at org.openqa.selenium.remote.http.W3CHttpResponseCodec.decode(W3CHttpResponseCodec.java:122)
	at org.openqa.selenium.remote.http.W3CHttpResponseCodec.decode(W3CHttpResponseCodec.java:49)
	at org.openqa.selenium.remote.HttpCommandExecutor.execute(HttpCommandExecutor.java:158)
	at io.appium.java_client.remote.AppiumCommandExecutor.execute(AppiumCommandExecutor.java:239)
	at org.openqa.selenium.remote.RemoteWebDriver.execute(RemoteWebDriver.java:548)
	at io.appium.java_client.DefaultGenericMobileDriver.execute(DefaultGenericMobileDriver.java:45)
	at io.appium.java_client.AppiumDriver.execute(AppiumDriver.java:1)
	at io.appium.java_client.android.AndroidDriver.execute(AndroidDriver.java:1)
	at unit.Utilities.execute(Utilities.java:1)
	at org.openqa.selenium.remote.RemoteWebDriver.getScreenshotAs(RemoteWebDriver.java:294)
	at unit.Utilities.ErrorScreenshots(Utilities.java:1176)
	at unit.TestCase.AfterMethod(TestCase.java:131)
	at sun.reflect.NativeMethodAccessorImpl.invoke0(Native Method)
	at sun.reflect.NativeMethodAccessorImpl.invoke(Unknown Source)
	at sun.reflect.DelegatingMethodAccessorImpl.invoke(Unknown Source)
	at java.lang.reflect.Method.invoke(Unknown Source)
	at org.testng.internal.MethodInvocationHelper.invokeMethod(MethodInvocationHelper.java:86)
	at org.testng.internal.Invoker.invokeConfigurationMethod(Invoker.java:514)
	at org.testng.internal.Invoker.invokeConfigurations(Invoker.java:215)
	at org.testng.internal.Invoker.invokeMethod(Invoker.java:707)
	at org.testng.internal.Invoker.invokeTestMethod(Invoker.java:820)
	at org.testng.internal.Invoker.invokeTestMethods(Invoker.java:1128)
	at org.testng.internal.TestMethodWorker.invokeTestMethods(TestMethodWorker.java:129)
	at org.testng.internal.TestMethodWorker.run(TestMethodWorker.java:112)
	at org.testng.TestRunner.privateRun(TestRunner.java:782)
	at org.testng.TestRunner.run(TestRunner.java:632)
	at org.testng.SuiteRunner.runTest(SuiteRunner.java:366)
	at org.testng.SuiteRunner.access$000(SuiteRunner.java:39)
	at org.testng.SuiteRunner$SuiteWorker.run(SuiteRunner.java:400)
	at org.testng.internal.thread.ThreadUtil$2.call(ThreadUtil.java:64)
	at java.util.concurrent.FutureTask.run(Unknown Source)
	at java.util.concurrent.ThreadPoolExecutor.runWorker(Unknown Source)
	at java.util.concurrent.ThreadPoolExecutor$Worker.run(Unknown Source)
	at java.lang.Thread.run(Unknown Source)
]]>
    </error>
  </testcase> <!-- TC_연결_307 -->
  <testcase name="TC_연결_295" time="0.001" classname="NUGUAPP_002_연결.연결_06_NUGU_albertAI">
    <error type="org.openqa.selenium.WebDriverException" message="An unknown server-side error occurred while processing the command. Original error: Could not proxy command to remote server. Original error: Error: socket hang up
Build info: version: &#039;3.14.0&#039;, revision: &#039;aacccce0&#039;, time: &#039;2018-08-02T20:19:58.91Z&#039;
System info: host: &#039;SKT1112049PN002&#039;, ip: &#039;172.23.174.101&#039;, os.name: &#039;Windows 10&#039;, os.arch: &#039;amd64&#039;, os.version: &#039;10.0&#039;, java.version: &#039;1.8.0_241&#039;
Driver info: unit.Utilities
Capabilities {appActivity: com.skt.nugu.ui.LoginActivity, appPackage: com.skt.aladdin, automationName: UIAutomator2, chromedriverArgs: {browserName: chrome, goog:chromeOptions: {args: [], extensions: [], w3c: false}}, chromedriverExecutable: C:\chromedriver_win32\chrom..., databaseEnabled: false, desired: {appActivity: com.skt.nugu.ui.LoginActivity, appPackage: com.skt.aladdin, automationName: UIAutomator2, chromedriverArgs: {browserName: chrome, goog:chromeOptions: {args: [], extensions: [], w3c: false}}, chromedriverExecutable: C:\chromedriver_win32\chrom..., deviceName: Android, platformName: android, showChromedriverLog: true, udid: ce12160cb994301d04}, deviceApiLevel: 28, deviceManufacturer: samsung, deviceModel: SM-G955N, deviceName: ce12160cb994301d04, deviceScreenDensity: 420, deviceScreenSize: 1080x2220, deviceUDID: ce12160cb994301d04, javascriptEnabled: true, locationContextEnabled: false, networkConnectionEnabled: true, pixelRatio: 2.625, platform: LINUX, platformName: Android, platformVersion: 9, showChromedriverLog: true, statBarHeight: 63, takesScreenshot: true, udid: ce12160cb994301d04, viewportRect: {height: 2031, left: 0, top: 63, width: 1080}, warnings: {}, webStorageEnabled: false}
Session ID: 825c00a0-6854-4d71-a37a-aaa52030743a">
      <![CDATA[org.openqa.selenium.WebDriverException: An unknown server-side error occurred while processing the command. Original error: Could not proxy command to remote server. Original error: Error: socket hang up
Build info: version: '3.14.0', revision: 'aacccce0', time: '2018-08-02T20:19:58.91Z'
System info: host: 'SKT1112049PN002', ip: '172.23.174.101', os.name: 'Windows 10', os.arch: 'amd64', os.version: '10.0', java.version: '1.8.0_241'
Driver info: unit.Utilities
Capabilities {appActivity: com.skt.nugu.ui.LoginActivity, appPackage: com.skt.aladdin, automationName: UIAutomator2, chromedriverArgs: {browserName: chrome, goog:chromeOptions: {args: [], extensions: [], w3c: false}}, chromedriverExecutable: C:\chromedriver_win32\chrom..., databaseEnabled: false, desired: {appActivity: com.skt.nugu.ui.LoginActivity, appPackage: com.skt.aladdin, automationName: UIAutomator2, chromedriverArgs: {browserName: chrome, goog:chromeOptions: {args: [], extensions: [], w3c: false}}, chromedriverExecutable: C:\chromedriver_win32\chrom..., deviceName: Android, platformName: android, showChromedriverLog: true, udid: ce12160cb994301d04}, deviceApiLevel: 28, deviceManufacturer: samsung, deviceModel: SM-G955N, deviceName: ce12160cb994301d04, deviceScreenDensity: 420, deviceScreenSize: 1080x2220, deviceUDID: ce12160cb994301d04, javascriptEnabled: true, locationContextEnabled: false, networkConnectionEnabled: true, pixelRatio: 2.625, platform: LINUX, platformName: Android, platformVersion: 9, showChromedriverLog: true, statBarHeight: 63, takesScreenshot: true, udid: ce12160cb994301d04, viewportRect: {height: 2031, left: 0, top: 63, width: 1080}, warnings: {}, webStorageEnabled: false}
Session ID: 825c00a0-6854-4d71-a37a-aaa52030743a
	at sun.reflect.NativeConstructorAccessorImpl.newInstance0(Native Method)
	at sun.reflect.NativeConstructorAccessorImpl.newInstance(Unknown Source)
	at sun.reflect.DelegatingConstructorAccessorImpl.newInstance(Unknown Source)
	at java.lang.reflect.Constructor.newInstance(Unknown Source)
	at org.openqa.selenium.remote.http.W3CHttpResponseCodec.createException(W3CHttpResponseCodec.java:187)
	at org.openqa.selenium.remote.http.W3CHttpResponseCodec.decode(W3CHttpResponseCodec.java:122)
	at org.openqa.selenium.remote.http.W3CHttpResponseCodec.decode(W3CHttpResponseCodec.java:49)
	at org.openqa.selenium.remote.HttpCommandExecutor.execute(HttpCommandExecutor.java:158)
	at io.appium.java_client.remote.AppiumCommandExecutor.execute(AppiumCommandExecutor.java:239)
	at org.openqa.selenium.remote.RemoteWebDriver.execute(RemoteWebDriver.java:548)
	at io.appium.java_client.DefaultGenericMobileDriver.execute(DefaultGenericMobileDriver.java:45)
	at io.appium.java_client.AppiumDriver.execute(AppiumDriver.java:1)
	at io.appium.java_client.android.AndroidDriver.execute(AndroidDriver.java:1)
	at unit.Utilities.execute(Utilities.java:1)
	at org.openqa.selenium.remote.RemoteWebDriver.getScreenshotAs(RemoteWebDriver.java:294)
	at unit.Utilities.ErrorScreenshots(Utilities.java:1176)
	at unit.TestCase.AfterMethod(TestCase.java:131)
	at sun.reflect.NativeMethodAccessorImpl.invoke0(Native Method)
	at sun.reflect.NativeMethodAccessorImpl.invoke(Unknown Source)
	at sun.reflect.DelegatingMethodAccessorImpl.invoke(Unknown Source)
	at java.lang.reflect.Method.invoke(Unknown Source)
	at org.testng.internal.MethodInvocationHelper.invokeMethod(MethodInvocationHelper.java:86)
	at org.testng.internal.Invoker.invokeConfigurationMethod(Invoker.java:514)
	at org.testng.internal.Invoker.invokeConfigurations(Invoker.java:215)
	at org.testng.internal.Invoker.invokeMethod(Invoker.java:707)
	at org.testng.internal.Invoker.invokeTestMethod(Invoker.java:820)
	at org.testng.internal.Invoker.invokeTestMethods(Invoker.java:1128)
	at org.testng.internal.TestMethodWorker.invokeTestMethods(TestMethodWorker.java:129)
	at org.testng.internal.TestMethodWorker.run(TestMethodWorker.java:112)
	at org.testng.TestRunner.privateRun(TestRunner.java:782)
	at org.testng.TestRunner.run(TestRunner.java:632)
	at org.testng.SuiteRunner.runTest(SuiteRunner.java:366)
	at org.testng.SuiteRunner.access$000(SuiteRunner.java:39)
	at org.testng.SuiteRunner$SuiteWorker.run(SuiteRunner.java:400)
	at org.testng.internal.thread.ThreadUtil$2.call(ThreadUtil.java:64)
	at java.util.concurrent.FutureTask.run(Unknown Source)
	at java.util.concurrent.ThreadPoolExecutor.runWorker(Unknown Source)
	at java.util.concurrent.ThreadPoolExecutor$Worker.run(Unknown Source)
	at java.lang.Thread.run(Unknown Source)
]]>
    </error>
  </testcase> <!-- TC_연결_295 -->
  <testcase name="TC_연결_282" time="0.001" classname="NUGUAPP_002_연결.연결_06_NUGU_albertAI">
    <error type="org.openqa.selenium.WebDriverException" message="An unknown server-side error occurred while processing the command. Original error: Could not proxy command to remote server. Original error: Error: socket hang up
Build info: version: &#039;3.14.0&#039;, revision: &#039;aacccce0&#039;, time: &#039;2018-08-02T20:19:58.91Z&#039;
System info: host: &#039;SKT1112049PN002&#039;, ip: &#039;172.23.174.101&#039;, os.name: &#039;Windows 10&#039;, os.arch: &#039;amd64&#039;, os.version: &#039;10.0&#039;, java.version: &#039;1.8.0_241&#039;
Driver info: unit.Utilities
Capabilities {appActivity: com.skt.nugu.ui.LoginActivity, appPackage: com.skt.aladdin, automationName: UIAutomator2, chromedriverArgs: {browserName: chrome, goog:chromeOptions: {args: [], extensions: [], w3c: false}}, chromedriverExecutable: C:\chromedriver_win32\chrom..., databaseEnabled: false, desired: {appActivity: com.skt.nugu.ui.LoginActivity, appPackage: com.skt.aladdin, automationName: UIAutomator2, chromedriverArgs: {browserName: chrome, goog:chromeOptions: {args: [], extensions: [], w3c: false}}, chromedriverExecutable: C:\chromedriver_win32\chrom..., deviceName: Android, platformName: android, showChromedriverLog: true, udid: ce12160cb994301d04}, deviceApiLevel: 28, deviceManufacturer: samsung, deviceModel: SM-G955N, deviceName: ce12160cb994301d04, deviceScreenDensity: 420, deviceScreenSize: 1080x2220, deviceUDID: ce12160cb994301d04, javascriptEnabled: true, locationContextEnabled: false, networkConnectionEnabled: true, pixelRatio: 2.625, platform: LINUX, platformName: Android, platformVersion: 9, showChromedriverLog: true, statBarHeight: 63, takesScreenshot: true, udid: ce12160cb994301d04, viewportRect: {height: 2031, left: 0, top: 63, width: 1080}, warnings: {}, webStorageEnabled: false}
Session ID: 825c00a0-6854-4d71-a37a-aaa52030743a">
      <![CDATA[org.openqa.selenium.WebDriverException: An unknown server-side error occurred while processing the command. Original error: Could not proxy command to remote server. Original error: Error: socket hang up
Build info: version: '3.14.0', revision: 'aacccce0', time: '2018-08-02T20:19:58.91Z'
System info: host: 'SKT1112049PN002', ip: '172.23.174.101', os.name: 'Windows 10', os.arch: 'amd64', os.version: '10.0', java.version: '1.8.0_241'
Driver info: unit.Utilities
Capabilities {appActivity: com.skt.nugu.ui.LoginActivity, appPackage: com.skt.aladdin, automationName: UIAutomator2, chromedriverArgs: {browserName: chrome, goog:chromeOptions: {args: [], extensions: [], w3c: false}}, chromedriverExecutable: C:\chromedriver_win32\chrom..., databaseEnabled: false, desired: {appActivity: com.skt.nugu.ui.LoginActivity, appPackage: com.skt.aladdin, automationName: UIAutomator2, chromedriverArgs: {browserName: chrome, goog:chromeOptions: {args: [], extensions: [], w3c: false}}, chromedriverExecutable: C:\chromedriver_win32\chrom..., deviceName: Android, platformName: android, showChromedriverLog: true, udid: ce12160cb994301d04}, deviceApiLevel: 28, deviceManufacturer: samsung, deviceModel: SM-G955N, deviceName: ce12160cb994301d04, deviceScreenDensity: 420, deviceScreenSize: 1080x2220, deviceUDID: ce12160cb994301d04, javascriptEnabled: true, locationContextEnabled: false, networkConnectionEnabled: true, pixelRatio: 2.625, platform: LINUX, platformName: Android, platformVersion: 9, showChromedriverLog: true, statBarHeight: 63, takesScreenshot: true, udid: ce12160cb994301d04, viewportRect: {height: 2031, left: 0, top: 63, width: 1080}, warnings: {}, webStorageEnabled: false}
Session ID: 825c00a0-6854-4d71-a37a-aaa52030743a
	at sun.reflect.NativeConstructorAccessorImpl.newInstance0(Native Method)
	at sun.reflect.NativeConstructorAccessorImpl.newInstance(Unknown Source)
	at sun.reflect.DelegatingConstructorAccessorImpl.newInstance(Unknown Source)
	at java.lang.reflect.Constructor.newInstance(Unknown Source)
	at org.openqa.selenium.remote.http.W3CHttpResponseCodec.createException(W3CHttpResponseCodec.java:187)
	at org.openqa.selenium.remote.http.W3CHttpResponseCodec.decode(W3CHttpResponseCodec.java:122)
	at org.openqa.selenium.remote.http.W3CHttpResponseCodec.decode(W3CHttpResponseCodec.java:49)
	at org.openqa.selenium.remote.HttpCommandExecutor.execute(HttpCommandExecutor.java:158)
	at io.appium.java_client.remote.AppiumCommandExecutor.execute(AppiumCommandExecutor.java:239)
	at org.openqa.selenium.remote.RemoteWebDriver.execute(RemoteWebDriver.java:548)
	at io.appium.java_client.DefaultGenericMobileDriver.execute(DefaultGenericMobileDriver.java:45)
	at io.appium.java_client.AppiumDriver.execute(AppiumDriver.java:1)
	at io.appium.java_client.android.AndroidDriver.execute(AndroidDriver.java:1)
	at unit.Utilities.execute(Utilities.java:1)
	at org.openqa.selenium.remote.RemoteWebDriver.getScreenshotAs(RemoteWebDriver.java:294)
	at unit.Utilities.ErrorScreenshots(Utilities.java:1176)
	at unit.TestCase.AfterMethod(TestCase.java:131)
	at sun.reflect.NativeMethodAccessorImpl.invoke0(Native Method)
	at sun.reflect.NativeMethodAccessorImpl.invoke(Unknown Source)
	at sun.reflect.DelegatingMethodAccessorImpl.invoke(Unknown Source)
	at java.lang.reflect.Method.invoke(Unknown Source)
	at org.testng.internal.MethodInvocationHelper.invokeMethod(MethodInvocationHelper.java:86)
	at org.testng.internal.Invoker.invokeConfigurationMethod(Invoker.java:514)
	at org.testng.internal.Invoker.invokeConfigurations(Invoker.java:215)
	at org.testng.internal.Invoker.invokeMethod(Invoker.java:707)
	at org.testng.internal.Invoker.invokeTestMethod(Invoker.java:820)
	at org.testng.internal.Invoker.invokeTestMethods(Invoker.java:1128)
	at org.testng.internal.TestMethodWorker.invokeTestMethods(TestMethodWorker.java:129)
	at org.testng.internal.TestMethodWorker.run(TestMethodWorker.java:112)
	at org.testng.TestRunner.privateRun(TestRunner.java:782)
	at org.testng.TestRunner.run(TestRunner.java:632)
	at org.testng.SuiteRunner.runTest(SuiteRunner.java:366)
	at org.testng.SuiteRunner.access$000(SuiteRunner.java:39)
	at org.testng.SuiteRunner$SuiteWorker.run(SuiteRunner.java:400)
	at org.testng.internal.thread.ThreadUtil$2.call(ThreadUtil.java:64)
	at java.util.concurrent.FutureTask.run(Unknown Source)
	at java.util.concurrent.ThreadPoolExecutor.runWorker(Unknown Source)
	at java.util.concurrent.ThreadPoolExecutor$Worker.run(Unknown Source)
	at java.lang.Thread.run(Unknown Source)
]]>
    </error>
  </testcase> <!-- TC_연결_282 -->
  <testcase name="TC_연결_294" time="0.001" classname="NUGUAPP_002_연결.연결_06_NUGU_albertAI">
    <error type="org.openqa.selenium.WebDriverException" message="An unknown server-side error occurred while processing the command. Original error: Could not proxy command to remote server. Original error: Error: socket hang up
Build info: version: &#039;3.14.0&#039;, revision: &#039;aacccce0&#039;, time: &#039;2018-08-02T20:19:58.91Z&#039;
System info: host: &#039;SKT1112049PN002&#039;, ip: &#039;172.23.174.101&#039;, os.name: &#039;Windows 10&#039;, os.arch: &#039;amd64&#039;, os.version: &#039;10.0&#039;, java.version: &#039;1.8.0_241&#039;
Driver info: unit.Utilities
Capabilities {appActivity: com.skt.nugu.ui.LoginActivity, appPackage: com.skt.aladdin, automationName: UIAutomator2, chromedriverArgs: {browserName: chrome, goog:chromeOptions: {args: [], extensions: [], w3c: false}}, chromedriverExecutable: C:\chromedriver_win32\chrom..., databaseEnabled: false, desired: {appActivity: com.skt.nugu.ui.LoginActivity, appPackage: com.skt.aladdin, automationName: UIAutomator2, chromedriverArgs: {browserName: chrome, goog:chromeOptions: {args: [], extensions: [], w3c: false}}, chromedriverExecutable: C:\chromedriver_win32\chrom..., deviceName: Android, platformName: android, showChromedriverLog: true, udid: ce12160cb994301d04}, deviceApiLevel: 28, deviceManufacturer: samsung, deviceModel: SM-G955N, deviceName: ce12160cb994301d04, deviceScreenDensity: 420, deviceScreenSize: 1080x2220, deviceUDID: ce12160cb994301d04, javascriptEnabled: true, locationContextEnabled: false, networkConnectionEnabled: true, pixelRatio: 2.625, platform: LINUX, platformName: Android, platformVersion: 9, showChromedriverLog: true, statBarHeight: 63, takesScreenshot: true, udid: ce12160cb994301d04, viewportRect: {height: 2031, left: 0, top: 63, width: 1080}, warnings: {}, webStorageEnabled: false}
Session ID: 825c00a0-6854-4d71-a37a-aaa52030743a">
      <![CDATA[org.openqa.selenium.WebDriverException: An unknown server-side error occurred while processing the command. Original error: Could not proxy command to remote server. Original error: Error: socket hang up
Build info: version: '3.14.0', revision: 'aacccce0', time: '2018-08-02T20:19:58.91Z'
System info: host: 'SKT1112049PN002', ip: '172.23.174.101', os.name: 'Windows 10', os.arch: 'amd64', os.version: '10.0', java.version: '1.8.0_241'
Driver info: unit.Utilities
Capabilities {appActivity: com.skt.nugu.ui.LoginActivity, appPackage: com.skt.aladdin, automationName: UIAutomator2, chromedriverArgs: {browserName: chrome, goog:chromeOptions: {args: [], extensions: [], w3c: false}}, chromedriverExecutable: C:\chromedriver_win32\chrom..., databaseEnabled: false, desired: {appActivity: com.skt.nugu.ui.LoginActivity, appPackage: com.skt.aladdin, automationName: UIAutomator2, chromedriverArgs: {browserName: chrome, goog:chromeOptions: {args: [], extensions: [], w3c: false}}, chromedriverExecutable: C:\chromedriver_win32\chrom..., deviceName: Android, platformName: android, showChromedriverLog: true, udid: ce12160cb994301d04}, deviceApiLevel: 28, deviceManufacturer: samsung, deviceModel: SM-G955N, deviceName: ce12160cb994301d04, deviceScreenDensity: 420, deviceScreenSize: 1080x2220, deviceUDID: ce12160cb994301d04, javascriptEnabled: true, locationContextEnabled: false, networkConnectionEnabled: true, pixelRatio: 2.625, platform: LINUX, platformName: Android, platformVersion: 9, showChromedriverLog: true, statBarHeight: 63, takesScreenshot: true, udid: ce12160cb994301d04, viewportRect: {height: 2031, left: 0, top: 63, width: 1080}, warnings: {}, webStorageEnabled: false}
Session ID: 825c00a0-6854-4d71-a37a-aaa52030743a
	at sun.reflect.NativeConstructorAccessorImpl.newInstance0(Native Method)
	at sun.reflect.NativeConstructorAccessorImpl.newInstance(Unknown Source)
	at sun.reflect.DelegatingConstructorAccessorImpl.newInstance(Unknown Source)
	at java.lang.reflect.Constructor.newInstance(Unknown Source)
	at org.openqa.selenium.remote.http.W3CHttpResponseCodec.createException(W3CHttpResponseCodec.java:187)
	at org.openqa.selenium.remote.http.W3CHttpResponseCodec.decode(W3CHttpResponseCodec.java:122)
	at org.openqa.selenium.remote.http.W3CHttpResponseCodec.decode(W3CHttpResponseCodec.java:49)
	at org.openqa.selenium.remote.HttpCommandExecutor.execute(HttpCommandExecutor.java:158)
	at io.appium.java_client.remote.AppiumCommandExecutor.execute(AppiumCommandExecutor.java:239)
	at org.openqa.selenium.remote.RemoteWebDriver.execute(RemoteWebDriver.java:548)
	at io.appium.java_client.DefaultGenericMobileDriver.execute(DefaultGenericMobileDriver.java:45)
	at io.appium.java_client.AppiumDriver.execute(AppiumDriver.java:1)
	at io.appium.java_client.android.AndroidDriver.execute(AndroidDriver.java:1)
	at unit.Utilities.execute(Utilities.java:1)
	at org.openqa.selenium.remote.RemoteWebDriver.getScreenshotAs(RemoteWebDriver.java:294)
	at unit.Utilities.ErrorScreenshots(Utilities.java:1176)
	at unit.TestCase.AfterMethod(TestCase.java:131)
	at sun.reflect.NativeMethodAccessorImpl.invoke0(Native Method)
	at sun.reflect.NativeMethodAccessorImpl.invoke(Unknown Source)
	at sun.reflect.DelegatingMethodAccessorImpl.invoke(Unknown Source)
	at java.lang.reflect.Method.invoke(Unknown Source)
	at org.testng.internal.MethodInvocationHelper.invokeMethod(MethodInvocationHelper.java:86)
	at org.testng.internal.Invoker.invokeConfigurationMethod(Invoker.java:514)
	at org.testng.internal.Invoker.invokeConfigurations(Invoker.java:215)
	at org.testng.internal.Invoker.invokeMethod(Invoker.java:707)
	at org.testng.internal.Invoker.invokeTestMethod(Invoker.java:820)
	at org.testng.internal.Invoker.invokeTestMethods(Invoker.java:1128)
	at org.testng.internal.TestMethodWorker.invokeTestMethods(TestMethodWorker.java:129)
	at org.testng.internal.TestMethodWorker.run(TestMethodWorker.java:112)
	at org.testng.TestRunner.privateRun(TestRunner.java:782)
	at org.testng.TestRunner.run(TestRunner.java:632)
	at org.testng.SuiteRunner.runTest(SuiteRunner.java:366)
	at org.testng.SuiteRunner.access$000(SuiteRunner.java:39)
	at org.testng.SuiteRunner$SuiteWorker.run(SuiteRunner.java:400)
	at org.testng.internal.thread.ThreadUtil$2.call(ThreadUtil.java:64)
	at java.util.concurrent.FutureTask.run(Unknown Source)
	at java.util.concurrent.ThreadPoolExecutor.runWorker(Unknown Source)
	at java.util.concurrent.ThreadPoolExecutor$Worker.run(Unknown Source)
	at java.lang.Thread.run(Unknown Source)
]]>
    </error>
  </testcase> <!-- TC_연결_294 -->
  <testcase name="TC_연결_285" time="0.001" classname="NUGUAPP_002_연결.연결_06_NUGU_albertAI">
    <error type="org.openqa.selenium.WebDriverException" message="An unknown server-side error occurred while processing the command. Original error: Could not proxy command to remote server. Original error: Error: socket hang up
Build info: version: &#039;3.14.0&#039;, revision: &#039;aacccce0&#039;, time: &#039;2018-08-02T20:19:58.91Z&#039;
System info: host: &#039;SKT1112049PN002&#039;, ip: &#039;172.23.174.101&#039;, os.name: &#039;Windows 10&#039;, os.arch: &#039;amd64&#039;, os.version: &#039;10.0&#039;, java.version: &#039;1.8.0_241&#039;
Driver info: unit.Utilities
Capabilities {appActivity: com.skt.nugu.ui.LoginActivity, appPackage: com.skt.aladdin, automationName: UIAutomator2, chromedriverArgs: {browserName: chrome, goog:chromeOptions: {args: [], extensions: [], w3c: false}}, chromedriverExecutable: C:\chromedriver_win32\chrom..., databaseEnabled: false, desired: {appActivity: com.skt.nugu.ui.LoginActivity, appPackage: com.skt.aladdin, automationName: UIAutomator2, chromedriverArgs: {browserName: chrome, goog:chromeOptions: {args: [], extensions: [], w3c: false}}, chromedriverExecutable: C:\chromedriver_win32\chrom..., deviceName: Android, platformName: android, showChromedriverLog: true, udid: ce12160cb994301d04}, deviceApiLevel: 28, deviceManufacturer: samsung, deviceModel: SM-G955N, deviceName: ce12160cb994301d04, deviceScreenDensity: 420, deviceScreenSize: 1080x2220, deviceUDID: ce12160cb994301d04, javascriptEnabled: true, locationContextEnabled: false, networkConnectionEnabled: true, pixelRatio: 2.625, platform: LINUX, platformName: Android, platformVersion: 9, showChromedriverLog: true, statBarHeight: 63, takesScreenshot: true, udid: ce12160cb994301d04, viewportRect: {height: 2031, left: 0, top: 63, width: 1080}, warnings: {}, webStorageEnabled: false}
Session ID: 825c00a0-6854-4d71-a37a-aaa52030743a">
      <![CDATA[org.openqa.selenium.WebDriverException: An unknown server-side error occurred while processing the command. Original error: Could not proxy command to remote server. Original error: Error: socket hang up
Build info: version: '3.14.0', revision: 'aacccce0', time: '2018-08-02T20:19:58.91Z'
System info: host: 'SKT1112049PN002', ip: '172.23.174.101', os.name: 'Windows 10', os.arch: 'amd64', os.version: '10.0', java.version: '1.8.0_241'
Driver info: unit.Utilities
Capabilities {appActivity: com.skt.nugu.ui.LoginActivity, appPackage: com.skt.aladdin, automationName: UIAutomator2, chromedriverArgs: {browserName: chrome, goog:chromeOptions: {args: [], extensions: [], w3c: false}}, chromedriverExecutable: C:\chromedriver_win32\chrom..., databaseEnabled: false, desired: {appActivity: com.skt.nugu.ui.LoginActivity, appPackage: com.skt.aladdin, automationName: UIAutomator2, chromedriverArgs: {browserName: chrome, goog:chromeOptions: {args: [], extensions: [], w3c: false}}, chromedriverExecutable: C:\chromedriver_win32\chrom..., deviceName: Android, platformName: android, showChromedriverLog: true, udid: ce12160cb994301d04}, deviceApiLevel: 28, deviceManufacturer: samsung, deviceModel: SM-G955N, deviceName: ce12160cb994301d04, deviceScreenDensity: 420, deviceScreenSize: 1080x2220, deviceUDID: ce12160cb994301d04, javascriptEnabled: true, locationContextEnabled: false, networkConnectionEnabled: true, pixelRatio: 2.625, platform: LINUX, platformName: Android, platformVersion: 9, showChromedriverLog: true, statBarHeight: 63, takesScreenshot: true, udid: ce12160cb994301d04, viewportRect: {height: 2031, left: 0, top: 63, width: 1080}, warnings: {}, webStorageEnabled: false}
Session ID: 825c00a0-6854-4d71-a37a-aaa52030743a
	at sun.reflect.NativeConstructorAccessorImpl.newInstance0(Native Method)
	at sun.reflect.NativeConstructorAccessorImpl.newInstance(Unknown Source)
	at sun.reflect.DelegatingConstructorAccessorImpl.newInstance(Unknown Source)
	at java.lang.reflect.Constructor.newInstance(Unknown Source)
	at org.openqa.selenium.remote.http.W3CHttpResponseCodec.createException(W3CHttpResponseCodec.java:187)
	at org.openqa.selenium.remote.http.W3CHttpResponseCodec.decode(W3CHttpResponseCodec.java:122)
	at org.openqa.selenium.remote.http.W3CHttpResponseCodec.decode(W3CHttpResponseCodec.java:49)
	at org.openqa.selenium.remote.HttpCommandExecutor.execute(HttpCommandExecutor.java:158)
	at io.appium.java_client.remote.AppiumCommandExecutor.execute(AppiumCommandExecutor.java:239)
	at org.openqa.selenium.remote.RemoteWebDriver.execute(RemoteWebDriver.java:548)
	at io.appium.java_client.DefaultGenericMobileDriver.execute(DefaultGenericMobileDriver.java:45)
	at io.appium.java_client.AppiumDriver.execute(AppiumDriver.java:1)
	at io.appium.java_client.android.AndroidDriver.execute(AndroidDriver.java:1)
	at unit.Utilities.execute(Utilities.java:1)
	at org.openqa.selenium.remote.RemoteWebDriver.getScreenshotAs(RemoteWebDriver.java:294)
	at unit.Utilities.ErrorScreenshots(Utilities.java:1176)
	at unit.TestCase.AfterMethod(TestCase.java:131)
	at sun.reflect.NativeMethodAccessorImpl.invoke0(Native Method)
	at sun.reflect.NativeMethodAccessorImpl.invoke(Unknown Source)
	at sun.reflect.DelegatingMethodAccessorImpl.invoke(Unknown Source)
	at java.lang.reflect.Method.invoke(Unknown Source)
	at org.testng.internal.MethodInvocationHelper.invokeMethod(MethodInvocationHelper.java:86)
	at org.testng.internal.Invoker.invokeConfigurationMethod(Invoker.java:514)
	at org.testng.internal.Invoker.invokeConfigurations(Invoker.java:215)
	at org.testng.internal.Invoker.invokeMethod(Invoker.java:707)
	at org.testng.internal.Invoker.invokeTestMethod(Invoker.java:820)
	at org.testng.internal.Invoker.invokeTestMethods(Invoker.java:1128)
	at org.testng.internal.TestMethodWorker.invokeTestMethods(TestMethodWorker.java:129)
	at org.testng.internal.TestMethodWorker.run(TestMethodWorker.java:112)
	at org.testng.TestRunner.privateRun(TestRunner.java:782)
	at org.testng.TestRunner.run(TestRunner.java:632)
	at org.testng.SuiteRunner.runTest(SuiteRunner.java:366)
	at org.testng.SuiteRunner.access$000(SuiteRunner.java:39)
	at org.testng.SuiteRunner$SuiteWorker.run(SuiteRunner.java:400)
	at org.testng.internal.thread.ThreadUtil$2.call(ThreadUtil.java:64)
	at java.util.concurrent.FutureTask.run(Unknown Source)
	at java.util.concurrent.ThreadPoolExecutor.runWorker(Unknown Source)
	at java.util.concurrent.ThreadPoolExecutor$Worker.run(Unknown Source)
	at java.lang.Thread.run(Unknown Source)
]]>
    </error>
  </testcase> <!-- TC_연결_285 -->
  <testcase name="TC_연결_289" time="0.001" classname="NUGUAPP_002_연결.연결_06_NUGU_albertAI">
    <error type="org.openqa.selenium.WebDriverException" message="An unknown server-side error occurred while processing the command. Original error: Could not proxy command to remote server. Original error: Error: socket hang up
Build info: version: &#039;3.14.0&#039;, revision: &#039;aacccce0&#039;, time: &#039;2018-08-02T20:19:58.91Z&#039;
System info: host: &#039;SKT1112049PN002&#039;, ip: &#039;172.23.174.101&#039;, os.name: &#039;Windows 10&#039;, os.arch: &#039;amd64&#039;, os.version: &#039;10.0&#039;, java.version: &#039;1.8.0_241&#039;
Driver info: unit.Utilities
Capabilities {appActivity: com.skt.nugu.ui.LoginActivity, appPackage: com.skt.aladdin, automationName: UIAutomator2, chromedriverArgs: {browserName: chrome, goog:chromeOptions: {args: [], extensions: [], w3c: false}}, chromedriverExecutable: C:\chromedriver_win32\chrom..., databaseEnabled: false, desired: {appActivity: com.skt.nugu.ui.LoginActivity, appPackage: com.skt.aladdin, automationName: UIAutomator2, chromedriverArgs: {browserName: chrome, goog:chromeOptions: {args: [], extensions: [], w3c: false}}, chromedriverExecutable: C:\chromedriver_win32\chrom..., deviceName: Android, platformName: android, showChromedriverLog: true, udid: ce12160cb994301d04}, deviceApiLevel: 28, deviceManufacturer: samsung, deviceModel: SM-G955N, deviceName: ce12160cb994301d04, deviceScreenDensity: 420, deviceScreenSize: 1080x2220, deviceUDID: ce12160cb994301d04, javascriptEnabled: true, locationContextEnabled: false, networkConnectionEnabled: true, pixelRatio: 2.625, platform: LINUX, platformName: Android, platformVersion: 9, showChromedriverLog: true, statBarHeight: 63, takesScreenshot: true, udid: ce12160cb994301d04, viewportRect: {height: 2031, left: 0, top: 63, width: 1080}, warnings: {}, webStorageEnabled: false}
Session ID: 825c00a0-6854-4d71-a37a-aaa52030743a">
      <![CDATA[org.openqa.selenium.WebDriverException: An unknown server-side error occurred while processing the command. Original error: Could not proxy command to remote server. Original error: Error: socket hang up
Build info: version: '3.14.0', revision: 'aacccce0', time: '2018-08-02T20:19:58.91Z'
System info: host: 'SKT1112049PN002', ip: '172.23.174.101', os.name: 'Windows 10', os.arch: 'amd64', os.version: '10.0', java.version: '1.8.0_241'
Driver info: unit.Utilities
Capabilities {appActivity: com.skt.nugu.ui.LoginActivity, appPackage: com.skt.aladdin, automationName: UIAutomator2, chromedriverArgs: {browserName: chrome, goog:chromeOptions: {args: [], extensions: [], w3c: false}}, chromedriverExecutable: C:\chromedriver_win32\chrom..., databaseEnabled: false, desired: {appActivity: com.skt.nugu.ui.LoginActivity, appPackage: com.skt.aladdin, automationName: UIAutomator2, chromedriverArgs: {browserName: chrome, goog:chromeOptions: {args: [], extensions: [], w3c: false}}, chromedriverExecutable: C:\chromedriver_win32\chrom..., deviceName: Android, platformName: android, showChromedriverLog: true, udid: ce12160cb994301d04}, deviceApiLevel: 28, deviceManufacturer: samsung, deviceModel: SM-G955N, deviceName: ce12160cb994301d04, deviceScreenDensity: 420, deviceScreenSize: 1080x2220, deviceUDID: ce12160cb994301d04, javascriptEnabled: true, locationContextEnabled: false, networkConnectionEnabled: true, pixelRatio: 2.625, platform: LINUX, platformName: Android, platformVersion: 9, showChromedriverLog: true, statBarHeight: 63, takesScreenshot: true, udid: ce12160cb994301d04, viewportRect: {height: 2031, left: 0, top: 63, width: 1080}, warnings: {}, webStorageEnabled: false}
Session ID: 825c00a0-6854-4d71-a37a-aaa52030743a
	at sun.reflect.NativeConstructorAccessorImpl.newInstance0(Native Method)
	at sun.reflect.NativeConstructorAccessorImpl.newInstance(Unknown Source)
	at sun.reflect.DelegatingConstructorAccessorImpl.newInstance(Unknown Source)
	at java.lang.reflect.Constructor.newInstance(Unknown Source)
	at org.openqa.selenium.remote.http.W3CHttpResponseCodec.createException(W3CHttpResponseCodec.java:187)
	at org.openqa.selenium.remote.http.W3CHttpResponseCodec.decode(W3CHttpResponseCodec.java:122)
	at org.openqa.selenium.remote.http.W3CHttpResponseCodec.decode(W3CHttpResponseCodec.java:49)
	at org.openqa.selenium.remote.HttpCommandExecutor.execute(HttpCommandExecutor.java:158)
	at io.appium.java_client.remote.AppiumCommandExecutor.execute(AppiumCommandExecutor.java:239)
	at org.openqa.selenium.remote.RemoteWebDriver.execute(RemoteWebDriver.java:548)
	at io.appium.java_client.DefaultGenericMobileDriver.execute(DefaultGenericMobileDriver.java:45)
	at io.appium.java_client.AppiumDriver.execute(AppiumDriver.java:1)
	at io.appium.java_client.android.AndroidDriver.execute(AndroidDriver.java:1)
	at unit.Utilities.execute(Utilities.java:1)
	at org.openqa.selenium.remote.RemoteWebDriver.getScreenshotAs(RemoteWebDriver.java:294)
	at unit.Utilities.ErrorScreenshots(Utilities.java:1176)
	at unit.TestCase.AfterMethod(TestCase.java:131)
	at sun.reflect.NativeMethodAccessorImpl.invoke0(Native Method)
	at sun.reflect.NativeMethodAccessorImpl.invoke(Unknown Source)
	at sun.reflect.DelegatingMethodAccessorImpl.invoke(Unknown Source)
	at java.lang.reflect.Method.invoke(Unknown Source)
	at org.testng.internal.MethodInvocationHelper.invokeMethod(MethodInvocationHelper.java:86)
	at org.testng.internal.Invoker.invokeConfigurationMethod(Invoker.java:514)
	at org.testng.internal.Invoker.invokeConfigurations(Invoker.java:215)
	at org.testng.internal.Invoker.invokeMethod(Invoker.java:707)
	at org.testng.internal.Invoker.invokeTestMethod(Invoker.java:820)
	at org.testng.internal.Invoker.invokeTestMethods(Invoker.java:1128)
	at org.testng.internal.TestMethodWorker.invokeTestMethods(TestMethodWorker.java:129)
	at org.testng.internal.TestMethodWorker.run(TestMethodWorker.java:112)
	at org.testng.TestRunner.privateRun(TestRunner.java:782)
	at org.testng.TestRunner.run(TestRunner.java:632)
	at org.testng.SuiteRunner.runTest(SuiteRunner.java:366)
	at org.testng.SuiteRunner.access$000(SuiteRunner.java:39)
	at org.testng.SuiteRunner$SuiteWorker.run(SuiteRunner.java:400)
	at org.testng.internal.thread.ThreadUtil$2.call(ThreadUtil.java:64)
	at java.util.concurrent.FutureTask.run(Unknown Source)
	at java.util.concurrent.ThreadPoolExecutor.runWorker(Unknown Source)
	at java.util.concurrent.ThreadPoolExecutor$Worker.run(Unknown Source)
	at java.lang.Thread.run(Unknown Source)
]]>
    </error>
  </testcase> <!-- TC_연결_289 -->
  <testcase name="TC_연결_308" time="0.001" classname="NUGUAPP_002_연결.연결_06_NUGU_albertAI">
    <error type="org.openqa.selenium.WebDriverException" message="An unknown server-side error occurred while processing the command. Original error: Could not proxy command to remote server. Original error: Error: socket hang up
Build info: version: &#039;3.14.0&#039;, revision: &#039;aacccce0&#039;, time: &#039;2018-08-02T20:19:58.91Z&#039;
System info: host: &#039;SKT1112049PN002&#039;, ip: &#039;172.23.174.101&#039;, os.name: &#039;Windows 10&#039;, os.arch: &#039;amd64&#039;, os.version: &#039;10.0&#039;, java.version: &#039;1.8.0_241&#039;
Driver info: unit.Utilities
Capabilities {appActivity: com.skt.nugu.ui.LoginActivity, appPackage: com.skt.aladdin, automationName: UIAutomator2, chromedriverArgs: {browserName: chrome, goog:chromeOptions: {args: [], extensions: [], w3c: false}}, chromedriverExecutable: C:\chromedriver_win32\chrom..., databaseEnabled: false, desired: {appActivity: com.skt.nugu.ui.LoginActivity, appPackage: com.skt.aladdin, automationName: UIAutomator2, chromedriverArgs: {browserName: chrome, goog:chromeOptions: {args: [], extensions: [], w3c: false}}, chromedriverExecutable: C:\chromedriver_win32\chrom..., deviceName: Android, platformName: android, showChromedriverLog: true, udid: ce12160cb994301d04}, deviceApiLevel: 28, deviceManufacturer: samsung, deviceModel: SM-G955N, deviceName: ce12160cb994301d04, deviceScreenDensity: 420, deviceScreenSize: 1080x2220, deviceUDID: ce12160cb994301d04, javascriptEnabled: true, locationContextEnabled: false, networkConnectionEnabled: true, pixelRatio: 2.625, platform: LINUX, platformName: Android, platformVersion: 9, showChromedriverLog: true, statBarHeight: 63, takesScreenshot: true, udid: ce12160cb994301d04, viewportRect: {height: 2031, left: 0, top: 63, width: 1080}, warnings: {}, webStorageEnabled: false}
Session ID: 825c00a0-6854-4d71-a37a-aaa52030743a">
      <![CDATA[org.openqa.selenium.WebDriverException: An unknown server-side error occurred while processing the command. Original error: Could not proxy command to remote server. Original error: Error: socket hang up
Build info: version: '3.14.0', revision: 'aacccce0', time: '2018-08-02T20:19:58.91Z'
System info: host: 'SKT1112049PN002', ip: '172.23.174.101', os.name: 'Windows 10', os.arch: 'amd64', os.version: '10.0', java.version: '1.8.0_241'
Driver info: unit.Utilities
Capabilities {appActivity: com.skt.nugu.ui.LoginActivity, appPackage: com.skt.aladdin, automationName: UIAutomator2, chromedriverArgs: {browserName: chrome, goog:chromeOptions: {args: [], extensions: [], w3c: false}}, chromedriverExecutable: C:\chromedriver_win32\chrom..., databaseEnabled: false, desired: {appActivity: com.skt.nugu.ui.LoginActivity, appPackage: com.skt.aladdin, automationName: UIAutomator2, chromedriverArgs: {browserName: chrome, goog:chromeOptions: {args: [], extensions: [], w3c: false}}, chromedriverExecutable: C:\chromedriver_win32\chrom..., deviceName: Android, platformName: android, showChromedriverLog: true, udid: ce12160cb994301d04}, deviceApiLevel: 28, deviceManufacturer: samsung, deviceModel: SM-G955N, deviceName: ce12160cb994301d04, deviceScreenDensity: 420, deviceScreenSize: 1080x2220, deviceUDID: ce12160cb994301d04, javascriptEnabled: true, locationContextEnabled: false, networkConnectionEnabled: true, pixelRatio: 2.625, platform: LINUX, platformName: Android, platformVersion: 9, showChromedriverLog: true, statBarHeight: 63, takesScreenshot: true, udid: ce12160cb994301d04, viewportRect: {height: 2031, left: 0, top: 63, width: 1080}, warnings: {}, webStorageEnabled: false}
Session ID: 825c00a0-6854-4d71-a37a-aaa52030743a
	at sun.reflect.NativeConstructorAccessorImpl.newInstance0(Native Method)
	at sun.reflect.NativeConstructorAccessorImpl.newInstance(Unknown Source)
	at sun.reflect.DelegatingConstructorAccessorImpl.newInstance(Unknown Source)
	at java.lang.reflect.Constructor.newInstance(Unknown Source)
	at org.openqa.selenium.remote.http.W3CHttpResponseCodec.createException(W3CHttpResponseCodec.java:187)
	at org.openqa.selenium.remote.http.W3CHttpResponseCodec.decode(W3CHttpResponseCodec.java:122)
	at org.openqa.selenium.remote.http.W3CHttpResponseCodec.decode(W3CHttpResponseCodec.java:49)
	at org.openqa.selenium.remote.HttpCommandExecutor.execute(HttpCommandExecutor.java:158)
	at io.appium.java_client.remote.AppiumCommandExecutor.execute(AppiumCommandExecutor.java:239)
	at org.openqa.selenium.remote.RemoteWebDriver.execute(RemoteWebDriver.java:548)
	at io.appium.java_client.DefaultGenericMobileDriver.execute(DefaultGenericMobileDriver.java:45)
	at io.appium.java_client.AppiumDriver.execute(AppiumDriver.java:1)
	at io.appium.java_client.android.AndroidDriver.execute(AndroidDriver.java:1)
	at unit.Utilities.execute(Utilities.java:1)
	at org.openqa.selenium.remote.RemoteWebDriver.getScreenshotAs(RemoteWebDriver.java:294)
	at unit.Utilities.ErrorScreenshots(Utilities.java:1176)
	at unit.TestCase.AfterMethod(TestCase.java:131)
	at sun.reflect.NativeMethodAccessorImpl.invoke0(Native Method)
	at sun.reflect.NativeMethodAccessorImpl.invoke(Unknown Source)
	at sun.reflect.DelegatingMethodAccessorImpl.invoke(Unknown Source)
	at java.lang.reflect.Method.invoke(Unknown Source)
	at org.testng.internal.MethodInvocationHelper.invokeMethod(MethodInvocationHelper.java:86)
	at org.testng.internal.Invoker.invokeConfigurationMethod(Invoker.java:514)
	at org.testng.internal.Invoker.invokeConfigurations(Invoker.java:215)
	at org.testng.internal.Invoker.invokeMethod(Invoker.java:707)
	at org.testng.internal.Invoker.invokeTestMethod(Invoker.java:820)
	at org.testng.internal.Invoker.invokeTestMethods(Invoker.java:1128)
	at org.testng.internal.TestMethodWorker.invokeTestMethods(TestMethodWorker.java:129)
	at org.testng.internal.TestMethodWorker.run(TestMethodWorker.java:112)
	at org.testng.TestRunner.privateRun(TestRunner.java:782)
	at org.testng.TestRunner.run(TestRunner.java:632)
	at org.testng.SuiteRunner.runTest(SuiteRunner.java:366)
	at org.testng.SuiteRunner.access$000(SuiteRunner.java:39)
	at org.testng.SuiteRunner$SuiteWorker.run(SuiteRunner.java:400)
	at org.testng.internal.thread.ThreadUtil$2.call(ThreadUtil.java:64)
	at java.util.concurrent.FutureTask.run(Unknown Source)
	at java.util.concurrent.ThreadPoolExecutor.runWorker(Unknown Source)
	at java.util.concurrent.ThreadPoolExecutor$Worker.run(Unknown Source)
	at java.lang.Thread.run(Unknown Source)
]]>
    </error>
  </testcase> <!-- TC_연결_308 -->
  <testcase name="TC_연결_283" time="0.003" classname="NUGUAPP_002_연결.연결_06_NUGU_albertAI">
    <error type="org.openqa.selenium.WebDriverException" message="An unknown server-side error occurred while processing the command. Original error: Could not proxy command to remote server. Original error: Error: socket hang up
Build info: version: &#039;3.14.0&#039;, revision: &#039;aacccce0&#039;, time: &#039;2018-08-02T20:19:58.91Z&#039;
System info: host: &#039;SKT1112049PN002&#039;, ip: &#039;172.23.174.101&#039;, os.name: &#039;Windows 10&#039;, os.arch: &#039;amd64&#039;, os.version: &#039;10.0&#039;, java.version: &#039;1.8.0_241&#039;
Driver info: unit.Utilities
Capabilities {appActivity: com.skt.nugu.ui.LoginActivity, appPackage: com.skt.aladdin, automationName: UIAutomator2, chromedriverArgs: {browserName: chrome, goog:chromeOptions: {args: [], extensions: [], w3c: false}}, chromedriverExecutable: C:\chromedriver_win32\chrom..., databaseEnabled: false, desired: {appActivity: com.skt.nugu.ui.LoginActivity, appPackage: com.skt.aladdin, automationName: UIAutomator2, chromedriverArgs: {browserName: chrome, goog:chromeOptions: {args: [], extensions: [], w3c: false}}, chromedriverExecutable: C:\chromedriver_win32\chrom..., deviceName: Android, platformName: android, showChromedriverLog: true, udid: ce12160cb994301d04}, deviceApiLevel: 28, deviceManufacturer: samsung, deviceModel: SM-G955N, deviceName: ce12160cb994301d04, deviceScreenDensity: 420, deviceScreenSize: 1080x2220, deviceUDID: ce12160cb994301d04, javascriptEnabled: true, locationContextEnabled: false, networkConnectionEnabled: true, pixelRatio: 2.625, platform: LINUX, platformName: Android, platformVersion: 9, showChromedriverLog: true, statBarHeight: 63, takesScreenshot: true, udid: ce12160cb994301d04, viewportRect: {height: 2031, left: 0, top: 63, width: 1080}, warnings: {}, webStorageEnabled: false}
Session ID: 825c00a0-6854-4d71-a37a-aaa52030743a">
      <![CDATA[org.openqa.selenium.WebDriverException: An unknown server-side error occurred while processing the command. Original error: Could not proxy command to remote server. Original error: Error: socket hang up
Build info: version: '3.14.0', revision: 'aacccce0', time: '2018-08-02T20:19:58.91Z'
System info: host: 'SKT1112049PN002', ip: '172.23.174.101', os.name: 'Windows 10', os.arch: 'amd64', os.version: '10.0', java.version: '1.8.0_241'
Driver info: unit.Utilities
Capabilities {appActivity: com.skt.nugu.ui.LoginActivity, appPackage: com.skt.aladdin, automationName: UIAutomator2, chromedriverArgs: {browserName: chrome, goog:chromeOptions: {args: [], extensions: [], w3c: false}}, chromedriverExecutable: C:\chromedriver_win32\chrom..., databaseEnabled: false, desired: {appActivity: com.skt.nugu.ui.LoginActivity, appPackage: com.skt.aladdin, automationName: UIAutomator2, chromedriverArgs: {browserName: chrome, goog:chromeOptions: {args: [], extensions: [], w3c: false}}, chromedriverExecutable: C:\chromedriver_win32\chrom..., deviceName: Android, platformName: android, showChromedriverLog: true, udid: ce12160cb994301d04}, deviceApiLevel: 28, deviceManufacturer: samsung, deviceModel: SM-G955N, deviceName: ce12160cb994301d04, deviceScreenDensity: 420, deviceScreenSize: 1080x2220, deviceUDID: ce12160cb994301d04, javascriptEnabled: true, locationContextEnabled: false, networkConnectionEnabled: true, pixelRatio: 2.625, platform: LINUX, platformName: Android, platformVersion: 9, showChromedriverLog: true, statBarHeight: 63, takesScreenshot: true, udid: ce12160cb994301d04, viewportRect: {height: 2031, left: 0, top: 63, width: 1080}, warnings: {}, webStorageEnabled: false}
Session ID: 825c00a0-6854-4d71-a37a-aaa52030743a
	at sun.reflect.NativeConstructorAccessorImpl.newInstance0(Native Method)
	at sun.reflect.NativeConstructorAccessorImpl.newInstance(Unknown Source)
	at sun.reflect.DelegatingConstructorAccessorImpl.newInstance(Unknown Source)
	at java.lang.reflect.Constructor.newInstance(Unknown Source)
	at org.openqa.selenium.remote.http.W3CHttpResponseCodec.createException(W3CHttpResponseCodec.java:187)
	at org.openqa.selenium.remote.http.W3CHttpResponseCodec.decode(W3CHttpResponseCodec.java:122)
	at org.openqa.selenium.remote.http.W3CHttpResponseCodec.decode(W3CHttpResponseCodec.java:49)
	at org.openqa.selenium.remote.HttpCommandExecutor.execute(HttpCommandExecutor.java:158)
	at io.appium.java_client.remote.AppiumCommandExecutor.execute(AppiumCommandExecutor.java:239)
	at org.openqa.selenium.remote.RemoteWebDriver.execute(RemoteWebDriver.java:548)
	at io.appium.java_client.DefaultGenericMobileDriver.execute(DefaultGenericMobileDriver.java:45)
	at io.appium.java_client.AppiumDriver.execute(AppiumDriver.java:1)
	at io.appium.java_client.android.AndroidDriver.execute(AndroidDriver.java:1)
	at unit.Utilities.execute(Utilities.java:1)
	at org.openqa.selenium.remote.RemoteWebDriver.getScreenshotAs(RemoteWebDriver.java:294)
	at unit.Utilities.ErrorScreenshots(Utilities.java:1176)
	at unit.TestCase.AfterMethod(TestCase.java:131)
	at sun.reflect.NativeMethodAccessorImpl.invoke0(Native Method)
	at sun.reflect.NativeMethodAccessorImpl.invoke(Unknown Source)
	at sun.reflect.DelegatingMethodAccessorImpl.invoke(Unknown Source)
	at java.lang.reflect.Method.invoke(Unknown Source)
	at org.testng.internal.MethodInvocationHelper.invokeMethod(MethodInvocationHelper.java:86)
	at org.testng.internal.Invoker.invokeConfigurationMethod(Invoker.java:514)
	at org.testng.internal.Invoker.invokeConfigurations(Invoker.java:215)
	at org.testng.internal.Invoker.invokeMethod(Invoker.java:707)
	at org.testng.internal.Invoker.invokeTestMethod(Invoker.java:820)
	at org.testng.internal.Invoker.invokeTestMethods(Invoker.java:1128)
	at org.testng.internal.TestMethodWorker.invokeTestMethods(TestMethodWorker.java:129)
	at org.testng.internal.TestMethodWorker.run(TestMethodWorker.java:112)
	at org.testng.TestRunner.privateRun(TestRunner.java:782)
	at org.testng.TestRunner.run(TestRunner.java:632)
	at org.testng.SuiteRunner.runTest(SuiteRunner.java:366)
	at org.testng.SuiteRunner.access$000(SuiteRunner.java:39)
	at org.testng.SuiteRunner$SuiteWorker.run(SuiteRunner.java:400)
	at org.testng.internal.thread.ThreadUtil$2.call(ThreadUtil.java:64)
	at java.util.concurrent.FutureTask.run(Unknown Source)
	at java.util.concurrent.ThreadPoolExecutor.runWorker(Unknown Source)
	at java.util.concurrent.ThreadPoolExecutor$Worker.run(Unknown Source)
	at java.lang.Thread.run(Unknown Source)
]]>
    </error>
  </testcase> <!-- TC_연결_283 -->
  <testcase name="TC_연결_297" time="0.001" classname="NUGUAPP_002_연결.연결_06_NUGU_albertAI">
    <error type="org.openqa.selenium.WebDriverException" message="An unknown server-side error occurred while processing the command. Original error: Could not proxy command to remote server. Original error: Error: socket hang up
Build info: version: &#039;3.14.0&#039;, revision: &#039;aacccce0&#039;, time: &#039;2018-08-02T20:19:58.91Z&#039;
System info: host: &#039;SKT1112049PN002&#039;, ip: &#039;172.23.174.101&#039;, os.name: &#039;Windows 10&#039;, os.arch: &#039;amd64&#039;, os.version: &#039;10.0&#039;, java.version: &#039;1.8.0_241&#039;
Driver info: unit.Utilities
Capabilities {appActivity: com.skt.nugu.ui.LoginActivity, appPackage: com.skt.aladdin, automationName: UIAutomator2, chromedriverArgs: {browserName: chrome, goog:chromeOptions: {args: [], extensions: [], w3c: false}}, chromedriverExecutable: C:\chromedriver_win32\chrom..., databaseEnabled: false, desired: {appActivity: com.skt.nugu.ui.LoginActivity, appPackage: com.skt.aladdin, automationName: UIAutomator2, chromedriverArgs: {browserName: chrome, goog:chromeOptions: {args: [], extensions: [], w3c: false}}, chromedriverExecutable: C:\chromedriver_win32\chrom..., deviceName: Android, platformName: android, showChromedriverLog: true, udid: ce12160cb994301d04}, deviceApiLevel: 28, deviceManufacturer: samsung, deviceModel: SM-G955N, deviceName: ce12160cb994301d04, deviceScreenDensity: 420, deviceScreenSize: 1080x2220, deviceUDID: ce12160cb994301d04, javascriptEnabled: true, locationContextEnabled: false, networkConnectionEnabled: true, pixelRatio: 2.625, platform: LINUX, platformName: Android, platformVersion: 9, showChromedriverLog: true, statBarHeight: 63, takesScreenshot: true, udid: ce12160cb994301d04, viewportRect: {height: 2031, left: 0, top: 63, width: 1080}, warnings: {}, webStorageEnabled: false}
Session ID: 825c00a0-6854-4d71-a37a-aaa52030743a">
      <![CDATA[org.openqa.selenium.WebDriverException: An unknown server-side error occurred while processing the command. Original error: Could not proxy command to remote server. Original error: Error: socket hang up
Build info: version: '3.14.0', revision: 'aacccce0', time: '2018-08-02T20:19:58.91Z'
System info: host: 'SKT1112049PN002', ip: '172.23.174.101', os.name: 'Windows 10', os.arch: 'amd64', os.version: '10.0', java.version: '1.8.0_241'
Driver info: unit.Utilities
Capabilities {appActivity: com.skt.nugu.ui.LoginActivity, appPackage: com.skt.aladdin, automationName: UIAutomator2, chromedriverArgs: {browserName: chrome, goog:chromeOptions: {args: [], extensions: [], w3c: false}}, chromedriverExecutable: C:\chromedriver_win32\chrom..., databaseEnabled: false, desired: {appActivity: com.skt.nugu.ui.LoginActivity, appPackage: com.skt.aladdin, automationName: UIAutomator2, chromedriverArgs: {browserName: chrome, goog:chromeOptions: {args: [], extensions: [], w3c: false}}, chromedriverExecutable: C:\chromedriver_win32\chrom..., deviceName: Android, platformName: android, showChromedriverLog: true, udid: ce12160cb994301d04}, deviceApiLevel: 28, deviceManufacturer: samsung, deviceModel: SM-G955N, deviceName: ce12160cb994301d04, deviceScreenDensity: 420, deviceScreenSize: 1080x2220, deviceUDID: ce12160cb994301d04, javascriptEnabled: true, locationContextEnabled: false, networkConnectionEnabled: true, pixelRatio: 2.625, platform: LINUX, platformName: Android, platformVersion: 9, showChromedriverLog: true, statBarHeight: 63, takesScreenshot: true, udid: ce12160cb994301d04, viewportRect: {height: 2031, left: 0, top: 63, width: 1080}, warnings: {}, webStorageEnabled: false}
Session ID: 825c00a0-6854-4d71-a37a-aaa52030743a
	at sun.reflect.NativeConstructorAccessorImpl.newInstance0(Native Method)
	at sun.reflect.NativeConstructorAccessorImpl.newInstance(Unknown Source)
	at sun.reflect.DelegatingConstructorAccessorImpl.newInstance(Unknown Source)
	at java.lang.reflect.Constructor.newInstance(Unknown Source)
	at org.openqa.selenium.remote.http.W3CHttpResponseCodec.createException(W3CHttpResponseCodec.java:187)
	at org.openqa.selenium.remote.http.W3CHttpResponseCodec.decode(W3CHttpResponseCodec.java:122)
	at org.openqa.selenium.remote.http.W3CHttpResponseCodec.decode(W3CHttpResponseCodec.java:49)
	at org.openqa.selenium.remote.HttpCommandExecutor.execute(HttpCommandExecutor.java:158)
	at io.appium.java_client.remote.AppiumCommandExecutor.execute(AppiumCommandExecutor.java:239)
	at org.openqa.selenium.remote.RemoteWebDriver.execute(RemoteWebDriver.java:548)
	at io.appium.java_client.DefaultGenericMobileDriver.execute(DefaultGenericMobileDriver.java:45)
	at io.appium.java_client.AppiumDriver.execute(AppiumDriver.java:1)
	at io.appium.java_client.android.AndroidDriver.execute(AndroidDriver.java:1)
	at unit.Utilities.execute(Utilities.java:1)
	at org.openqa.selenium.remote.RemoteWebDriver.getScreenshotAs(RemoteWebDriver.java:294)
	at unit.Utilities.ErrorScreenshots(Utilities.java:1176)
	at unit.TestCase.AfterMethod(TestCase.java:131)
	at sun.reflect.NativeMethodAccessorImpl.invoke0(Native Method)
	at sun.reflect.NativeMethodAccessorImpl.invoke(Unknown Source)
	at sun.reflect.DelegatingMethodAccessorImpl.invoke(Unknown Source)
	at java.lang.reflect.Method.invoke(Unknown Source)
	at org.testng.internal.MethodInvocationHelper.invokeMethod(MethodInvocationHelper.java:86)
	at org.testng.internal.Invoker.invokeConfigurationMethod(Invoker.java:514)
	at org.testng.internal.Invoker.invokeConfigurations(Invoker.java:215)
	at org.testng.internal.Invoker.invokeMethod(Invoker.java:707)
	at org.testng.internal.Invoker.invokeTestMethod(Invoker.java:820)
	at org.testng.internal.Invoker.invokeTestMethods(Invoker.java:1128)
	at org.testng.internal.TestMethodWorker.invokeTestMethods(TestMethodWorker.java:129)
	at org.testng.internal.TestMethodWorker.run(TestMethodWorker.java:112)
	at org.testng.TestRunner.privateRun(TestRunner.java:782)
	at org.testng.TestRunner.run(TestRunner.java:632)
	at org.testng.SuiteRunner.runTest(SuiteRunner.java:366)
	at org.testng.SuiteRunner.access$000(SuiteRunner.java:39)
	at org.testng.SuiteRunner$SuiteWorker.run(SuiteRunner.java:400)
	at org.testng.internal.thread.ThreadUtil$2.call(ThreadUtil.java:64)
	at java.util.concurrent.FutureTask.run(Unknown Source)
	at java.util.concurrent.ThreadPoolExecutor.runWorker(Unknown Source)
	at java.util.concurrent.ThreadPoolExecutor$Worker.run(Unknown Source)
	at java.lang.Thread.run(Unknown Source)
]]>
    </error>
  </testcase> <!-- TC_연결_297 -->
  <testcase name="TC_연결_310_form_311" time="0.002" classname="NUGUAPP_002_연결.연결_06_NUGU_albertAI">
    <error type="org.openqa.selenium.WebDriverException" message="An unknown server-side error occurred while processing the command. Original error: Could not proxy command to remote server. Original error: Error: socket hang up
Build info: version: &#039;3.14.0&#039;, revision: &#039;aacccce0&#039;, time: &#039;2018-08-02T20:19:58.91Z&#039;
System info: host: &#039;SKT1112049PN002&#039;, ip: &#039;172.23.174.101&#039;, os.name: &#039;Windows 10&#039;, os.arch: &#039;amd64&#039;, os.version: &#039;10.0&#039;, java.version: &#039;1.8.0_241&#039;
Driver info: unit.Utilities
Capabilities {appActivity: com.skt.nugu.ui.LoginActivity, appPackage: com.skt.aladdin, automationName: UIAutomator2, chromedriverArgs: {browserName: chrome, goog:chromeOptions: {args: [], extensions: [], w3c: false}}, chromedriverExecutable: C:\chromedriver_win32\chrom..., databaseEnabled: false, desired: {appActivity: com.skt.nugu.ui.LoginActivity, appPackage: com.skt.aladdin, automationName: UIAutomator2, chromedriverArgs: {browserName: chrome, goog:chromeOptions: {args: [], extensions: [], w3c: false}}, chromedriverExecutable: C:\chromedriver_win32\chrom..., deviceName: Android, platformName: android, showChromedriverLog: true, udid: ce12160cb994301d04}, deviceApiLevel: 28, deviceManufacturer: samsung, deviceModel: SM-G955N, deviceName: ce12160cb994301d04, deviceScreenDensity: 420, deviceScreenSize: 1080x2220, deviceUDID: ce12160cb994301d04, javascriptEnabled: true, locationContextEnabled: false, networkConnectionEnabled: true, pixelRatio: 2.625, platform: LINUX, platformName: Android, platformVersion: 9, showChromedriverLog: true, statBarHeight: 63, takesScreenshot: true, udid: ce12160cb994301d04, viewportRect: {height: 2031, left: 0, top: 63, width: 1080}, warnings: {}, webStorageEnabled: false}
Session ID: 825c00a0-6854-4d71-a37a-aaa52030743a">
      <![CDATA[org.openqa.selenium.WebDriverException: An unknown server-side error occurred while processing the command. Original error: Could not proxy command to remote server. Original error: Error: socket hang up
Build info: version: '3.14.0', revision: 'aacccce0', time: '2018-08-02T20:19:58.91Z'
System info: host: 'SKT1112049PN002', ip: '172.23.174.101', os.name: 'Windows 10', os.arch: 'amd64', os.version: '10.0', java.version: '1.8.0_241'
Driver info: unit.Utilities
Capabilities {appActivity: com.skt.nugu.ui.LoginActivity, appPackage: com.skt.aladdin, automationName: UIAutomator2, chromedriverArgs: {browserName: chrome, goog:chromeOptions: {args: [], extensions: [], w3c: false}}, chromedriverExecutable: C:\chromedriver_win32\chrom..., databaseEnabled: false, desired: {appActivity: com.skt.nugu.ui.LoginActivity, appPackage: com.skt.aladdin, automationName: UIAutomator2, chromedriverArgs: {browserName: chrome, goog:chromeOptions: {args: [], extensions: [], w3c: false}}, chromedriverExecutable: C:\chromedriver_win32\chrom..., deviceName: Android, platformName: android, showChromedriverLog: true, udid: ce12160cb994301d04}, deviceApiLevel: 28, deviceManufacturer: samsung, deviceModel: SM-G955N, deviceName: ce12160cb994301d04, deviceScreenDensity: 420, deviceScreenSize: 1080x2220, deviceUDID: ce12160cb994301d04, javascriptEnabled: true, locationContextEnabled: false, networkConnectionEnabled: true, pixelRatio: 2.625, platform: LINUX, platformName: Android, platformVersion: 9, showChromedriverLog: true, statBarHeight: 63, takesScreenshot: true, udid: ce12160cb994301d04, viewportRect: {height: 2031, left: 0, top: 63, width: 1080}, warnings: {}, webStorageEnabled: false}
Session ID: 825c00a0-6854-4d71-a37a-aaa52030743a
	at sun.reflect.NativeConstructorAccessorImpl.newInstance0(Native Method)
	at sun.reflect.NativeConstructorAccessorImpl.newInstance(Unknown Source)
	at sun.reflect.DelegatingConstructorAccessorImpl.newInstance(Unknown Source)
	at java.lang.reflect.Constructor.newInstance(Unknown Source)
	at org.openqa.selenium.remote.http.W3CHttpResponseCodec.createException(W3CHttpResponseCodec.java:187)
	at org.openqa.selenium.remote.http.W3CHttpResponseCodec.decode(W3CHttpResponseCodec.java:122)
	at org.openqa.selenium.remote.http.W3CHttpResponseCodec.decode(W3CHttpResponseCodec.java:49)
	at org.openqa.selenium.remote.HttpCommandExecutor.execute(HttpCommandExecutor.java:158)
	at io.appium.java_client.remote.AppiumCommandExecutor.execute(AppiumCommandExecutor.java:239)
	at org.openqa.selenium.remote.RemoteWebDriver.execute(RemoteWebDriver.java:548)
	at io.appium.java_client.DefaultGenericMobileDriver.execute(DefaultGenericMobileDriver.java:45)
	at io.appium.java_client.AppiumDriver.execute(AppiumDriver.java:1)
	at io.appium.java_client.android.AndroidDriver.execute(AndroidDriver.java:1)
	at unit.Utilities.execute(Utilities.java:1)
	at org.openqa.selenium.remote.RemoteWebDriver.getScreenshotAs(RemoteWebDriver.java:294)
	at unit.Utilities.ErrorScreenshots(Utilities.java:1176)
	at unit.TestCase.AfterMethod(TestCase.java:131)
	at sun.reflect.NativeMethodAccessorImpl.invoke0(Native Method)
	at sun.reflect.NativeMethodAccessorImpl.invoke(Unknown Source)
	at sun.reflect.DelegatingMethodAccessorImpl.invoke(Unknown Source)
	at java.lang.reflect.Method.invoke(Unknown Source)
	at org.testng.internal.MethodInvocationHelper.invokeMethod(MethodInvocationHelper.java:86)
	at org.testng.internal.Invoker.invokeConfigurationMethod(Invoker.java:514)
	at org.testng.internal.Invoker.invokeConfigurations(Invoker.java:215)
	at org.testng.internal.Invoker.invokeMethod(Invoker.java:707)
	at org.testng.internal.Invoker.invokeTestMethod(Invoker.java:820)
	at org.testng.internal.Invoker.invokeTestMethods(Invoker.java:1128)
	at org.testng.internal.TestMethodWorker.invokeTestMethods(TestMethodWorker.java:129)
	at org.testng.internal.TestMethodWorker.run(TestMethodWorker.java:112)
	at org.testng.TestRunner.privateRun(TestRunner.java:782)
	at org.testng.TestRunner.run(TestRunner.java:632)
	at org.testng.SuiteRunner.runTest(SuiteRunner.java:366)
	at org.testng.SuiteRunner.access$000(SuiteRunner.java:39)
	at org.testng.SuiteRunner$SuiteWorker.run(SuiteRunner.java:400)
	at org.testng.internal.thread.ThreadUtil$2.call(ThreadUtil.java:64)
	at java.util.concurrent.FutureTask.run(Unknown Source)
	at java.util.concurrent.ThreadPoolExecutor.runWorker(Unknown Source)
	at java.util.concurrent.ThreadPoolExecutor$Worker.run(Unknown Source)
	at java.lang.Thread.run(Unknown Source)
]]>
    </error>
  </testcase> <!-- TC_연결_310_form_311 -->
  <testcase name="TC_연결_291" time="0.001" classname="NUGUAPP_002_연결.연결_06_NUGU_albertAI">
    <error type="org.openqa.selenium.WebDriverException" message="An unknown server-side error occurred while processing the command. Original error: Could not proxy command to remote server. Original error: Error: socket hang up
Build info: version: &#039;3.14.0&#039;, revision: &#039;aacccce0&#039;, time: &#039;2018-08-02T20:19:58.91Z&#039;
System info: host: &#039;SKT1112049PN002&#039;, ip: &#039;172.23.174.101&#039;, os.name: &#039;Windows 10&#039;, os.arch: &#039;amd64&#039;, os.version: &#039;10.0&#039;, java.version: &#039;1.8.0_241&#039;
Driver info: unit.Utilities
Capabilities {appActivity: com.skt.nugu.ui.LoginActivity, appPackage: com.skt.aladdin, automationName: UIAutomator2, chromedriverArgs: {browserName: chrome, goog:chromeOptions: {args: [], extensions: [], w3c: false}}, chromedriverExecutable: C:\chromedriver_win32\chrom..., databaseEnabled: false, desired: {appActivity: com.skt.nugu.ui.LoginActivity, appPackage: com.skt.aladdin, automationName: UIAutomator2, chromedriverArgs: {browserName: chrome, goog:chromeOptions: {args: [], extensions: [], w3c: false}}, chromedriverExecutable: C:\chromedriver_win32\chrom..., deviceName: Android, platformName: android, showChromedriverLog: true, udid: ce12160cb994301d04}, deviceApiLevel: 28, deviceManufacturer: samsung, deviceModel: SM-G955N, deviceName: ce12160cb994301d04, deviceScreenDensity: 420, deviceScreenSize: 1080x2220, deviceUDID: ce12160cb994301d04, javascriptEnabled: true, locationContextEnabled: false, networkConnectionEnabled: true, pixelRatio: 2.625, platform: LINUX, platformName: Android, platformVersion: 9, showChromedriverLog: true, statBarHeight: 63, takesScreenshot: true, udid: ce12160cb994301d04, viewportRect: {height: 2031, left: 0, top: 63, width: 1080}, warnings: {}, webStorageEnabled: false}
Session ID: 825c00a0-6854-4d71-a37a-aaa52030743a">
      <![CDATA[org.openqa.selenium.WebDriverException: An unknown server-side error occurred while processing the command. Original error: Could not proxy command to remote server. Original error: Error: socket hang up
Build info: version: '3.14.0', revision: 'aacccce0', time: '2018-08-02T20:19:58.91Z'
System info: host: 'SKT1112049PN002', ip: '172.23.174.101', os.name: 'Windows 10', os.arch: 'amd64', os.version: '10.0', java.version: '1.8.0_241'
Driver info: unit.Utilities
Capabilities {appActivity: com.skt.nugu.ui.LoginActivity, appPackage: com.skt.aladdin, automationName: UIAutomator2, chromedriverArgs: {browserName: chrome, goog:chromeOptions: {args: [], extensions: [], w3c: false}}, chromedriverExecutable: C:\chromedriver_win32\chrom..., databaseEnabled: false, desired: {appActivity: com.skt.nugu.ui.LoginActivity, appPackage: com.skt.aladdin, automationName: UIAutomator2, chromedriverArgs: {browserName: chrome, goog:chromeOptions: {args: [], extensions: [], w3c: false}}, chromedriverExecutable: C:\chromedriver_win32\chrom..., deviceName: Android, platformName: android, showChromedriverLog: true, udid: ce12160cb994301d04}, deviceApiLevel: 28, deviceManufacturer: samsung, deviceModel: SM-G955N, deviceName: ce12160cb994301d04, deviceScreenDensity: 420, deviceScreenSize: 1080x2220, deviceUDID: ce12160cb994301d04, javascriptEnabled: true, locationContextEnabled: false, networkConnectionEnabled: true, pixelRatio: 2.625, platform: LINUX, platformName: Android, platformVersion: 9, showChromedriverLog: true, statBarHeight: 63, takesScreenshot: true, udid: ce12160cb994301d04, viewportRect: {height: 2031, left: 0, top: 63, width: 1080}, warnings: {}, webStorageEnabled: false}
Session ID: 825c00a0-6854-4d71-a37a-aaa52030743a
	at sun.reflect.NativeConstructorAccessorImpl.newInstance0(Native Method)
	at sun.reflect.NativeConstructorAccessorImpl.newInstance(Unknown Source)
	at sun.reflect.DelegatingConstructorAccessorImpl.newInstance(Unknown Source)
	at java.lang.reflect.Constructor.newInstance(Unknown Source)
	at org.openqa.selenium.remote.http.W3CHttpResponseCodec.createException(W3CHttpResponseCodec.java:187)
	at org.openqa.selenium.remote.http.W3CHttpResponseCodec.decode(W3CHttpResponseCodec.java:122)
	at org.openqa.selenium.remote.http.W3CHttpResponseCodec.decode(W3CHttpResponseCodec.java:49)
	at org.openqa.selenium.remote.HttpCommandExecutor.execute(HttpCommandExecutor.java:158)
	at io.appium.java_client.remote.AppiumCommandExecutor.execute(AppiumCommandExecutor.java:239)
	at org.openqa.selenium.remote.RemoteWebDriver.execute(RemoteWebDriver.java:548)
	at io.appium.java_client.DefaultGenericMobileDriver.execute(DefaultGenericMobileDriver.java:45)
	at io.appium.java_client.AppiumDriver.execute(AppiumDriver.java:1)
	at io.appium.java_client.android.AndroidDriver.execute(AndroidDriver.java:1)
	at unit.Utilities.execute(Utilities.java:1)
	at org.openqa.selenium.remote.RemoteWebDriver.getScreenshotAs(RemoteWebDriver.java:294)
	at unit.Utilities.ErrorScreenshots(Utilities.java:1176)
	at unit.TestCase.AfterMethod(TestCase.java:131)
	at sun.reflect.NativeMethodAccessorImpl.invoke0(Native Method)
	at sun.reflect.NativeMethodAccessorImpl.invoke(Unknown Source)
	at sun.reflect.DelegatingMethodAccessorImpl.invoke(Unknown Source)
	at java.lang.reflect.Method.invoke(Unknown Source)
	at org.testng.internal.MethodInvocationHelper.invokeMethod(MethodInvocationHelper.java:86)
	at org.testng.internal.Invoker.invokeConfigurationMethod(Invoker.java:514)
	at org.testng.internal.Invoker.invokeConfigurations(Invoker.java:215)
	at org.testng.internal.Invoker.invokeMethod(Invoker.java:707)
	at org.testng.internal.Invoker.invokeTestMethod(Invoker.java:820)
	at org.testng.internal.Invoker.invokeTestMethods(Invoker.java:1128)
	at org.testng.internal.TestMethodWorker.invokeTestMethods(TestMethodWorker.java:129)
	at org.testng.internal.TestMethodWorker.run(TestMethodWorker.java:112)
	at org.testng.TestRunner.privateRun(TestRunner.java:782)
	at org.testng.TestRunner.run(TestRunner.java:632)
	at org.testng.SuiteRunner.runTest(SuiteRunner.java:366)
	at org.testng.SuiteRunner.access$000(SuiteRunner.java:39)
	at org.testng.SuiteRunner$SuiteWorker.run(SuiteRunner.java:400)
	at org.testng.internal.thread.ThreadUtil$2.call(ThreadUtil.java:64)
	at java.util.concurrent.FutureTask.run(Unknown Source)
	at java.util.concurrent.ThreadPoolExecutor.runWorker(Unknown Source)
	at java.util.concurrent.ThreadPoolExecutor$Worker.run(Unknown Source)
	at java.lang.Thread.run(Unknown Source)
]]>
    </error>
  </testcase> <!-- TC_연결_291 -->
  <testcase name="TC_연결_284" time="0.002" classname="NUGUAPP_002_연결.연결_06_NUGU_albertAI">
    <error type="org.openqa.selenium.WebDriverException" message="An unknown server-side error occurred while processing the command. Original error: Could not proxy command to remote server. Original error: Error: socket hang up
Build info: version: &#039;3.14.0&#039;, revision: &#039;aacccce0&#039;, time: &#039;2018-08-02T20:19:58.91Z&#039;
System info: host: &#039;SKT1112049PN002&#039;, ip: &#039;172.23.174.101&#039;, os.name: &#039;Windows 10&#039;, os.arch: &#039;amd64&#039;, os.version: &#039;10.0&#039;, java.version: &#039;1.8.0_241&#039;
Driver info: unit.Utilities
Capabilities {appActivity: com.skt.nugu.ui.LoginActivity, appPackage: com.skt.aladdin, automationName: UIAutomator2, chromedriverArgs: {browserName: chrome, goog:chromeOptions: {args: [], extensions: [], w3c: false}}, chromedriverExecutable: C:\chromedriver_win32\chrom..., databaseEnabled: false, desired: {appActivity: com.skt.nugu.ui.LoginActivity, appPackage: com.skt.aladdin, automationName: UIAutomator2, chromedriverArgs: {browserName: chrome, goog:chromeOptions: {args: [], extensions: [], w3c: false}}, chromedriverExecutable: C:\chromedriver_win32\chrom..., deviceName: Android, platformName: android, showChromedriverLog: true, udid: ce12160cb994301d04}, deviceApiLevel: 28, deviceManufacturer: samsung, deviceModel: SM-G955N, deviceName: ce12160cb994301d04, deviceScreenDensity: 420, deviceScreenSize: 1080x2220, deviceUDID: ce12160cb994301d04, javascriptEnabled: true, locationContextEnabled: false, networkConnectionEnabled: true, pixelRatio: 2.625, platform: LINUX, platformName: Android, platformVersion: 9, showChromedriverLog: true, statBarHeight: 63, takesScreenshot: true, udid: ce12160cb994301d04, viewportRect: {height: 2031, left: 0, top: 63, width: 1080}, warnings: {}, webStorageEnabled: false}
Session ID: 825c00a0-6854-4d71-a37a-aaa52030743a">
      <![CDATA[org.openqa.selenium.WebDriverException: An unknown server-side error occurred while processing the command. Original error: Could not proxy command to remote server. Original error: Error: socket hang up
Build info: version: '3.14.0', revision: 'aacccce0', time: '2018-08-02T20:19:58.91Z'
System info: host: 'SKT1112049PN002', ip: '172.23.174.101', os.name: 'Windows 10', os.arch: 'amd64', os.version: '10.0', java.version: '1.8.0_241'
Driver info: unit.Utilities
Capabilities {appActivity: com.skt.nugu.ui.LoginActivity, appPackage: com.skt.aladdin, automationName: UIAutomator2, chromedriverArgs: {browserName: chrome, goog:chromeOptions: {args: [], extensions: [], w3c: false}}, chromedriverExecutable: C:\chromedriver_win32\chrom..., databaseEnabled: false, desired: {appActivity: com.skt.nugu.ui.LoginActivity, appPackage: com.skt.aladdin, automationName: UIAutomator2, chromedriverArgs: {browserName: chrome, goog:chromeOptions: {args: [], extensions: [], w3c: false}}, chromedriverExecutable: C:\chromedriver_win32\chrom..., deviceName: Android, platformName: android, showChromedriverLog: true, udid: ce12160cb994301d04}, deviceApiLevel: 28, deviceManufacturer: samsung, deviceModel: SM-G955N, deviceName: ce12160cb994301d04, deviceScreenDensity: 420, deviceScreenSize: 1080x2220, deviceUDID: ce12160cb994301d04, javascriptEnabled: true, locationContextEnabled: false, networkConnectionEnabled: true, pixelRatio: 2.625, platform: LINUX, platformName: Android, platformVersion: 9, showChromedriverLog: true, statBarHeight: 63, takesScreenshot: true, udid: ce12160cb994301d04, viewportRect: {height: 2031, left: 0, top: 63, width: 1080}, warnings: {}, webStorageEnabled: false}
Session ID: 825c00a0-6854-4d71-a37a-aaa52030743a
	at sun.reflect.NativeConstructorAccessorImpl.newInstance0(Native Method)
	at sun.reflect.NativeConstructorAccessorImpl.newInstance(Unknown Source)
	at sun.reflect.DelegatingConstructorAccessorImpl.newInstance(Unknown Source)
	at java.lang.reflect.Constructor.newInstance(Unknown Source)
	at org.openqa.selenium.remote.http.W3CHttpResponseCodec.createException(W3CHttpResponseCodec.java:187)
	at org.openqa.selenium.remote.http.W3CHttpResponseCodec.decode(W3CHttpResponseCodec.java:122)
	at org.openqa.selenium.remote.http.W3CHttpResponseCodec.decode(W3CHttpResponseCodec.java:49)
	at org.openqa.selenium.remote.HttpCommandExecutor.execute(HttpCommandExecutor.java:158)
	at io.appium.java_client.remote.AppiumCommandExecutor.execute(AppiumCommandExecutor.java:239)
	at org.openqa.selenium.remote.RemoteWebDriver.execute(RemoteWebDriver.java:548)
	at io.appium.java_client.DefaultGenericMobileDriver.execute(DefaultGenericMobileDriver.java:45)
	at io.appium.java_client.AppiumDriver.execute(AppiumDriver.java:1)
	at io.appium.java_client.android.AndroidDriver.execute(AndroidDriver.java:1)
	at unit.Utilities.execute(Utilities.java:1)
	at org.openqa.selenium.remote.RemoteWebDriver.getScreenshotAs(RemoteWebDriver.java:294)
	at unit.Utilities.ErrorScreenshots(Utilities.java:1176)
	at unit.TestCase.AfterMethod(TestCase.java:131)
	at sun.reflect.NativeMethodAccessorImpl.invoke0(Native Method)
	at sun.reflect.NativeMethodAccessorImpl.invoke(Unknown Source)
	at sun.reflect.DelegatingMethodAccessorImpl.invoke(Unknown Source)
	at java.lang.reflect.Method.invoke(Unknown Source)
	at org.testng.internal.MethodInvocationHelper.invokeMethod(MethodInvocationHelper.java:86)
	at org.testng.internal.Invoker.invokeConfigurationMethod(Invoker.java:514)
	at org.testng.internal.Invoker.invokeConfigurations(Invoker.java:215)
	at org.testng.internal.Invoker.invokeMethod(Invoker.java:707)
	at org.testng.internal.Invoker.invokeTestMethod(Invoker.java:820)
	at org.testng.internal.Invoker.invokeTestMethods(Invoker.java:1128)
	at org.testng.internal.TestMethodWorker.invokeTestMethods(TestMethodWorker.java:129)
	at org.testng.internal.TestMethodWorker.run(TestMethodWorker.java:112)
	at org.testng.TestRunner.privateRun(TestRunner.java:782)
	at org.testng.TestRunner.run(TestRunner.java:632)
	at org.testng.SuiteRunner.runTest(SuiteRunner.java:366)
	at org.testng.SuiteRunner.access$000(SuiteRunner.java:39)
	at org.testng.SuiteRunner$SuiteWorker.run(SuiteRunner.java:400)
	at org.testng.internal.thread.ThreadUtil$2.call(ThreadUtil.java:64)
	at java.util.concurrent.FutureTask.run(Unknown Source)
	at java.util.concurrent.ThreadPoolExecutor.runWorker(Unknown Source)
	at java.util.concurrent.ThreadPoolExecutor$Worker.run(Unknown Source)
	at java.lang.Thread.run(Unknown Source)
]]>
    </error>
  </testcase> <!-- TC_연결_284 -->
  <testcase name="TC_연결_286_form_288" time="0.001" classname="NUGUAPP_002_연결.연결_06_NUGU_albertAI">
    <error type="org.openqa.selenium.WebDriverException" message="An unknown server-side error occurred while processing the command. Original error: Could not proxy command to remote server. Original error: Error: socket hang up
Build info: version: &#039;3.14.0&#039;, revision: &#039;aacccce0&#039;, time: &#039;2018-08-02T20:19:58.91Z&#039;
System info: host: &#039;SKT1112049PN002&#039;, ip: &#039;172.23.174.101&#039;, os.name: &#039;Windows 10&#039;, os.arch: &#039;amd64&#039;, os.version: &#039;10.0&#039;, java.version: &#039;1.8.0_241&#039;
Driver info: unit.Utilities
Capabilities {appActivity: com.skt.nugu.ui.LoginActivity, appPackage: com.skt.aladdin, automationName: UIAutomator2, chromedriverArgs: {browserName: chrome, goog:chromeOptions: {args: [], extensions: [], w3c: false}}, chromedriverExecutable: C:\chromedriver_win32\chrom..., databaseEnabled: false, desired: {appActivity: com.skt.nugu.ui.LoginActivity, appPackage: com.skt.aladdin, automationName: UIAutomator2, chromedriverArgs: {browserName: chrome, goog:chromeOptions: {args: [], extensions: [], w3c: false}}, chromedriverExecutable: C:\chromedriver_win32\chrom..., deviceName: Android, platformName: android, showChromedriverLog: true, udid: ce12160cb994301d04}, deviceApiLevel: 28, deviceManufacturer: samsung, deviceModel: SM-G955N, deviceName: ce12160cb994301d04, deviceScreenDensity: 420, deviceScreenSize: 1080x2220, deviceUDID: ce12160cb994301d04, javascriptEnabled: true, locationContextEnabled: false, networkConnectionEnabled: true, pixelRatio: 2.625, platform: LINUX, platformName: Android, platformVersion: 9, showChromedriverLog: true, statBarHeight: 63, takesScreenshot: true, udid: ce12160cb994301d04, viewportRect: {height: 2031, left: 0, top: 63, width: 1080}, warnings: {}, webStorageEnabled: false}
Session ID: 825c00a0-6854-4d71-a37a-aaa52030743a">
      <![CDATA[org.openqa.selenium.WebDriverException: An unknown server-side error occurred while processing the command. Original error: Could not proxy command to remote server. Original error: Error: socket hang up
Build info: version: '3.14.0', revision: 'aacccce0', time: '2018-08-02T20:19:58.91Z'
System info: host: 'SKT1112049PN002', ip: '172.23.174.101', os.name: 'Windows 10', os.arch: 'amd64', os.version: '10.0', java.version: '1.8.0_241'
Driver info: unit.Utilities
Capabilities {appActivity: com.skt.nugu.ui.LoginActivity, appPackage: com.skt.aladdin, automationName: UIAutomator2, chromedriverArgs: {browserName: chrome, goog:chromeOptions: {args: [], extensions: [], w3c: false}}, chromedriverExecutable: C:\chromedriver_win32\chrom..., databaseEnabled: false, desired: {appActivity: com.skt.nugu.ui.LoginActivity, appPackage: com.skt.aladdin, automationName: UIAutomator2, chromedriverArgs: {browserName: chrome, goog:chromeOptions: {args: [], extensions: [], w3c: false}}, chromedriverExecutable: C:\chromedriver_win32\chrom..., deviceName: Android, platformName: android, showChromedriverLog: true, udid: ce12160cb994301d04}, deviceApiLevel: 28, deviceManufacturer: samsung, deviceModel: SM-G955N, deviceName: ce12160cb994301d04, deviceScreenDensity: 420, deviceScreenSize: 1080x2220, deviceUDID: ce12160cb994301d04, javascriptEnabled: true, locationContextEnabled: false, networkConnectionEnabled: true, pixelRatio: 2.625, platform: LINUX, platformName: Android, platformVersion: 9, showChromedriverLog: true, statBarHeight: 63, takesScreenshot: true, udid: ce12160cb994301d04, viewportRect: {height: 2031, left: 0, top: 63, width: 1080}, warnings: {}, webStorageEnabled: false}
Session ID: 825c00a0-6854-4d71-a37a-aaa52030743a
	at sun.reflect.NativeConstructorAccessorImpl.newInstance0(Native Method)
	at sun.reflect.NativeConstructorAccessorImpl.newInstance(Unknown Source)
	at sun.reflect.DelegatingConstructorAccessorImpl.newInstance(Unknown Source)
	at java.lang.reflect.Constructor.newInstance(Unknown Source)
	at org.openqa.selenium.remote.http.W3CHttpResponseCodec.createException(W3CHttpResponseCodec.java:187)
	at org.openqa.selenium.remote.http.W3CHttpResponseCodec.decode(W3CHttpResponseCodec.java:122)
	at org.openqa.selenium.remote.http.W3CHttpResponseCodec.decode(W3CHttpResponseCodec.java:49)
	at org.openqa.selenium.remote.HttpCommandExecutor.execute(HttpCommandExecutor.java:158)
	at io.appium.java_client.remote.AppiumCommandExecutor.execute(AppiumCommandExecutor.java:239)
	at org.openqa.selenium.remote.RemoteWebDriver.execute(RemoteWebDriver.java:548)
	at io.appium.java_client.DefaultGenericMobileDriver.execute(DefaultGenericMobileDriver.java:45)
	at io.appium.java_client.AppiumDriver.execute(AppiumDriver.java:1)
	at io.appium.java_client.android.AndroidDriver.execute(AndroidDriver.java:1)
	at unit.Utilities.execute(Utilities.java:1)
	at org.openqa.selenium.remote.RemoteWebDriver.getScreenshotAs(RemoteWebDriver.java:294)
	at unit.Utilities.ErrorScreenshots(Utilities.java:1176)
	at unit.TestCase.AfterMethod(TestCase.java:131)
	at sun.reflect.NativeMethodAccessorImpl.invoke0(Native Method)
	at sun.reflect.NativeMethodAccessorImpl.invoke(Unknown Source)
	at sun.reflect.DelegatingMethodAccessorImpl.invoke(Unknown Source)
	at java.lang.reflect.Method.invoke(Unknown Source)
	at org.testng.internal.MethodInvocationHelper.invokeMethod(MethodInvocationHelper.java:86)
	at org.testng.internal.Invoker.invokeConfigurationMethod(Invoker.java:514)
	at org.testng.internal.Invoker.invokeConfigurations(Invoker.java:215)
	at org.testng.internal.Invoker.invokeMethod(Invoker.java:707)
	at org.testng.internal.Invoker.invokeTestMethod(Invoker.java:820)
	at org.testng.internal.Invoker.invokeTestMethods(Invoker.java:1128)
	at org.testng.internal.TestMethodWorker.invokeTestMethods(TestMethodWorker.java:129)
	at org.testng.internal.TestMethodWorker.run(TestMethodWorker.java:112)
	at org.testng.TestRunner.privateRun(TestRunner.java:782)
	at org.testng.TestRunner.run(TestRunner.java:632)
	at org.testng.SuiteRunner.runTest(SuiteRunner.java:366)
	at org.testng.SuiteRunner.access$000(SuiteRunner.java:39)
	at org.testng.SuiteRunner$SuiteWorker.run(SuiteRunner.java:400)
	at org.testng.internal.thread.ThreadUtil$2.call(ThreadUtil.java:64)
	at java.util.concurrent.FutureTask.run(Unknown Source)
	at java.util.concurrent.ThreadPoolExecutor.runWorker(Unknown Source)
	at java.util.concurrent.ThreadPoolExecutor$Worker.run(Unknown Source)
	at java.lang.Thread.run(Unknown Source)
]]>
    </error>
  </testcase> <!-- TC_연결_286_form_288 -->
  <testcase name="TC_연결_281" time="0.002" classname="NUGUAPP_002_연결.연결_06_NUGU_albertAI">
    <error type="org.openqa.selenium.WebDriverException" message="An unknown server-side error occurred while processing the command. Original error: Could not proxy command to remote server. Original error: Error: socket hang up
Build info: version: &#039;3.14.0&#039;, revision: &#039;aacccce0&#039;, time: &#039;2018-08-02T20:19:58.91Z&#039;
System info: host: &#039;SKT1112049PN002&#039;, ip: &#039;172.23.174.101&#039;, os.name: &#039;Windows 10&#039;, os.arch: &#039;amd64&#039;, os.version: &#039;10.0&#039;, java.version: &#039;1.8.0_241&#039;
Driver info: unit.Utilities
Capabilities {appActivity: com.skt.nugu.ui.LoginActivity, appPackage: com.skt.aladdin, automationName: UIAutomator2, chromedriverArgs: {browserName: chrome, goog:chromeOptions: {args: [], extensions: [], w3c: false}}, chromedriverExecutable: C:\chromedriver_win32\chrom..., databaseEnabled: false, desired: {appActivity: com.skt.nugu.ui.LoginActivity, appPackage: com.skt.aladdin, automationName: UIAutomator2, chromedriverArgs: {browserName: chrome, goog:chromeOptions: {args: [], extensions: [], w3c: false}}, chromedriverExecutable: C:\chromedriver_win32\chrom..., deviceName: Android, platformName: android, showChromedriverLog: true, udid: ce12160cb994301d04}, deviceApiLevel: 28, deviceManufacturer: samsung, deviceModel: SM-G955N, deviceName: ce12160cb994301d04, deviceScreenDensity: 420, deviceScreenSize: 1080x2220, deviceUDID: ce12160cb994301d04, javascriptEnabled: true, locationContextEnabled: false, networkConnectionEnabled: true, pixelRatio: 2.625, platform: LINUX, platformName: Android, platformVersion: 9, showChromedriverLog: true, statBarHeight: 63, takesScreenshot: true, udid: ce12160cb994301d04, viewportRect: {height: 2031, left: 0, top: 63, width: 1080}, warnings: {}, webStorageEnabled: false}
Session ID: 825c00a0-6854-4d71-a37a-aaa52030743a">
      <![CDATA[org.openqa.selenium.WebDriverException: An unknown server-side error occurred while processing the command. Original error: Could not proxy command to remote server. Original error: Error: socket hang up
Build info: version: '3.14.0', revision: 'aacccce0', time: '2018-08-02T20:19:58.91Z'
System info: host: 'SKT1112049PN002', ip: '172.23.174.101', os.name: 'Windows 10', os.arch: 'amd64', os.version: '10.0', java.version: '1.8.0_241'
Driver info: unit.Utilities
Capabilities {appActivity: com.skt.nugu.ui.LoginActivity, appPackage: com.skt.aladdin, automationName: UIAutomator2, chromedriverArgs: {browserName: chrome, goog:chromeOptions: {args: [], extensions: [], w3c: false}}, chromedriverExecutable: C:\chromedriver_win32\chrom..., databaseEnabled: false, desired: {appActivity: com.skt.nugu.ui.LoginActivity, appPackage: com.skt.aladdin, automationName: UIAutomator2, chromedriverArgs: {browserName: chrome, goog:chromeOptions: {args: [], extensions: [], w3c: false}}, chromedriverExecutable: C:\chromedriver_win32\chrom..., deviceName: Android, platformName: android, showChromedriverLog: true, udid: ce12160cb994301d04}, deviceApiLevel: 28, deviceManufacturer: samsung, deviceModel: SM-G955N, deviceName: ce12160cb994301d04, deviceScreenDensity: 420, deviceScreenSize: 1080x2220, deviceUDID: ce12160cb994301d04, javascriptEnabled: true, locationContextEnabled: false, networkConnectionEnabled: true, pixelRatio: 2.625, platform: LINUX, platformName: Android, platformVersion: 9, showChromedriverLog: true, statBarHeight: 63, takesScreenshot: true, udid: ce12160cb994301d04, viewportRect: {height: 2031, left: 0, top: 63, width: 1080}, warnings: {}, webStorageEnabled: false}
Session ID: 825c00a0-6854-4d71-a37a-aaa52030743a
	at sun.reflect.NativeConstructorAccessorImpl.newInstance0(Native Method)
	at sun.reflect.NativeConstructorAccessorImpl.newInstance(Unknown Source)
	at sun.reflect.DelegatingConstructorAccessorImpl.newInstance(Unknown Source)
	at java.lang.reflect.Constructor.newInstance(Unknown Source)
	at org.openqa.selenium.remote.http.W3CHttpResponseCodec.createException(W3CHttpResponseCodec.java:187)
	at org.openqa.selenium.remote.http.W3CHttpResponseCodec.decode(W3CHttpResponseCodec.java:122)
	at org.openqa.selenium.remote.http.W3CHttpResponseCodec.decode(W3CHttpResponseCodec.java:49)
	at org.openqa.selenium.remote.HttpCommandExecutor.execute(HttpCommandExecutor.java:158)
	at io.appium.java_client.remote.AppiumCommandExecutor.execute(AppiumCommandExecutor.java:239)
	at org.openqa.selenium.remote.RemoteWebDriver.execute(RemoteWebDriver.java:548)
	at io.appium.java_client.DefaultGenericMobileDriver.execute(DefaultGenericMobileDriver.java:45)
	at io.appium.java_client.AppiumDriver.execute(AppiumDriver.java:1)
	at io.appium.java_client.android.AndroidDriver.execute(AndroidDriver.java:1)
	at unit.Utilities.execute(Utilities.java:1)
	at org.openqa.selenium.remote.RemoteWebDriver.getScreenshotAs(RemoteWebDriver.java:294)
	at unit.Utilities.ErrorScreenshots(Utilities.java:1176)
	at unit.TestCase.AfterMethod(TestCase.java:131)
	at sun.reflect.NativeMethodAccessorImpl.invoke0(Native Method)
	at sun.reflect.NativeMethodAccessorImpl.invoke(Unknown Source)
	at sun.reflect.DelegatingMethodAccessorImpl.invoke(Unknown Source)
	at java.lang.reflect.Method.invoke(Unknown Source)
	at org.testng.internal.MethodInvocationHelper.invokeMethod(MethodInvocationHelper.java:86)
	at org.testng.internal.Invoker.invokeConfigurationMethod(Invoker.java:514)
	at org.testng.internal.Invoker.invokeConfigurations(Invoker.java:215)
	at org.testng.internal.Invoker.invokeMethod(Invoker.java:707)
	at org.testng.internal.Invoker.invokeTestMethod(Invoker.java:820)
	at org.testng.internal.Invoker.invokeTestMethods(Invoker.java:1128)
	at org.testng.internal.TestMethodWorker.invokeTestMethods(TestMethodWorker.java:129)
	at org.testng.internal.TestMethodWorker.run(TestMethodWorker.java:112)
	at org.testng.TestRunner.privateRun(TestRunner.java:782)
	at org.testng.TestRunner.run(TestRunner.java:632)
	at org.testng.SuiteRunner.runTest(SuiteRunner.java:366)
	at org.testng.SuiteRunner.access$000(SuiteRunner.java:39)
	at org.testng.SuiteRunner$SuiteWorker.run(SuiteRunner.java:400)
	at org.testng.internal.thread.ThreadUtil$2.call(ThreadUtil.java:64)
	at java.util.concurrent.FutureTask.run(Unknown Source)
	at java.util.concurrent.ThreadPoolExecutor.runWorker(Unknown Source)
	at java.util.concurrent.ThreadPoolExecutor$Worker.run(Unknown Source)
	at java.lang.Thread.run(Unknown Source)
]]>
    </error>
  </testcase> <!-- TC_연결_281 -->
  <testcase name="TC_연결_309" time="0.002" classname="NUGUAPP_002_연결.연결_06_NUGU_albertAI">
    <error type="org.openqa.selenium.WebDriverException" message="An unknown server-side error occurred while processing the command. Original error: Could not proxy command to remote server. Original error: Error: socket hang up
Build info: version: &#039;3.14.0&#039;, revision: &#039;aacccce0&#039;, time: &#039;2018-08-02T20:19:58.91Z&#039;
System info: host: &#039;SKT1112049PN002&#039;, ip: &#039;172.23.174.101&#039;, os.name: &#039;Windows 10&#039;, os.arch: &#039;amd64&#039;, os.version: &#039;10.0&#039;, java.version: &#039;1.8.0_241&#039;
Driver info: unit.Utilities
Capabilities {appActivity: com.skt.nugu.ui.LoginActivity, appPackage: com.skt.aladdin, automationName: UIAutomator2, chromedriverArgs: {browserName: chrome, goog:chromeOptions: {args: [], extensions: [], w3c: false}}, chromedriverExecutable: C:\chromedriver_win32\chrom..., databaseEnabled: false, desired: {appActivity: com.skt.nugu.ui.LoginActivity, appPackage: com.skt.aladdin, automationName: UIAutomator2, chromedriverArgs: {browserName: chrome, goog:chromeOptions: {args: [], extensions: [], w3c: false}}, chromedriverExecutable: C:\chromedriver_win32\chrom..., deviceName: Android, platformName: android, showChromedriverLog: true, udid: ce12160cb994301d04}, deviceApiLevel: 28, deviceManufacturer: samsung, deviceModel: SM-G955N, deviceName: ce12160cb994301d04, deviceScreenDensity: 420, deviceScreenSize: 1080x2220, deviceUDID: ce12160cb994301d04, javascriptEnabled: true, locationContextEnabled: false, networkConnectionEnabled: true, pixelRatio: 2.625, platform: LINUX, platformName: Android, platformVersion: 9, showChromedriverLog: true, statBarHeight: 63, takesScreenshot: true, udid: ce12160cb994301d04, viewportRect: {height: 2031, left: 0, top: 63, width: 1080}, warnings: {}, webStorageEnabled: false}
Session ID: 825c00a0-6854-4d71-a37a-aaa52030743a">
      <![CDATA[org.openqa.selenium.WebDriverException: An unknown server-side error occurred while processing the command. Original error: Could not proxy command to remote server. Original error: Error: socket hang up
Build info: version: '3.14.0', revision: 'aacccce0', time: '2018-08-02T20:19:58.91Z'
System info: host: 'SKT1112049PN002', ip: '172.23.174.101', os.name: 'Windows 10', os.arch: 'amd64', os.version: '10.0', java.version: '1.8.0_241'
Driver info: unit.Utilities
Capabilities {appActivity: com.skt.nugu.ui.LoginActivity, appPackage: com.skt.aladdin, automationName: UIAutomator2, chromedriverArgs: {browserName: chrome, goog:chromeOptions: {args: [], extensions: [], w3c: false}}, chromedriverExecutable: C:\chromedriver_win32\chrom..., databaseEnabled: false, desired: {appActivity: com.skt.nugu.ui.LoginActivity, appPackage: com.skt.aladdin, automationName: UIAutomator2, chromedriverArgs: {browserName: chrome, goog:chromeOptions: {args: [], extensions: [], w3c: false}}, chromedriverExecutable: C:\chromedriver_win32\chrom..., deviceName: Android, platformName: android, showChromedriverLog: true, udid: ce12160cb994301d04}, deviceApiLevel: 28, deviceManufacturer: samsung, deviceModel: SM-G955N, deviceName: ce12160cb994301d04, deviceScreenDensity: 420, deviceScreenSize: 1080x2220, deviceUDID: ce12160cb994301d04, javascriptEnabled: true, locationContextEnabled: false, networkConnectionEnabled: true, pixelRatio: 2.625, platform: LINUX, platformName: Android, platformVersion: 9, showChromedriverLog: true, statBarHeight: 63, takesScreenshot: true, udid: ce12160cb994301d04, viewportRect: {height: 2031, left: 0, top: 63, width: 1080}, warnings: {}, webStorageEnabled: false}
Session ID: 825c00a0-6854-4d71-a37a-aaa52030743a
	at sun.reflect.NativeConstructorAccessorImpl.newInstance0(Native Method)
	at sun.reflect.NativeConstructorAccessorImpl.newInstance(Unknown Source)
	at sun.reflect.DelegatingConstructorAccessorImpl.newInstance(Unknown Source)
	at java.lang.reflect.Constructor.newInstance(Unknown Source)
	at org.openqa.selenium.remote.http.W3CHttpResponseCodec.createException(W3CHttpResponseCodec.java:187)
	at org.openqa.selenium.remote.http.W3CHttpResponseCodec.decode(W3CHttpResponseCodec.java:122)
	at org.openqa.selenium.remote.http.W3CHttpResponseCodec.decode(W3CHttpResponseCodec.java:49)
	at org.openqa.selenium.remote.HttpCommandExecutor.execute(HttpCommandExecutor.java:158)
	at io.appium.java_client.remote.AppiumCommandExecutor.execute(AppiumCommandExecutor.java:239)
	at org.openqa.selenium.remote.RemoteWebDriver.execute(RemoteWebDriver.java:548)
	at io.appium.java_client.DefaultGenericMobileDriver.execute(DefaultGenericMobileDriver.java:45)
	at io.appium.java_client.AppiumDriver.execute(AppiumDriver.java:1)
	at io.appium.java_client.android.AndroidDriver.execute(AndroidDriver.java:1)
	at unit.Utilities.execute(Utilities.java:1)
	at org.openqa.selenium.remote.RemoteWebDriver.getScreenshotAs(RemoteWebDriver.java:294)
	at unit.Utilities.ErrorScreenshots(Utilities.java:1176)
	at unit.TestCase.AfterMethod(TestCase.java:131)
	at sun.reflect.NativeMethodAccessorImpl.invoke0(Native Method)
	at sun.reflect.NativeMethodAccessorImpl.invoke(Unknown Source)
	at sun.reflect.DelegatingMethodAccessorImpl.invoke(Unknown Source)
	at java.lang.reflect.Method.invoke(Unknown Source)
	at org.testng.internal.MethodInvocationHelper.invokeMethod(MethodInvocationHelper.java:86)
	at org.testng.internal.Invoker.invokeConfigurationMethod(Invoker.java:514)
	at org.testng.internal.Invoker.invokeConfigurations(Invoker.java:215)
	at org.testng.internal.Invoker.invokeMethod(Invoker.java:707)
	at org.testng.internal.Invoker.invokeTestMethod(Invoker.java:820)
	at org.testng.internal.Invoker.invokeTestMethods(Invoker.java:1128)
	at org.testng.internal.TestMethodWorker.invokeTestMethods(TestMethodWorker.java:129)
	at org.testng.internal.TestMethodWorker.run(TestMethodWorker.java:112)
	at org.testng.TestRunner.privateRun(TestRunner.java:782)
	at org.testng.TestRunner.run(TestRunner.java:632)
	at org.testng.SuiteRunner.runTest(SuiteRunner.java:366)
	at org.testng.SuiteRunner.access$000(SuiteRunner.java:39)
	at org.testng.SuiteRunner$SuiteWorker.run(SuiteRunner.java:400)
	at org.testng.internal.thread.ThreadUtil$2.call(ThreadUtil.java:64)
	at java.util.concurrent.FutureTask.run(Unknown Source)
	at java.util.concurrent.ThreadPoolExecutor.runWorker(Unknown Source)
	at java.util.concurrent.ThreadPoolExecutor$Worker.run(Unknown Source)
	at java.lang.Thread.run(Unknown Source)
]]>
    </error>
  </testcase> <!-- TC_연결_309 -->
  <testcase name="TC_연결_292" time="0.001" classname="NUGUAPP_002_연결.연결_06_NUGU_albertAI">
    <error type="org.openqa.selenium.WebDriverException" message="An unknown server-side error occurred while processing the command. Original error: Could not proxy command to remote server. Original error: Error: socket hang up
Build info: version: &#039;3.14.0&#039;, revision: &#039;aacccce0&#039;, time: &#039;2018-08-02T20:19:58.91Z&#039;
System info: host: &#039;SKT1112049PN002&#039;, ip: &#039;172.23.174.101&#039;, os.name: &#039;Windows 10&#039;, os.arch: &#039;amd64&#039;, os.version: &#039;10.0&#039;, java.version: &#039;1.8.0_241&#039;
Driver info: unit.Utilities
Capabilities {appActivity: com.skt.nugu.ui.LoginActivity, appPackage: com.skt.aladdin, automationName: UIAutomator2, chromedriverArgs: {browserName: chrome, goog:chromeOptions: {args: [], extensions: [], w3c: false}}, chromedriverExecutable: C:\chromedriver_win32\chrom..., databaseEnabled: false, desired: {appActivity: com.skt.nugu.ui.LoginActivity, appPackage: com.skt.aladdin, automationName: UIAutomator2, chromedriverArgs: {browserName: chrome, goog:chromeOptions: {args: [], extensions: [], w3c: false}}, chromedriverExecutable: C:\chromedriver_win32\chrom..., deviceName: Android, platformName: android, showChromedriverLog: true, udid: ce12160cb994301d04}, deviceApiLevel: 28, deviceManufacturer: samsung, deviceModel: SM-G955N, deviceName: ce12160cb994301d04, deviceScreenDensity: 420, deviceScreenSize: 1080x2220, deviceUDID: ce12160cb994301d04, javascriptEnabled: true, locationContextEnabled: false, networkConnectionEnabled: true, pixelRatio: 2.625, platform: LINUX, platformName: Android, platformVersion: 9, showChromedriverLog: true, statBarHeight: 63, takesScreenshot: true, udid: ce12160cb994301d04, viewportRect: {height: 2031, left: 0, top: 63, width: 1080}, warnings: {}, webStorageEnabled: false}
Session ID: 825c00a0-6854-4d71-a37a-aaa52030743a">
      <![CDATA[org.openqa.selenium.WebDriverException: An unknown server-side error occurred while processing the command. Original error: Could not proxy command to remote server. Original error: Error: socket hang up
Build info: version: '3.14.0', revision: 'aacccce0', time: '2018-08-02T20:19:58.91Z'
System info: host: 'SKT1112049PN002', ip: '172.23.174.101', os.name: 'Windows 10', os.arch: 'amd64', os.version: '10.0', java.version: '1.8.0_241'
Driver info: unit.Utilities
Capabilities {appActivity: com.skt.nugu.ui.LoginActivity, appPackage: com.skt.aladdin, automationName: UIAutomator2, chromedriverArgs: {browserName: chrome, goog:chromeOptions: {args: [], extensions: [], w3c: false}}, chromedriverExecutable: C:\chromedriver_win32\chrom..., databaseEnabled: false, desired: {appActivity: com.skt.nugu.ui.LoginActivity, appPackage: com.skt.aladdin, automationName: UIAutomator2, chromedriverArgs: {browserName: chrome, goog:chromeOptions: {args: [], extensions: [], w3c: false}}, chromedriverExecutable: C:\chromedriver_win32\chrom..., deviceName: Android, platformName: android, showChromedriverLog: true, udid: ce12160cb994301d04}, deviceApiLevel: 28, deviceManufacturer: samsung, deviceModel: SM-G955N, deviceName: ce12160cb994301d04, deviceScreenDensity: 420, deviceScreenSize: 1080x2220, deviceUDID: ce12160cb994301d04, javascriptEnabled: true, locationContextEnabled: false, networkConnectionEnabled: true, pixelRatio: 2.625, platform: LINUX, platformName: Android, platformVersion: 9, showChromedriverLog: true, statBarHeight: 63, takesScreenshot: true, udid: ce12160cb994301d04, viewportRect: {height: 2031, left: 0, top: 63, width: 1080}, warnings: {}, webStorageEnabled: false}
Session ID: 825c00a0-6854-4d71-a37a-aaa52030743a
	at sun.reflect.NativeConstructorAccessorImpl.newInstance0(Native Method)
	at sun.reflect.NativeConstructorAccessorImpl.newInstance(Unknown Source)
	at sun.reflect.DelegatingConstructorAccessorImpl.newInstance(Unknown Source)
	at java.lang.reflect.Constructor.newInstance(Unknown Source)
	at org.openqa.selenium.remote.http.W3CHttpResponseCodec.createException(W3CHttpResponseCodec.java:187)
	at org.openqa.selenium.remote.http.W3CHttpResponseCodec.decode(W3CHttpResponseCodec.java:122)
	at org.openqa.selenium.remote.http.W3CHttpResponseCodec.decode(W3CHttpResponseCodec.java:49)
	at org.openqa.selenium.remote.HttpCommandExecutor.execute(HttpCommandExecutor.java:158)
	at io.appium.java_client.remote.AppiumCommandExecutor.execute(AppiumCommandExecutor.java:239)
	at org.openqa.selenium.remote.RemoteWebDriver.execute(RemoteWebDriver.java:548)
	at io.appium.java_client.DefaultGenericMobileDriver.execute(DefaultGenericMobileDriver.java:45)
	at io.appium.java_client.AppiumDriver.execute(AppiumDriver.java:1)
	at io.appium.java_client.android.AndroidDriver.execute(AndroidDriver.java:1)
	at unit.Utilities.execute(Utilities.java:1)
	at org.openqa.selenium.remote.RemoteWebDriver.getScreenshotAs(RemoteWebDriver.java:294)
	at unit.Utilities.ErrorScreenshots(Utilities.java:1176)
	at unit.TestCase.AfterMethod(TestCase.java:131)
	at sun.reflect.NativeMethodAccessorImpl.invoke0(Native Method)
	at sun.reflect.NativeMethodAccessorImpl.invoke(Unknown Source)
	at sun.reflect.DelegatingMethodAccessorImpl.invoke(Unknown Source)
	at java.lang.reflect.Method.invoke(Unknown Source)
	at org.testng.internal.MethodInvocationHelper.invokeMethod(MethodInvocationHelper.java:86)
	at org.testng.internal.Invoker.invokeConfigurationMethod(Invoker.java:514)
	at org.testng.internal.Invoker.invokeConfigurations(Invoker.java:215)
	at org.testng.internal.Invoker.invokeMethod(Invoker.java:707)
	at org.testng.internal.Invoker.invokeTestMethod(Invoker.java:820)
	at org.testng.internal.Invoker.invokeTestMethods(Invoker.java:1128)
	at org.testng.internal.TestMethodWorker.invokeTestMethods(TestMethodWorker.java:129)
	at org.testng.internal.TestMethodWorker.run(TestMethodWorker.java:112)
	at org.testng.TestRunner.privateRun(TestRunner.java:782)
	at org.testng.TestRunner.run(TestRunner.java:632)
	at org.testng.SuiteRunner.runTest(SuiteRunner.java:366)
	at org.testng.SuiteRunner.access$000(SuiteRunner.java:39)
	at org.testng.SuiteRunner$SuiteWorker.run(SuiteRunner.java:400)
	at org.testng.internal.thread.ThreadUtil$2.call(ThreadUtil.java:64)
	at java.util.concurrent.FutureTask.run(Unknown Source)
	at java.util.concurrent.ThreadPoolExecutor.runWorker(Unknown Source)
	at java.util.concurrent.ThreadPoolExecutor$Worker.run(Unknown Source)
	at java.lang.Thread.run(Unknown Source)
]]>
    </error>
  </testcase> <!-- TC_연결_292 -->
  <testcase name="TC_연결_296" time="0.002" classname="NUGUAPP_002_연결.연결_06_NUGU_albertAI">
    <error type="org.openqa.selenium.WebDriverException" message="An unknown server-side error occurred while processing the command. Original error: Could not proxy command to remote server. Original error: Error: socket hang up
Build info: version: &#039;3.14.0&#039;, revision: &#039;aacccce0&#039;, time: &#039;2018-08-02T20:19:58.91Z&#039;
System info: host: &#039;SKT1112049PN002&#039;, ip: &#039;172.23.174.101&#039;, os.name: &#039;Windows 10&#039;, os.arch: &#039;amd64&#039;, os.version: &#039;10.0&#039;, java.version: &#039;1.8.0_241&#039;
Driver info: unit.Utilities
Capabilities {appActivity: com.skt.nugu.ui.LoginActivity, appPackage: com.skt.aladdin, automationName: UIAutomator2, chromedriverArgs: {browserName: chrome, goog:chromeOptions: {args: [], extensions: [], w3c: false}}, chromedriverExecutable: C:\chromedriver_win32\chrom..., databaseEnabled: false, desired: {appActivity: com.skt.nugu.ui.LoginActivity, appPackage: com.skt.aladdin, automationName: UIAutomator2, chromedriverArgs: {browserName: chrome, goog:chromeOptions: {args: [], extensions: [], w3c: false}}, chromedriverExecutable: C:\chromedriver_win32\chrom..., deviceName: Android, platformName: android, showChromedriverLog: true, udid: ce12160cb994301d04}, deviceApiLevel: 28, deviceManufacturer: samsung, deviceModel: SM-G955N, deviceName: ce12160cb994301d04, deviceScreenDensity: 420, deviceScreenSize: 1080x2220, deviceUDID: ce12160cb994301d04, javascriptEnabled: true, locationContextEnabled: false, networkConnectionEnabled: true, pixelRatio: 2.625, platform: LINUX, platformName: Android, platformVersion: 9, showChromedriverLog: true, statBarHeight: 63, takesScreenshot: true, udid: ce12160cb994301d04, viewportRect: {height: 2031, left: 0, top: 63, width: 1080}, warnings: {}, webStorageEnabled: false}
Session ID: 825c00a0-6854-4d71-a37a-aaa52030743a">
      <![CDATA[org.openqa.selenium.WebDriverException: An unknown server-side error occurred while processing the command. Original error: Could not proxy command to remote server. Original error: Error: socket hang up
Build info: version: '3.14.0', revision: 'aacccce0', time: '2018-08-02T20:19:58.91Z'
System info: host: 'SKT1112049PN002', ip: '172.23.174.101', os.name: 'Windows 10', os.arch: 'amd64', os.version: '10.0', java.version: '1.8.0_241'
Driver info: unit.Utilities
Capabilities {appActivity: com.skt.nugu.ui.LoginActivity, appPackage: com.skt.aladdin, automationName: UIAutomator2, chromedriverArgs: {browserName: chrome, goog:chromeOptions: {args: [], extensions: [], w3c: false}}, chromedriverExecutable: C:\chromedriver_win32\chrom..., databaseEnabled: false, desired: {appActivity: com.skt.nugu.ui.LoginActivity, appPackage: com.skt.aladdin, automationName: UIAutomator2, chromedriverArgs: {browserName: chrome, goog:chromeOptions: {args: [], extensions: [], w3c: false}}, chromedriverExecutable: C:\chromedriver_win32\chrom..., deviceName: Android, platformName: android, showChromedriverLog: true, udid: ce12160cb994301d04}, deviceApiLevel: 28, deviceManufacturer: samsung, deviceModel: SM-G955N, deviceName: ce12160cb994301d04, deviceScreenDensity: 420, deviceScreenSize: 1080x2220, deviceUDID: ce12160cb994301d04, javascriptEnabled: true, locationContextEnabled: false, networkConnectionEnabled: true, pixelRatio: 2.625, platform: LINUX, platformName: Android, platformVersion: 9, showChromedriverLog: true, statBarHeight: 63, takesScreenshot: true, udid: ce12160cb994301d04, viewportRect: {height: 2031, left: 0, top: 63, width: 1080}, warnings: {}, webStorageEnabled: false}
Session ID: 825c00a0-6854-4d71-a37a-aaa52030743a
	at sun.reflect.NativeConstructorAccessorImpl.newInstance0(Native Method)
	at sun.reflect.NativeConstructorAccessorImpl.newInstance(Unknown Source)
	at sun.reflect.DelegatingConstructorAccessorImpl.newInstance(Unknown Source)
	at java.lang.reflect.Constructor.newInstance(Unknown Source)
	at org.openqa.selenium.remote.http.W3CHttpResponseCodec.createException(W3CHttpResponseCodec.java:187)
	at org.openqa.selenium.remote.http.W3CHttpResponseCodec.decode(W3CHttpResponseCodec.java:122)
	at org.openqa.selenium.remote.http.W3CHttpResponseCodec.decode(W3CHttpResponseCodec.java:49)
	at org.openqa.selenium.remote.HttpCommandExecutor.execute(HttpCommandExecutor.java:158)
	at io.appium.java_client.remote.AppiumCommandExecutor.execute(AppiumCommandExecutor.java:239)
	at org.openqa.selenium.remote.RemoteWebDriver.execute(RemoteWebDriver.java:548)
	at io.appium.java_client.DefaultGenericMobileDriver.execute(DefaultGenericMobileDriver.java:45)
	at io.appium.java_client.AppiumDriver.execute(AppiumDriver.java:1)
	at io.appium.java_client.android.AndroidDriver.execute(AndroidDriver.java:1)
	at unit.Utilities.execute(Utilities.java:1)
	at org.openqa.selenium.remote.RemoteWebDriver.getScreenshotAs(RemoteWebDriver.java:294)
	at unit.Utilities.ErrorScreenshots(Utilities.java:1176)
	at unit.TestCase.AfterMethod(TestCase.java:131)
	at sun.reflect.NativeMethodAccessorImpl.invoke0(Native Method)
	at sun.reflect.NativeMethodAccessorImpl.invoke(Unknown Source)
	at sun.reflect.DelegatingMethodAccessorImpl.invoke(Unknown Source)
	at java.lang.reflect.Method.invoke(Unknown Source)
	at org.testng.internal.MethodInvocationHelper.invokeMethod(MethodInvocationHelper.java:86)
	at org.testng.internal.Invoker.invokeConfigurationMethod(Invoker.java:514)
	at org.testng.internal.Invoker.invokeConfigurations(Invoker.java:215)
	at org.testng.internal.Invoker.invokeMethod(Invoker.java:707)
	at org.testng.internal.Invoker.invokeTestMethod(Invoker.java:820)
	at org.testng.internal.Invoker.invokeTestMethods(Invoker.java:1128)
	at org.testng.internal.TestMethodWorker.invokeTestMethods(TestMethodWorker.java:129)
	at org.testng.internal.TestMethodWorker.run(TestMethodWorker.java:112)
	at org.testng.TestRunner.privateRun(TestRunner.java:782)
	at org.testng.TestRunner.run(TestRunner.java:632)
	at org.testng.SuiteRunner.runTest(SuiteRunner.java:366)
	at org.testng.SuiteRunner.access$000(SuiteRunner.java:39)
	at org.testng.SuiteRunner$SuiteWorker.run(SuiteRunner.java:400)
	at org.testng.internal.thread.ThreadUtil$2.call(ThreadUtil.java:64)
	at java.util.concurrent.FutureTask.run(Unknown Source)
	at java.util.concurrent.ThreadPoolExecutor.runWorker(Unknown Source)
	at java.util.concurrent.ThreadPoolExecutor$Worker.run(Unknown Source)
	at java.lang.Thread.run(Unknown Source)
]]>
    </error>
  </testcase> <!-- TC_연결_296 -->
</testsuite> <!-- NUGUAPP_002_연결.연결_06_NUGU_albertAI -->
