<?xml version="1.0" encoding="UTF-8"?>
<!-- Generated by org.testng.reporters.JUnitReportReporter -->
<testsuite hostname="DESKTOP-UMRR3LS" name="NUGUAPP_002_연결.연결_01_NUGU연결" tests="22" failures="0" timestamp="9 Jun 2020 09:55:16 GMT" time="177.583" errors="0">
  <testcase name="TC_001_from_002_연결" time="35.515" classname="NUGUAPP_002_연결.연결_01_NUGU연결"/>
  <testcase name="TC_017_연결" time="2.527" classname="NUGUAPP_002_연결.연결_01_NUGU연결"/>
  <testcase name="TC_041_연결" time="3.896" classname="NUGUAPP_002_연결.연결_01_NUGU연결"/>
  <testcase name="TC_003_연결" time="27.750" classname="NUGUAPP_002_연결.연결_01_NUGU연결"/>
  <testcase name="TC_040_연결" time="1.652" classname="NUGUAPP_002_연결.연결_01_NUGU연결"/>
  <testcase name="TC_012_연결" time="7.410" classname="NUGUAPP_002_연결.연결_01_NUGU연결"/>
  <testcase name="TC_044_연결" time="18.163" classname="NUGUAPP_002_연결.연결_01_NUGU연결"/>
  <testcase name="TC_010_연결" time="1.556" classname="NUGUAPP_002_연결.연결_01_NUGU연결"/>
  <testcase name="TC_011_연결" time="5.126" classname="NUGUAPP_002_연결.연결_01_NUGU연결"/>
  <testcase name="TC_020_연결" time="3.351" classname="NUGUAPP_002_연결.연결_01_NUGU연결"/>
  <testcase name="TC_045_연결" time="11.913" classname="NUGUAPP_002_연결.연결_01_NUGU연결"/>
  <testcase name="TC_009_연결" time="3.504" classname="NUGUAPP_002_연결.연결_01_NUGU연결"/>
  <testcase name="TC_023_연결" time="3.557" classname="NUGUAPP_002_연결.연결_01_NUGU연결"/>
  <testcase name="TC_025_And_039_연결" time="5.407" classname="NUGUAPP_002_연결.연결_01_NUGU연결"/>
  <testcase name="TC_019_연결" time="6.073" classname="NUGUAPP_002_연결.연결_01_NUGU연결"/>
  <testcase name="TC_021_연결" time="2.932" classname="NUGUAPP_002_연결.연결_01_NUGU연결"/>
  <testcase name="TC_022_연결" time="7.328" classname="NUGUAPP_002_연결.연결_01_NUGU연결"/>
  <testcase name="TC_042_연결" time="3.167" classname="NUGUAPP_002_연결.연결_01_NUGU연결"/>
  <testcase name="TC_013_연결" time="1.807" classname="NUGUAPP_002_연결.연결_01_NUGU연결"/>
  <testcase name="TC_024_연결" time="3.359" classname="NUGUAPP_002_연결.연결_01_NUGU연결"/>
  <testcase name="TC_014_form_016_연결" time="12.578" classname="NUGUAPP_002_연결.연결_01_NUGU연결"/>
  <testcase name="TC_004_연결" time="9.012" classname="NUGUAPP_002_연결.연결_01_NUGU연결"/>
</testsuite> <!-- NUGUAPP_002_연결.연결_01_NUGU연결 -->
