<?xml version="1.0" encoding="UTF-8"?>
<!-- Generated by org.testng.reporters.JUnitReportReporter -->
<testsuite hostname="DESKTOP-UMRR3LS" name="NUGUAPP_004_메뉴.메뉴_05_자주사용하는서비스" tests="7" failures="0" timestamp="14 Sep 2020 15:46:02 GMT" time="173.772" errors="0">
  <testcase name="TC_메뉴_084_02" time="14.489" classname="NUGUAPP_004_메뉴.메뉴_05_자주사용하는서비스"/>
  <testcase name="TC_메뉴_083_04" time="10.061" classname="NUGUAPP_004_메뉴.메뉴_05_자주사용하는서비스"/>
  <testcase name="TC_메뉴_084_01" time="18.541" classname="NUGUAPP_004_메뉴.메뉴_05_자주사용하는서비스"/>
  <testcase name="TC_메뉴_083_01" time="34.100" classname="NUGUAPP_004_메뉴.메뉴_05_자주사용하는서비스"/>
  <testcase name="TC_메뉴_083_03" time="76.654" classname="NUGUAPP_004_메뉴.메뉴_05_자주사용하는서비스"/>
  <testcase name="TC_메뉴_083_05" time="10.399" classname="NUGUAPP_004_메뉴.메뉴_05_자주사용하는서비스"/>
  <testcase name="TC_메뉴_083_02" time="9.528" classname="NUGUAPP_004_메뉴.메뉴_05_자주사용하는서비스"/>
</testsuite> <!-- NUGUAPP_004_메뉴.메뉴_05_자주사용하는서비스 -->
