<?xml version="1.0" encoding="UTF-8"?>
<!-- Generated by org.testng.reporters.JUnitReportReporter -->
<testsuite hostname="DESKTOP-UMRR3LS" name="NUGUAPP_001_실행.실행_01_앱시작" tests="12" failures="0" timestamp="3 Jun 2020 18:17:32 GMT" time="278.554" errors="0">
  <testcase name="TC_010_앱실행" time="22.801" classname="NUGUAPP_001_실행.실행_01_앱시작"/>
  <testcase name="TC_014_015_앱실행" time="36.619" classname="NUGUAPP_001_실행.실행_01_앱시작"/>
  <testcase name="TC_008_앱실행" time="2.119" classname="NUGUAPP_001_실행.실행_01_앱시작"/>
  <testcase name="TC_20_앱실행" time="18.369" classname="NUGUAPP_001_실행.실행_01_앱시작"/>
  <testcase name="TC_016_앱실행" time="48.411" classname="NUGUAPP_001_실행.실행_01_앱시작"/>
  <testcase name="TC_004_앱실행" time="13.782" classname="NUGUAPP_001_실행.실행_01_앱시작"/>
  <testcase name="TC_012_013_앱실행" time="38.222" classname="NUGUAPP_001_실행.실행_01_앱시작"/>
  <testcase name="TC_011_앱실행" time="24.196" classname="NUGUAPP_001_실행.실행_01_앱시작"/>
  <testcase name="TC_017_018_앱실행" time="37.565" classname="NUGUAPP_001_실행.실행_01_앱시작"/>
  <testcase name="TC_007_앱실행" time="23.099" classname="NUGUAPP_001_실행.실행_01_앱시작"/>
  <testcase name="TC_21_앱실행" time="11.895" classname="NUGUAPP_001_실행.실행_01_앱시작"/>
  <testcase name="TC_005_앱실행" time="1.476" classname="NUGUAPP_001_실행.실행_01_앱시작"/>
</testsuite> <!-- NUGUAPP_001_실행.실행_01_앱시작 -->
