<?xml version="1.0" encoding="UTF-8"?>
<!-- Generated by org.testng.reporters.JUnitReportReporter -->
<testsuite hostname="DESKTOP-UMRR3LS" name="NUGUAPP_003_홈.홈_02_홈카드" tests="3" failures="0" timestamp="9 Sep 2020 14:42:18 GMT" time="101.991" errors="0">
  <testcase name="TC_홈_004" time="68.102" classname="NUGUAPP_003_홈.홈_02_홈카드"/>
  <testcase name="TC_홈_002" time="27.727" classname="NUGUAPP_003_홈.홈_02_홈카드"/>
  <testcase name="TC_홈_003" time="6.162" classname="NUGUAPP_003_홈.홈_02_홈카드"/>
</testsuite> <!-- NUGUAPP_003_홈.홈_02_홈카드 -->
