<?xml version="1.0" encoding="UTF-8"?>
<!-- Generated by org.testng.reporters.JUnitReportReporter -->
<testsuite hostname="DESKTOP-UMRR3LS" name="NUGUAPP_002_연결.연결_01_NUGU" tests="22" failures="0" timestamp="2 Jul 2020 09:32:11 GMT" time="197.628" errors="0">
  <testcase name="TC_연결_012" time="7.426" classname="NUGUAPP_002_연결.연결_01_NUGU"/>
  <testcase name="TC_연결_020" time="3.090" classname="NUGUAPP_002_연결.연결_01_NUGU"/>
  <testcase name="TC_연결_024" time="3.476" classname="NUGUAPP_002_연결.연결_01_NUGU"/>
  <testcase name="TC_연결_042" time="2.819" classname="NUGUAPP_002_연결.연결_01_NUGU"/>
  <testcase name="TC_연결_010" time="1.849" classname="NUGUAPP_002_연결.연결_01_NUGU"/>
  <testcase name="TC_연결_022" time="6.991" classname="NUGUAPP_002_연결.연결_01_NUGU"/>
  <testcase name="TC_연결_040" time="1.518" classname="NUGUAPP_002_연결.연결_01_NUGU"/>
  <testcase name="TC_연결_023" time="3.408" classname="NUGUAPP_002_연결.연결_01_NUGU"/>
  <testcase name="TC_연결_014_form_016" time="12.093" classname="NUGUAPP_002_연결.연결_01_NUGU"/>
  <testcase name="TC_연결_001_from_002" time="40.141" classname="NUGUAPP_002_연결.연결_01_NUGU"/>
  <testcase name="TC_연결_025_and_039" time="5.850" classname="NUGUAPP_002_연결.연결_01_NUGU"/>
  <testcase name="TC_연결_021" time="3.088" classname="NUGUAPP_002_연결.연결_01_NUGU"/>
  <testcase name="TC_연결_013" time="1.922" classname="NUGUAPP_002_연결.연결_01_NUGU"/>
  <testcase name="TC_연결_044" time="18.166" classname="NUGUAPP_002_연결.연결_01_NUGU"/>
  <testcase name="TC_연결_011" time="4.919" classname="NUGUAPP_002_연결.연결_01_NUGU"/>
  <testcase name="TC_연결_041" time="3.290" classname="NUGUAPP_002_연결.연결_01_NUGU"/>
  <testcase name="TC_연결_004" time="22.756" classname="NUGUAPP_002_연결.연결_01_NUGU"/>
  <testcase name="TC_연결_019" time="5.410" classname="NUGUAPP_002_연결.연결_01_NUGU"/>
  <testcase name="TC_연결_017" time="2.553" classname="NUGUAPP_002_연결.연결_01_NUGU"/>
  <testcase name="TC_연결_003" time="31.510" classname="NUGUAPP_002_연결.연결_01_NUGU"/>
  <testcase name="TC_연결_009" time="3.354" classname="NUGUAPP_002_연결.연결_01_NUGU"/>
  <testcase name="TC_연결_045" time="11.999" classname="NUGUAPP_002_연결.연결_01_NUGU"/>
</testsuite> <!-- NUGUAPP_002_연결.연결_01_NUGU -->
