<?xml version="1.0" encoding="UTF-8"?>
<!-- Generated by org.testng.reporters.JUnitReportReporter -->
<testsuite hostname="SKT1112049PN002" name="NUGUAPP_004_메뉴.메뉴_09_설정_일반미디어" tests="9" failures="0" timestamp="12 Oct 2020 08:47:31 GMT" time="332.071" errors="1">
  <testcase name="TC_메뉴_124" time="85.876" classname="NUGUAPP_004_메뉴.메뉴_09_설정_일반미디어">
    <error type="org.openqa.selenium.NoSuchElementException" message="An element could not be located on the page using the given search parameters.
For documentation on this error, please visit: http://seleniumhq.org/exceptions/no_such_element.html
Build info: version: &#039;3.14.0&#039;, revision: &#039;aacccce0&#039;, time: &#039;2018-08-02T20:19:58.91Z&#039;
System info: host: &#039;SKT1112049PN002&#039;, ip: &#039;172.23.174.101&#039;, os.name: &#039;Windows 10&#039;, os.arch: &#039;amd64&#039;, os.version: &#039;10.0&#039;, java.version: &#039;1.8.0_241&#039;
Driver info: unit.Utilities
Capabilities {appActivity: com.skt.nugu.ui.LoginActivity, appPackage: com.skt.aladdin, automationName: UIAutomator2, chromedriverArgs: {browserName: chrome, goog:chromeOptions: {args: [], extensions: [], w3c: false}}, chromedriverExecutable: C:\chromedriver_win32\chrom..., databaseEnabled: false, desired: {appActivity: com.skt.nugu.ui.LoginActivity, appPackage: com.skt.aladdin, automationName: UIAutomator2, chromedriverArgs: {browserName: chrome, goog:chromeOptions: {args: [], extensions: [], w3c: false}}, chromedriverExecutable: C:\chromedriver_win32\chrom..., deviceName: Android, platformName: android, showChromedriverLog: true, udid: ce12160cb994301d04}, deviceApiLevel: 28, deviceManufacturer: samsung, deviceModel: SM-G955N, deviceName: ce12160cb994301d04, deviceScreenDensity: 420, deviceScreenSize: 1080x2220, deviceUDID: ce12160cb994301d04, javascriptEnabled: true, locationContextEnabled: false, networkConnectionEnabled: true, pixelRatio: 2.625, platform: LINUX, platformName: Android, platformVersion: 9, showChromedriverLog: true, statBarHeight: 63, takesScreenshot: true, udid: ce12160cb994301d04, viewportRect: {height: 2031, left: 0, top: 63, width: 1080}, warnings: {}, webStorageEnabled: false}
Session ID: 05f1ec6e-9e14-436f-af21-1815cdbf1c55
*** Element info: {Using=xpath, value=//androidx.recyclerview.widget.RecyclerView/android.widget.LinearLayout[10]/android.widget.TextView[2]}">
      <![CDATA[org.openqa.selenium.NoSuchElementException: An element could not be located on the page using the given search parameters.
For documentation on this error, please visit: http://seleniumhq.org/exceptions/no_such_element.html
Build info: version: '3.14.0', revision: 'aacccce0', time: '2018-08-02T20:19:58.91Z'
System info: host: 'SKT1112049PN002', ip: '172.23.174.101', os.name: 'Windows 10', os.arch: 'amd64', os.version: '10.0', java.version: '1.8.0_241'
Driver info: unit.Utilities
Capabilities {appActivity: com.skt.nugu.ui.LoginActivity, appPackage: com.skt.aladdin, automationName: UIAutomator2, chromedriverArgs: {browserName: chrome, goog:chromeOptions: {args: [], extensions: [], w3c: false}}, chromedriverExecutable: C:\chromedriver_win32\chrom..., databaseEnabled: false, desired: {appActivity: com.skt.nugu.ui.LoginActivity, appPackage: com.skt.aladdin, automationName: UIAutomator2, chromedriverArgs: {browserName: chrome, goog:chromeOptions: {args: [], extensions: [], w3c: false}}, chromedriverExecutable: C:\chromedriver_win32\chrom..., deviceName: Android, platformName: android, showChromedriverLog: true, udid: ce12160cb994301d04}, deviceApiLevel: 28, deviceManufacturer: samsung, deviceModel: SM-G955N, deviceName: ce12160cb994301d04, deviceScreenDensity: 420, deviceScreenSize: 1080x2220, deviceUDID: ce12160cb994301d04, javascriptEnabled: true, locationContextEnabled: false, networkConnectionEnabled: true, pixelRatio: 2.625, platform: LINUX, platformName: Android, platformVersion: 9, showChromedriverLog: true, statBarHeight: 63, takesScreenshot: true, udid: ce12160cb994301d04, viewportRect: {height: 2031, left: 0, top: 63, width: 1080}, warnings: {}, webStorageEnabled: false}
Session ID: 05f1ec6e-9e14-436f-af21-1815cdbf1c55
*** Element info: {Using=xpath, value=//androidx.recyclerview.widget.RecyclerView/android.widget.LinearLayout[10]/android.widget.TextView[2]}
	at sun.reflect.GeneratedConstructorAccessor14.newInstance(Unknown Source)
	at sun.reflect.DelegatingConstructorAccessorImpl.newInstance(Unknown Source)
	at java.lang.reflect.Constructor.newInstance(Unknown Source)
	at org.openqa.selenium.remote.http.W3CHttpResponseCodec.createException(W3CHttpResponseCodec.java:187)
	at org.openqa.selenium.remote.http.W3CHttpResponseCodec.decode(W3CHttpResponseCodec.java:122)
	at org.openqa.selenium.remote.http.W3CHttpResponseCodec.decode(W3CHttpResponseCodec.java:49)
	at org.openqa.selenium.remote.HttpCommandExecutor.execute(HttpCommandExecutor.java:158)
	at io.appium.java_client.remote.AppiumCommandExecutor.execute(AppiumCommandExecutor.java:239)
	at org.openqa.selenium.remote.RemoteWebDriver.execute(RemoteWebDriver.java:548)
	at io.appium.java_client.DefaultGenericMobileDriver.execute(DefaultGenericMobileDriver.java:41)
	at io.appium.java_client.AppiumDriver.execute(AppiumDriver.java:1)
	at io.appium.java_client.android.AndroidDriver.execute(AndroidDriver.java:1)
	at unit.Utilities.execute(Utilities.java:1)
	at org.openqa.selenium.remote.RemoteWebDriver.findElement(RemoteWebDriver.java:322)
	at io.appium.java_client.DefaultGenericMobileDriver.findElement(DefaultGenericMobileDriver.java:61)
	at io.appium.java_client.AppiumDriver.findElement(AppiumDriver.java:1)
	at io.appium.java_client.android.AndroidDriver.findElement(AndroidDriver.java:1)
	at unit.Utilities.findElement(Utilities.java:1)
	at org.openqa.selenium.remote.RemoteWebDriver.findElementByXPath(RemoteWebDriver.java:424)
	at io.appium.java_client.DefaultGenericMobileDriver.findElementByXPath(DefaultGenericMobileDriver.java:151)
	at io.appium.java_client.AppiumDriver.findElementByXPath(AppiumDriver.java:1)
	at io.appium.java_client.android.AndroidDriver.findElementByXPath(AndroidDriver.java:1)
	at unit.Utilities.findElementByXPath(Utilities.java:1)
	at org.openqa.selenium.By$ByXPath.findElement(By.java:353)
	at org.openqa.selenium.remote.RemoteWebDriver.findElement(RemoteWebDriver.java:314)
	at io.appium.java_client.DefaultGenericMobileDriver.findElement(DefaultGenericMobileDriver.java:57)
	at io.appium.java_client.AppiumDriver.findElement(AppiumDriver.java:1)
	at io.appium.java_client.android.AndroidDriver.findElement(AndroidDriver.java:1)
	at unit.Utilities.findElement(Utilities.java:1)
	at unit.Utilities.fast_getText(Utilities.java:1051)
	at NUGUAPP_004_메뉴.메뉴_09_설정_일반미디어.TC_메뉴_124(메뉴_09_설정_일반미디어.java:361)
	at sun.reflect.NativeMethodAccessorImpl.invoke0(Native Method)
	at sun.reflect.NativeMethodAccessorImpl.invoke(Unknown Source)
	at sun.reflect.DelegatingMethodAccessorImpl.invoke(Unknown Source)
	at java.lang.reflect.Method.invoke(Unknown Source)
	at org.testng.internal.MethodInvocationHelper.invokeMethod(MethodInvocationHelper.java:86)
	at org.testng.internal.Invoker.invokeMethod(Invoker.java:643)
	at org.testng.internal.Invoker.invokeTestMethod(Invoker.java:820)
	at org.testng.internal.Invoker.invokeTestMethods(Invoker.java:1128)
	at org.testng.internal.TestMethodWorker.invokeTestMethods(TestMethodWorker.java:129)
	at org.testng.internal.TestMethodWorker.run(TestMethodWorker.java:112)
	at org.testng.TestRunner.privateRun(TestRunner.java:782)
	at org.testng.TestRunner.run(TestRunner.java:632)
	at org.testng.SuiteRunner.runTest(SuiteRunner.java:366)
	at org.testng.SuiteRunner.access$000(SuiteRunner.java:39)
	at org.testng.SuiteRunner$SuiteWorker.run(SuiteRunner.java:400)
	at org.testng.internal.thread.ThreadUtil$2.call(ThreadUtil.java:64)
	at java.util.concurrent.FutureTask.run(Unknown Source)
	at java.util.concurrent.ThreadPoolExecutor.runWorker(Unknown Source)
	at java.util.concurrent.ThreadPoolExecutor$Worker.run(Unknown Source)
	at java.lang.Thread.run(Unknown Source)
]]>
    </error>
  </testcase> <!-- TC_메뉴_124 -->
  <testcase name="TC_메뉴_117" time="20.031" classname="NUGUAPP_004_메뉴.메뉴_09_설정_일반미디어"/>
  <testcase name="TC_메뉴_116" time="38.027" classname="NUGUAPP_004_메뉴.메뉴_09_설정_일반미디어"/>
  <testcase name="TC_메뉴_127" time="88.815" classname="NUGUAPP_004_메뉴.메뉴_09_설정_일반미디어"/>
  <testcase name="TC_메뉴_119" time="9.902" classname="NUGUAPP_004_메뉴.메뉴_09_설정_일반미디어"/>
  <testcase name="TC_메뉴_123" time="48.594" classname="NUGUAPP_004_메뉴.메뉴_09_설정_일반미디어"/>
  <testcase name="TC_메뉴_118" time="11.587" classname="NUGUAPP_004_메뉴.메뉴_09_설정_일반미디어"/>
  <testcase name="TC_메뉴_122" time="12.922" classname="NUGUAPP_004_메뉴.메뉴_09_설정_일반미디어"/>
  <testcase name="TC_메뉴_120" time="16.317" classname="NUGUAPP_004_메뉴.메뉴_09_설정_일반미디어"/>
</testsuite> <!-- NUGUAPP_004_메뉴.메뉴_09_설정_일반미디어 -->
