<?xml version="1.0" encoding="UTF-8"?>
<!-- Generated by org.testng.reporters.JUnitReportReporter -->
<testsuite hostname="DESKTOP-UMRR3LS" name="NUGUAPP_003_홈.홈_01_홈카드" tests="12" failures="0" timestamp="17 Jun 2020 05:19:09 GMT" time="85.213" errors="0">
  <testcase name="TC_홈_001_12" time="9.718" classname="NUGUAPP_003_홈.홈_01_홈카드"/>
  <testcase name="TC_홈_001_08" time="6.660" classname="NUGUAPP_003_홈.홈_01_홈카드"/>
  <testcase name="TC_홈_001_09" time="7.354" classname="NUGUAPP_003_홈.홈_01_홈카드"/>
  <testcase name="TC_홈_001_07" time="6.566" classname="NUGUAPP_003_홈.홈_01_홈카드"/>
  <testcase name="TC_홈_001_10" time="1.199" classname="NUGUAPP_003_홈.홈_01_홈카드"/>
  <testcase name="TC_홈_001_02" time="6.014" classname="NUGUAPP_003_홈.홈_01_홈카드"/>
  <testcase name="TC_홈_001_05" time="7.023" classname="NUGUAPP_003_홈.홈_01_홈카드"/>
  <testcase name="TC_홈_001_06" time="6.288" classname="NUGUAPP_003_홈.홈_01_홈카드"/>
  <testcase name="TC_홈_001_01" time="18.927" classname="NUGUAPP_003_홈.홈_01_홈카드"/>
  <testcase name="TC_홈_001_11" time="7.050" classname="NUGUAPP_003_홈.홈_01_홈카드"/>
  <testcase name="TC_홈_001_03" time="5.616" classname="NUGUAPP_003_홈.홈_01_홈카드"/>
  <testcase name="TC_홈_001_04" time="2.798" classname="NUGUAPP_003_홈.홈_01_홈카드"/>
</testsuite> <!-- NUGUAPP_003_홈.홈_01_홈카드 -->
