<?xml version="1.0" encoding="UTF-8"?>
<!-- Generated by org.testng.reporters.JUnitReportReporter -->
<testsuite hostname="DESKTOP-UMRR3LS" name="NUGUAPP_002_연결.연결_08_NUGU_TmapforCar" tests="8" failures="0" timestamp="1 Aug 2020 07:24:27 GMT" time="127.505" errors="0">
  <testcase name="TC_연결_343_and_362_form_371" time="50.476" classname="NUGUAPP_002_연결.연결_08_NUGU_TmapforCar"/>
  <testcase name="TC_연결_346_form_349" time="14.932" classname="NUGUAPP_002_연결.연결_08_NUGU_TmapforCar"/>
  <testcase name="TC_연결_339" time="2.646" classname="NUGUAPP_002_연결.연결_08_NUGU_TmapforCar"/>
  <testcase name="TC_연결_340" time="6.443" classname="NUGUAPP_002_연결.연결_08_NUGU_TmapforCar"/>
  <testcase name="TC_연결_342" time="3.701" classname="NUGUAPP_002_연결.연결_08_NUGU_TmapforCar"/>
  <testcase name="TC_연결_338" time="27.678" classname="NUGUAPP_002_연결.연결_08_NUGU_TmapforCar"/>
  <testcase name="TC_연결_341" time="4.754" classname="NUGUAPP_002_연결.연결_08_NUGU_TmapforCar"/>
  <testcase name="TC_연결_344" time="16.875" classname="NUGUAPP_002_연결.연결_08_NUGU_TmapforCar"/>
</testsuite> <!-- NUGUAPP_002_연결.연결_08_NUGU_TmapforCar -->
