<?xml version="1.0" encoding="UTF-8"?>
<!-- Generated by org.testng.reporters.JUnitReportReporter -->
<testsuite hostname="SKT1112049PN002" name="NUGUAPP_003_홈.홈_04_최근인기대화" tests="1" failures="0" timestamp="15 Aug 2020 09:29:16 GMT" time="62.160" errors="0">
  <testcase name="TC_홈_038_01" time="62.160" classname="NUGUAPP_003_홈.홈_04_최근인기대화"/>
</testsuite> <!-- NUGUAPP_003_홈.홈_04_최근인기대화 -->
