<?xml version="1.0" encoding="UTF-8"?>
<!-- Generated by org.testng.reporters.JUnitReportReporter -->
<testsuite hostname="SKT1112049PN002" name="NUGUAPP_003_홈.홈_05_날씨" tests="4" failures="0" timestamp="15 Aug 2020 10:27:42 GMT" time="49.773" errors="0">
  <testcase name="TC_홈_043" time="15.629" classname="NUGUAPP_003_홈.홈_05_날씨"/>
  <testcase name="TC_홈_044" time="2.373" classname="NUGUAPP_003_홈.홈_05_날씨"/>
  <testcase name="TC_홈_042" time="28.028" classname="NUGUAPP_003_홈.홈_05_날씨"/>
  <testcase name="TC_홈_045" time="3.743" classname="NUGUAPP_003_홈.홈_05_날씨"/>
</testsuite> <!-- NUGUAPP_003_홈.홈_05_날씨 -->
