<?xml version="1.0" encoding="UTF-8"?>
<!-- Generated by org.testng.reporters.JUnitReportReporter -->
<testsuite hostname="DESKTOP-UMRR3LS" name="NUGUAPP_002_연결.연결_01_NUGU" tests="22" failures="0" timestamp="16 Jun 2020 03:01:37 GMT" time="180.097" errors="0">
  <testcase name="TC_연결_017" time="2.354" classname="NUGUAPP_002_연결.연결_01_NUGU"/>
  <testcase name="TC_연결_003" time="27.460" classname="NUGUAPP_002_연결.연결_01_NUGU"/>
  <testcase name="TC_연결_024" time="3.483" classname="NUGUAPP_002_연결.연결_01_NUGU"/>
  <testcase name="TC_연결_004" time="9.065" classname="NUGUAPP_002_연결.연결_01_NUGU"/>
  <testcase name="TC_연결_001_from_002" time="36.784" classname="NUGUAPP_002_연결.연결_01_NUGU"/>
  <testcase name="TC_연결_009" time="3.731" classname="NUGUAPP_002_연결.연결_01_NUGU"/>
  <testcase name="TC_연결_012" time="8.310" classname="NUGUAPP_002_연결.연결_01_NUGU"/>
  <testcase name="TC_연결_011" time="5.137" classname="NUGUAPP_002_연결.연결_01_NUGU"/>
  <testcase name="TC_연결_025_and_039" time="5.244" classname="NUGUAPP_002_연결.연결_01_NUGU"/>
  <testcase name="TC_연결_022" time="7.038" classname="NUGUAPP_002_연결.연결_01_NUGU"/>
  <testcase name="TC_연결_023" time="3.702" classname="NUGUAPP_002_연결.연결_01_NUGU"/>
  <testcase name="TC_연결_044" time="19.071" classname="NUGUAPP_002_연결.연결_01_NUGU"/>
  <testcase name="TC_연결_014_form_016" time="13.634" classname="NUGUAPP_002_연결.연결_01_NUGU"/>
  <testcase name="TC_연결_041" time="3.397" classname="NUGUAPP_002_연결.연결_01_NUGU"/>
  <testcase name="TC_연결_045" time="11.965" classname="NUGUAPP_002_연결.연결_01_NUGU"/>
  <testcase name="TC_연결_019" time="5.470" classname="NUGUAPP_002_연결.연결_01_NUGU"/>
  <testcase name="TC_연결_040" time="1.476" classname="NUGUAPP_002_연결.연결_01_NUGU"/>
  <testcase name="TC_연결_020" time="3.114" classname="NUGUAPP_002_연결.연결_01_NUGU"/>
  <testcase name="TC_연결_042" time="3.264" classname="NUGUAPP_002_연결.연결_01_NUGU"/>
  <testcase name="TC_연결_013" time="2.031" classname="NUGUAPP_002_연결.연결_01_NUGU"/>
  <testcase name="TC_연결_021" time="2.904" classname="NUGUAPP_002_연결.연결_01_NUGU"/>
  <testcase name="TC_연결_010" time="1.463" classname="NUGUAPP_002_연결.연결_01_NUGU"/>
</testsuite> <!-- NUGUAPP_002_연결.연결_01_NUGU -->
