<?xml version="1.0" encoding="UTF-8"?>
<!-- Generated by org.testng.reporters.JUnitReportReporter -->
<testsuite hostname="SKT1112049PN002" name="NUGUAPP_004_메뉴.메뉴_02_주문내역" tests="13" failures="0" timestamp="12 Oct 2020 08:47:31 GMT" time="190.571" errors="0">
  <testcase name="TC_메뉴_024" time="6.313" classname="NUGUAPP_004_메뉴.메뉴_02_주문내역"/>
  <testcase name="TC_메뉴_016" time="2.743" classname="NUGUAPP_004_메뉴.메뉴_02_주문내역"/>
  <testcase name="TC_메뉴_025" time="29.791" classname="NUGUAPP_004_메뉴.메뉴_02_주문내역"/>
  <testcase name="TC_메뉴_017" time="1.282" classname="NUGUAPP_004_메뉴.메뉴_02_주문내역"/>
  <testcase name="TC_메뉴_020" time="32.621" classname="NUGUAPP_004_메뉴.메뉴_02_주문내역"/>
  <testcase name="TC_메뉴_010" time="41.234" classname="NUGUAPP_004_메뉴.메뉴_02_주문내역"/>
  <testcase name="TC_메뉴_011" time="20.185" classname="NUGUAPP_004_메뉴.메뉴_02_주문내역"/>
  <testcase name="TC_메뉴_014" time="5.506" classname="NUGUAPP_004_메뉴.메뉴_02_주문내역"/>
  <testcase name="TC_메뉴_015" time="2.504" classname="NUGUAPP_004_메뉴.메뉴_02_주문내역"/>
  <testcase name="TC_메뉴_013" time="4.380" classname="NUGUAPP_004_메뉴.메뉴_02_주문내역"/>
  <testcase name="TC_메뉴_012" time="2.897" classname="NUGUAPP_004_메뉴.메뉴_02_주문내역"/>
  <testcase name="TC_메뉴_018" time="35.500" classname="NUGUAPP_004_메뉴.메뉴_02_주문내역"/>
  <testcase name="TC_메뉴_019" time="5.615" classname="NUGUAPP_004_메뉴.메뉴_02_주문내역"/>
</testsuite> <!-- NUGUAPP_004_메뉴.메뉴_02_주문내역 -->
