<?xml version="1.0" encoding="UTF-8"?>
<!-- Generated by org.testng.reporters.JUnitReportReporter -->
<testsuite hostname="DESKTOP-UMRR3LS" name="NUGUAPP_004_메뉴.메뉴_06_연결된다비이스표시" tests="10" failures="0" timestamp="14 Sep 2020 15:46:02 GMT" time="319.152" errors="0">
  <testcase name="TC_메뉴_096" time="1.496" classname="NUGUAPP_004_메뉴.메뉴_06_연결된다비이스표시"/>
  <testcase name="TC_메뉴_094" time="59.059" classname="NUGUAPP_004_메뉴.메뉴_06_연결된다비이스표시"/>
  <testcase name="TC_메뉴_092" time="33.036" classname="NUGUAPP_004_메뉴.메뉴_06_연결된다비이스표시"/>
  <testcase name="TC_메뉴_095" time="65.140" classname="NUGUAPP_004_메뉴.메뉴_06_연결된다비이스표시"/>
  <testcase name="TC_메뉴_086" time="11.273" classname="NUGUAPP_004_메뉴.메뉴_06_연결된다비이스표시"/>
  <testcase name="TC_메뉴_085" time="33.482" classname="NUGUAPP_004_메뉴.메뉴_06_연결된다비이스표시"/>
  <testcase name="TC_메뉴_090" time="31.039" classname="NUGUAPP_004_메뉴.메뉴_06_연결된다비이스표시"/>
  <testcase name="TC_메뉴_089" time="61.720" classname="NUGUAPP_004_메뉴.메뉴_06_연결된다비이스표시"/>
  <testcase name="TC_메뉴_093" time="7.323" classname="NUGUAPP_004_메뉴.메뉴_06_연결된다비이스표시"/>
  <testcase name="TC_메뉴_097" time="15.584" classname="NUGUAPP_004_메뉴.메뉴_06_연결된다비이스표시"/>
</testsuite> <!-- NUGUAPP_004_메뉴.메뉴_06_연결된다비이스표시 -->
