<?xml version="1.0" encoding="UTF-8"?>
<!-- Generated by org.testng.reporters.JUnitReportReporter -->
<testsuite hostname="DESKTOP-UMRR3LS" name="NUGUAPP_003_홈.홈_09_미디어컨트롤러상세" tests="23" failures="0" timestamp="10 Oct 2020 17:47:18 GMT" time="650.121" errors="0">
  <testcase name="TC_홈_106" time="49.115" classname="NUGUAPP_003_홈.홈_09_미디어컨트롤러상세"/>
  <testcase name="TC_홈_125" time="40.894" classname="NUGUAPP_003_홈.홈_09_미디어컨트롤러상세"/>
  <testcase name="TC_홈_111" time="16.649" classname="NUGUAPP_003_홈.홈_09_미디어컨트롤러상세"/>
  <testcase name="TC_홈_114" time="18.541" classname="NUGUAPP_003_홈.홈_09_미디어컨트롤러상세"/>
  <testcase name="TC_홈_128" time="27.866" classname="NUGUAPP_003_홈.홈_09_미디어컨트롤러상세"/>
  <testcase name="TC_홈_119" time="39.143" classname="NUGUAPP_003_홈.홈_09_미디어컨트롤러상세"/>
  <testcase name="TC_홈_110" time="14.999" classname="NUGUAPP_003_홈.홈_09_미디어컨트롤러상세"/>
  <testcase name="TC_홈_127" time="28.302" classname="NUGUAPP_003_홈.홈_09_미디어컨트롤러상세"/>
  <testcase name="TC_홈_130" time="75.360" classname="NUGUAPP_003_홈.홈_09_미디어컨트롤러상세"/>
  <testcase name="TC_홈_108" time="16.371" classname="NUGUAPP_003_홈.홈_09_미디어컨트롤러상세"/>
  <testcase name="TC_홈_107" time="16.624" classname="NUGUAPP_003_홈.홈_09_미디어컨트롤러상세"/>
  <testcase name="TC_홈_123" time="13.871" classname="NUGUAPP_003_홈.홈_09_미디어컨트롤러상세"/>
  <testcase name="TC_홈_117" time="18.481" classname="NUGUAPP_003_홈.홈_09_미디어컨트롤러상세"/>
  <testcase name="TC_홈_118" time="22.147" classname="NUGUAPP_003_홈.홈_09_미디어컨트롤러상세"/>
  <testcase name="TC_홈_124" time="14.454" classname="NUGUAPP_003_홈.홈_09_미디어컨트롤러상세"/>
  <testcase name="TC_홈_112" time="15.205" classname="NUGUAPP_003_홈.홈_09_미디어컨트롤러상세"/>
  <testcase name="TC_홈_109" time="27.785" classname="NUGUAPP_003_홈.홈_09_미디어컨트롤러상세"/>
  <testcase name="TC_홈_115" time="27.930" classname="NUGUAPP_003_홈.홈_09_미디어컨트롤러상세"/>
  <testcase name="TC_홈_122" time="30.336" classname="NUGUAPP_003_홈.홈_09_미디어컨트롤러상세"/>
  <testcase name="TC_홈_131" time="56.064" classname="NUGUAPP_003_홈.홈_09_미디어컨트롤러상세"/>
  <testcase name="TC_홈_113" time="16.143" classname="NUGUAPP_003_홈.홈_09_미디어컨트롤러상세"/>
  <testcase name="TC_홈_126" time="40.539" classname="NUGUAPP_003_홈.홈_09_미디어컨트롤러상세"/>
  <testcase name="TC_홈_129" time="23.302" classname="NUGUAPP_003_홈.홈_09_미디어컨트롤러상세"/>
</testsuite> <!-- NUGUAPP_003_홈.홈_09_미디어컨트롤러상세 -->
