<?xml version="1.0" encoding="UTF-8"?>
<!-- Generated by org.testng.reporters.JUnitReportReporter -->
<testsuite hostname="DESKTOP-UMRR3LS" name="NUGUAPP_004_메뉴.메뉴_01_메뉴패널" tests="9" failures="0" timestamp="10 Oct 2020 17:47:18 GMT" time="132.011" errors="0">
  <testcase name="TC_메뉴_005" time="11.292" classname="NUGUAPP_004_메뉴.메뉴_01_메뉴패널"/>
  <testcase name="TC_메뉴_009" time="12.763" classname="NUGUAPP_004_메뉴.메뉴_01_메뉴패널"/>
  <testcase name="TC_메뉴_008" time="10.495" classname="NUGUAPP_004_메뉴.메뉴_01_메뉴패널"/>
  <testcase name="TC_메뉴_004" time="14.604" classname="NUGUAPP_004_메뉴.메뉴_01_메뉴패널"/>
  <testcase name="TC_메뉴_003" time="15.751" classname="NUGUAPP_004_메뉴.메뉴_01_메뉴패널"/>
  <testcase name="TC_메뉴_006" time="20.317" classname="NUGUAPP_004_메뉴.메뉴_01_메뉴패널"/>
  <testcase name="TC_메뉴_007" time="5.308" classname="NUGUAPP_004_메뉴.메뉴_01_메뉴패널"/>
  <testcase name="TC_메뉴_002" time="11.947" classname="NUGUAPP_004_메뉴.메뉴_01_메뉴패널"/>
  <testcase name="TC_메뉴_001" time="29.534" classname="NUGUAPP_004_메뉴.메뉴_01_메뉴패널"/>
</testsuite> <!-- NUGUAPP_004_메뉴.메뉴_01_메뉴패널 -->
