<?xml version="1.0" encoding="UTF-8"?>
<!-- Generated by org.testng.reporters.JUnitReportReporter -->
<testsuite hostname="DESKTOP-UMRR3LS" name="NUGUAPP_002_연결.연결_02_NUGU_mini" tests="15" failures="0" timestamp="22 Aug 2020 08:51:33 GMT" time="117.239" errors="0">
  <testcase name="TC_연결_076" time="5.837" classname="NUGUAPP_002_연결.연결_02_NUGU_mini"/>
  <testcase name="TC_연결_078_and_079" time="13.047" classname="NUGUAPP_002_연결.연결_02_NUGU_mini"/>
  <testcase name="TC_연결_068" time="26.622" classname="NUGUAPP_002_연결.연결_02_NUGU_mini"/>
  <testcase name="TC_연결_069" time="2.504" classname="NUGUAPP_002_연결.연결_02_NUGU_mini"/>
  <testcase name="TC_연결_089" time="1.677" classname="NUGUAPP_002_연결.연결_02_NUGU_mini"/>
  <testcase name="TC_연결_092" time="11.978" classname="NUGUAPP_002_연결.연결_02_NUGU_mini"/>
  <testcase name="TC_연결_077" time="6.348" classname="NUGUAPP_002_연결.연결_02_NUGU_mini"/>
  <testcase name="TC_연결_075" time="2.629" classname="NUGUAPP_002_연결.연결_02_NUGU_mini"/>
  <testcase name="TC_연결_080" time="5.138" classname="NUGUAPP_002_연결.연결_02_NUGU_mini"/>
  <testcase name="TC_연결_073_form_074" time="10.945" classname="NUGUAPP_002_연결.연결_02_NUGU_mini"/>
  <testcase name="TC_연결_090" time="2.412" classname="NUGUAPP_002_연결.연결_02_NUGU_mini"/>
  <testcase name="TC_연결_071" time="4.090" classname="NUGUAPP_002_연결.연결_02_NUGU_mini"/>
  <testcase name="TC_연결_072" time="2.006" classname="NUGUAPP_002_연결.연결_02_NUGU_mini"/>
  <testcase name="TC_연결_091" time="18.178" classname="NUGUAPP_002_연결.연결_02_NUGU_mini"/>
  <testcase name="TC_연결_070" time="3.828" classname="NUGUAPP_002_연결.연결_02_NUGU_mini"/>
</testsuite> <!-- NUGUAPP_002_연결.연결_02_NUGU_mini -->
