<?xml version="1.0" encoding="UTF-8"?>
<!-- Generated by org.testng.reporters.JUnitReportReporter -->
<testsuite hostname="DESKTOP-UMRR3LS" name="NUGUAPP_003_홈.홈_07_미디어컨트롤러" tests="10" failures="0" timestamp="10 Oct 2020 17:47:18 GMT" time="238.312" errors="0">
  <testcase name="TC_홈_073_07" time="17.170" classname="NUGUAPP_003_홈.홈_07_미디어컨트롤러"/>
  <testcase name="TC_홈_073_04" time="14.015" classname="NUGUAPP_003_홈.홈_07_미디어컨트롤러"/>
  <testcase name="TC_홈_073_06" time="23.116" classname="NUGUAPP_003_홈.홈_07_미디어컨트롤러"/>
  <testcase name="TC_홈_073_05" time="20.962" classname="NUGUAPP_003_홈.홈_07_미디어컨트롤러"/>
  <testcase name="TC_홈_074_01" time="52.103" classname="NUGUAPP_003_홈.홈_07_미디어컨트롤러"/>
  <testcase name="TC_홈_073_02" time="19.756" classname="NUGUAPP_003_홈.홈_07_미디어컨트롤러"/>
  <testcase name="TC_홈_073_01" time="48.887" classname="NUGUAPP_003_홈.홈_07_미디어컨트롤러"/>
  <testcase name="TC_홈_074_02" time="7.984" classname="NUGUAPP_003_홈.홈_07_미디어컨트롤러"/>
  <testcase name="TC_홈_073_08" time="17.085" classname="NUGUAPP_003_홈.홈_07_미디어컨트롤러"/>
  <testcase name="TC_홈_073_03" time="17.234" classname="NUGUAPP_003_홈.홈_07_미디어컨트롤러"/>
</testsuite> <!-- NUGUAPP_003_홈.홈_07_미디어컨트롤러 -->
