<?xml version="1.0" encoding="UTF-8"?>
<!-- Generated by org.testng.reporters.JUnitReportReporter -->
<testsuite hostname="SKT1112049PN002" name="NUGUAPP_004_메뉴.메뉴_01_메뉴패널" tests="9" failures="0" timestamp="12 Oct 2020 08:47:31 GMT" time="146.354" errors="0">
  <testcase name="TC_메뉴_001" time="34.529" classname="NUGUAPP_004_메뉴.메뉴_01_메뉴패널"/>
  <testcase name="TC_메뉴_007" time="6.052" classname="NUGUAPP_004_메뉴.메뉴_01_메뉴패널"/>
  <testcase name="TC_메뉴_003" time="13.562" classname="NUGUAPP_004_메뉴.메뉴_01_메뉴패널"/>
  <testcase name="TC_메뉴_006" time="19.400" classname="NUGUAPP_004_메뉴.메뉴_01_메뉴패널"/>
  <testcase name="TC_메뉴_002" time="13.980" classname="NUGUAPP_004_메뉴.메뉴_01_메뉴패널"/>
  <testcase name="TC_메뉴_004" time="13.370" classname="NUGUAPP_004_메뉴.메뉴_01_메뉴패널"/>
  <testcase name="TC_메뉴_008" time="17.011" classname="NUGUAPP_004_메뉴.메뉴_01_메뉴패널"/>
  <testcase name="TC_메뉴_005" time="11.198" classname="NUGUAPP_004_메뉴.메뉴_01_메뉴패널"/>
  <testcase name="TC_메뉴_009" time="17.252" classname="NUGUAPP_004_메뉴.메뉴_01_메뉴패널"/>
</testsuite> <!-- NUGUAPP_004_메뉴.메뉴_01_메뉴패널 -->
