<?xml version="1.0" encoding="UTF-8"?>
<!-- Generated by org.testng.reporters.JUnitReportReporter -->
<testsuite hostname="DESKTOP-UMRR3LS" name="NUGUAPP_002_연결.연결_05_NUGU_Btv" tests="6" failures="0" timestamp="22 Aug 2020 08:51:33 GMT" time="50.119" errors="0">
  <testcase name="TC_연결_220" time="4.601" classname="NUGUAPP_002_연결.연결_05_NUGU_Btv"/>
  <testcase name="TC_연결_226" time="3.388" classname="NUGUAPP_002_연결.연결_05_NUGU_Btv"/>
  <testcase name="TC_연결_218" time="25.023" classname="NUGUAPP_002_연결.연결_05_NUGU_Btv"/>
  <testcase name="TC_연결_219" time="2.892" classname="NUGUAPP_002_연결.연결_05_NUGU_Btv"/>
  <testcase name="TC_연결_225" time="11.418" classname="NUGUAPP_002_연결.연결_05_NUGU_Btv"/>
  <testcase name="TC_연결_224" time="2.797" classname="NUGUAPP_002_연결.연결_05_NUGU_Btv"/>
</testsuite> <!-- NUGUAPP_002_연결.연결_05_NUGU_Btv -->
