<?xml version="1.0" encoding="UTF-8"?>
<!-- Generated by org.testng.reporters.JUnitReportReporter -->
<testsuite hostname="DESKTOP-UMRR3LS" name="NUGUAPP_003_홈.홈_05_날씨" tests="4" failures="0" timestamp="9 Sep 2020 14:42:18 GMT" time="52.064" errors="0">
  <testcase name="TC_홈_043" time="15.865" classname="NUGUAPP_003_홈.홈_05_날씨"/>
  <testcase name="TC_홈_044" time="3.015" classname="NUGUAPP_003_홈.홈_05_날씨"/>
  <testcase name="TC_홈_042" time="29.099" classname="NUGUAPP_003_홈.홈_05_날씨"/>
  <testcase name="TC_홈_045" time="4.085" classname="NUGUAPP_003_홈.홈_05_날씨"/>
</testsuite> <!-- NUGUAPP_003_홈.홈_05_날씨 -->
