<?xml version="1.0" encoding="UTF-8"?>
<!-- Generated by org.testng.reporters.JUnitReportReporter -->
<testsuite hostname="DESKTOP-UMRR3LS" name="NUGUAPP_002_연결.연결_03_NUGU_candle" tests="18" failures="0" timestamp="2 Jul 2020 09:32:11 GMT" time="124.153" errors="0">
  <testcase name="TC_연결_128_form_130" time="10.785" classname="NUGUAPP_002_연결.연결_03_NUGU_candle"/>
  <testcase name="TC_연결_139" time="5.700" classname="NUGUAPP_002_연결.연결_03_NUGU_candle"/>
  <testcase name="TC_연결_133" time="6.270" classname="NUGUAPP_002_연결.연결_03_NUGU_candle"/>
  <testcase name="TC_연결_123" time="28.032" classname="NUGUAPP_002_연결.연결_03_NUGU_candle"/>
  <testcase name="TC_연결_124" time="3.375" classname="NUGUAPP_002_연결.연결_03_NUGU_candle"/>
  <testcase name="TC_연결_126" time="4.063" classname="NUGUAPP_002_연결.연결_03_NUGU_candle"/>
  <testcase name="TC_연결_131" time="2.688" classname="NUGUAPP_002_연결.연결_03_NUGU_candle"/>
  <testcase name="TC_연결_151" time="17.724" classname="NUGUAPP_002_연결.연결_03_NUGU_candle"/>
  <testcase name="TC_연결_149" time="1.994" classname="NUGUAPP_002_연결.연결_03_NUGU_candle"/>
  <testcase name="TC_연결_125" time="5.008" classname="NUGUAPP_002_연결.연결_03_NUGU_candle"/>
  <testcase name="TC_연결_154_form_155" time="12.342" classname="NUGUAPP_002_연결.연결_03_NUGU_candle"/>
  <testcase name="TC_연결_134" time="3.526" classname="NUGUAPP_002_연결.연결_03_NUGU_candle"/>
  <testcase name="TC_연결_135" time="3.496" classname="NUGUAPP_002_연결.연결_03_NUGU_candle"/>
  <testcase name="TC_연결_138" time="2.909" classname="NUGUAPP_002_연결.연결_03_NUGU_candle"/>
  <testcase name="TC_연결_127" time="2.149" classname="NUGUAPP_002_연결.연결_03_NUGU_candle"/>
  <testcase name="TC_연결_136" time="7.285" classname="NUGUAPP_002_연결.연결_03_NUGU_candle"/>
  <testcase name="TC_연결_137" time="3.495" classname="NUGUAPP_002_연결.연결_03_NUGU_candle"/>
  <testcase name="TC_연결_150" time="3.312" classname="NUGUAPP_002_연결.연결_03_NUGU_candle"/>
</testsuite> <!-- NUGUAPP_002_연결.연결_03_NUGU_candle -->
