<?xml version="1.0" encoding="UTF-8"?>
<!-- Generated by org.testng.reporters.JUnitReportReporter -->
<testsuite hostname="DESKTOP-UMRR3LS" name="NUGUAPP_004_메뉴.메뉴_03_이용권" tests="20" failures="0" timestamp="14 Sep 2020 15:46:02 GMT" time="353.235" errors="0">
  <testcase name="TC_메뉴_028" time="36.442" classname="NUGUAPP_004_메뉴.메뉴_03_이용권"/>
  <testcase name="TC_메뉴_030" time="15.482" classname="NUGUAPP_004_메뉴.메뉴_03_이용권"/>
  <testcase name="TC_메뉴_041" time="17.140" classname="NUGUAPP_004_메뉴.메뉴_03_이용권"/>
  <testcase name="TC_메뉴_034" time="0.730" classname="NUGUAPP_004_메뉴.메뉴_03_이용권"/>
  <testcase name="TC_메뉴_029" time="2.656" classname="NUGUAPP_004_메뉴.메뉴_03_이용권"/>
  <testcase name="TC_메뉴_031" time="1.495" classname="NUGUAPP_004_메뉴.메뉴_03_이용권"/>
  <testcase name="TC_메뉴_049" time="30.500" classname="NUGUAPP_004_메뉴.메뉴_03_이용권"/>
  <testcase name="TC_메뉴_040" time="30.278" classname="NUGUAPP_004_메뉴.메뉴_03_이용권"/>
  <testcase name="TC_메뉴_032" time="2.595" classname="NUGUAPP_004_메뉴.메뉴_03_이용권"/>
  <testcase name="TC_메뉴_037" time="11.380" classname="NUGUAPP_004_메뉴.메뉴_03_이용권"/>
  <testcase name="TC_메뉴_050" time="29.584" classname="NUGUAPP_004_메뉴.메뉴_03_이용권"/>
  <testcase name="TC_메뉴_036" time="5.292" classname="NUGUAPP_004_메뉴.메뉴_03_이용권"/>
  <testcase name="TC_메뉴_039" time="53.040" classname="NUGUAPP_004_메뉴.메뉴_03_이용권"/>
  <testcase name="TC_메뉴_038" time="41.918" classname="NUGUAPP_004_메뉴.메뉴_03_이용권"/>
  <testcase name="TC_메뉴_045" time="3.485" classname="NUGUAPP_004_메뉴.메뉴_03_이용권"/>
  <testcase name="TC_메뉴_044" time="31.773" classname="NUGUAPP_004_메뉴.메뉴_03_이용권"/>
  <testcase name="TC_메뉴_042" time="3.724" classname="NUGUAPP_004_메뉴.메뉴_03_이용권"/>
  <testcase name="TC_메뉴_048" time="3.988" classname="NUGUAPP_004_메뉴.메뉴_03_이용권"/>
  <testcase name="TC_메뉴_046_from_047" time="0.252" classname="NUGUAPP_004_메뉴.메뉴_03_이용권"/>
  <testcase name="TC_메뉴_043" time="31.481" classname="NUGUAPP_004_메뉴.메뉴_03_이용권"/>
</testsuite> <!-- NUGUAPP_004_메뉴.메뉴_03_이용권 -->
