<?xml version="1.0" encoding="UTF-8"?>
<!-- Generated by org.testng.reporters.JUnitReportReporter -->
<testsuite hostname="DESKTOP-UMRR3LS" name="NUGUAPP_003_홈.홈_02_홈카드" tests="3" failures="0" timestamp="2 Jul 2020 09:32:11 GMT" time="94.812" errors="0">
  <testcase name="TC_홈_003" time="6.256" classname="NUGUAPP_003_홈.홈_02_홈카드"/>
  <testcase name="TC_홈_002" time="28.299" classname="NUGUAPP_003_홈.홈_02_홈카드"/>
  <testcase name="TC_홈_004" time="60.257" classname="NUGUAPP_003_홈.홈_02_홈카드"/>
</testsuite> <!-- NUGUAPP_003_홈.홈_02_홈카드 -->
