<?xml version="1.0" encoding="UTF-8"?>
<!-- Generated by org.testng.reporters.JUnitReportReporter -->
<testsuite hostname="DESKTOP-UMRR3LS" name="NUGUAPP_004_메뉴.메뉴_04_구매내역" tests="10" failures="0" timestamp="10 Oct 2020 17:47:18 GMT" time="164.907" errors="0">
  <testcase name="TC_메뉴_063" time="10.898" classname="NUGUAPP_004_메뉴.메뉴_04_구매내역"/>
  <testcase name="TC_메뉴_056" time="3.170" classname="NUGUAPP_004_메뉴.메뉴_04_구매내역"/>
  <testcase name="TC_메뉴_060" time="6.022" classname="NUGUAPP_004_메뉴.메뉴_04_구매내역"/>
  <testcase name="TC_메뉴_057" time="21.051" classname="NUGUAPP_004_메뉴.메뉴_04_구매내역"/>
  <testcase name="TC_메뉴_052" time="41.649" classname="NUGUAPP_004_메뉴.메뉴_04_구매내역"/>
  <testcase name="TC_메뉴_064" time="32.761" classname="NUGUAPP_004_메뉴.메뉴_04_구매내역"/>
  <testcase name="TC_메뉴_054" time="4.163" classname="NUGUAPP_004_메뉴.메뉴_04_구매내역"/>
  <testcase name="TC_메뉴_055" time="9.286" classname="NUGUAPP_004_메뉴.메뉴_04_구매내역"/>
  <testcase name="TC_메뉴_053" time="0.864" classname="NUGUAPP_004_메뉴.메뉴_04_구매내역"/>
  <testcase name="TC_메뉴_061" time="35.043" classname="NUGUAPP_004_메뉴.메뉴_04_구매내역"/>
</testsuite> <!-- NUGUAPP_004_메뉴.메뉴_04_구매내역 -->
