<?xml version="1.0" encoding="UTF-8"?>
<!-- Generated by org.testng.reporters.JUnitReportReporter -->
<testsuite hostname="DESKTOP-UMRR3LS" name="NUGUAPP_002_연결.연결_04_NUGU_nemo" tests="17" failures="0" timestamp="10 Oct 2020 17:47:18 GMT" time="111.495" errors="0">
  <testcase name="TC_연결_179_007" time="9.072" classname="NUGUAPP_002_연결.연결_04_NUGU_nemo"/>
  <testcase name="TC_연결_179_002" time="10.378" classname="NUGUAPP_002_연결.연결_04_NUGU_nemo"/>
  <testcase name="TC_연결_179_003" time="2.445" classname="NUGUAPP_002_연결.연결_04_NUGU_nemo"/>
  <testcase name="TC_연결_179_006" time="2.845" classname="NUGUAPP_002_연결.연결_04_NUGU_nemo"/>
  <testcase name="TC_연결_179_005" time="3.263" classname="NUGUAPP_002_연결.연결_04_NUGU_nemo"/>
  <testcase name="TC_연결_191" time="15.639" classname="NUGUAPP_002_연결.연결_04_NUGU_nemo"/>
  <testcase name="TC_연결_192_form_194" time="12.654" classname="NUGUAPP_002_연결.연결_04_NUGU_nemo"/>
  <testcase name="TC_연결_190" time="2.035" classname="NUGUAPP_002_연결.연결_04_NUGU_nemo"/>
  <testcase name="TC_연결_179_004" time="5.290" classname="NUGUAPP_002_연결.연결_04_NUGU_nemo"/>
  <testcase name="TC_연결_178_001" time="26.280" classname="NUGUAPP_002_연결.연결_04_NUGU_nemo"/>
  <testcase name="TC_연결_179_001" time="1.441" classname="NUGUAPP_002_연결.연결_04_NUGU_nemo"/>
  <testcase name="TC_연결_179_008" time="3.688" classname="NUGUAPP_002_연결.연결_04_NUGU_nemo"/>
  <testcase name="TC_연결_180" time="4.924" classname="NUGUAPP_002_연결.연결_04_NUGU_nemo"/>
  <testcase name="TC_연결_179_009" time="2.968" classname="NUGUAPP_002_연결.연결_04_NUGU_nemo"/>
  <testcase name="TC_연결_178_003" time="3.854" classname="NUGUAPP_002_연결.연결_04_NUGU_nemo"/>
  <testcase name="TC_연결_178_002" time="3.379" classname="NUGUAPP_002_연결.연결_04_NUGU_nemo"/>
  <testcase name="TC_연결_189" time="1.340" classname="NUGUAPP_002_연결.연결_04_NUGU_nemo"/>
</testsuite> <!-- NUGUAPP_002_연결.연결_04_NUGU_nemo -->
