<?xml version="1.0" encoding="UTF-8"?>
<!-- Generated by org.testng.reporters.JUnitReportReporter -->
<testsuite hostname="DESKTOP-UMRR3LS" name="NUGUAPP_002_연결.연결_07_NUGU_Tmap" tests="2" failures="0" timestamp="1 Aug 2020 07:24:27 GMT" time="42.085" errors="0">
  <testcase name="TC_연결_336" time="15.410" classname="NUGUAPP_002_연결.연결_07_NUGU_Tmap"/>
  <testcase name="TC_연결_334" time="26.675" classname="NUGUAPP_002_연결.연결_07_NUGU_Tmap"/>
</testsuite> <!-- NUGUAPP_002_연결.연결_07_NUGU_Tmap -->
