<?xml version="1.0" encoding="UTF-8"?>
<!-- Generated by org.testng.reporters.JUnitReportReporter -->
<testsuite hostname="DESKTOP-UMRR3LS" name="NUGUAPP_004_메뉴.메뉴_07_자주묻는질문" tests="11" failures="0" timestamp="15 Sep 2020 03:47:44 GMT" time="85.873" errors="0">
  <testcase name="TC_메뉴_098" time="31.690" classname="NUGUAPP_004_메뉴.메뉴_07_자주묻는질문"/>
  <testcase name="TC_메뉴_100" time="7.260" classname="NUGUAPP_004_메뉴.메뉴_07_자주묻는질문"/>
  <testcase name="TC_메뉴_099" time="5.167" classname="NUGUAPP_004_메뉴.메뉴_07_자주묻는질문"/>
  <testcase name="TC_메뉴_106" time="4.178" classname="NUGUAPP_004_메뉴.메뉴_07_자주묻는질문"/>
  <testcase name="TC_메뉴_101" time="6.768" classname="NUGUAPP_004_메뉴.메뉴_07_자주묻는질문"/>
  <testcase name="TC_메뉴_103" time="5.674" classname="NUGUAPP_004_메뉴.메뉴_07_자주묻는질문"/>
  <testcase name="TC_메뉴_107" time="3.989" classname="NUGUAPP_004_메뉴.메뉴_07_자주묻는질문"/>
  <testcase name="TC_메뉴_109" time="3.710" classname="NUGUAPP_004_메뉴.메뉴_07_자주묻는질문"/>
  <testcase name="TC_메뉴_102" time="12.898" classname="NUGUAPP_004_메뉴.메뉴_07_자주묻는질문"/>
  <testcase name="TC_메뉴_108" time="2.351" classname="NUGUAPP_004_메뉴.메뉴_07_자주묻는질문"/>
  <testcase name="TC_메뉴_104" time="2.188" classname="NUGUAPP_004_메뉴.메뉴_07_자주묻는질문"/>
</testsuite> <!-- NUGUAPP_004_메뉴.메뉴_07_자주묻는질문 -->
