<?xml version="1.0" encoding="UTF-8"?>
<!-- Generated by org.testng.reporters.JUnitReportReporter -->
<testsuite hostname="DESKTOP-UMRR3LS" name="NUGUAPP_002_연결.연결_07_NUGU_Tmap" tests="2" failures="0" timestamp="9 Sep 2020 14:42:18 GMT" time="41.457" errors="0">
  <testcase name="TC_연결_336" time="14.024" classname="NUGUAPP_002_연결.연결_07_NUGU_Tmap"/>
  <testcase name="TC_연결_334" time="27.433" classname="NUGUAPP_002_연결.연결_07_NUGU_Tmap"/>
</testsuite> <!-- NUGUAPP_002_연결.연결_07_NUGU_Tmap -->
