<?xml version="1.0" encoding="UTF-8"?>
<!-- Generated by org.testng.reporters.JUnitReportReporter -->
<testsuite hostname="DESKTOP-UMRR3LS" name="NUGUAPP_002_연결.연결_05_NUGU_Btv" tests="6" failures="0" timestamp="17 Jun 2020 05:19:09 GMT" time="50.408" errors="0">
  <testcase name="TC_연결_224" time="2.618" classname="NUGUAPP_002_연결.연결_05_NUGU_Btv"/>
  <testcase name="TC_연결_218" time="24.401" classname="NUGUAPP_002_연결.연결_05_NUGU_Btv"/>
  <testcase name="TC_연결_226" time="3.273" classname="NUGUAPP_002_연결.연결_05_NUGU_Btv"/>
  <testcase name="TC_연결_225" time="12.223" classname="NUGUAPP_002_연결.연결_05_NUGU_Btv"/>
  <testcase name="TC_연결_220" time="4.723" classname="NUGUAPP_002_연결.연결_05_NUGU_Btv"/>
  <testcase name="TC_연결_219" time="3.170" classname="NUGUAPP_002_연결.연결_05_NUGU_Btv"/>
</testsuite> <!-- NUGUAPP_002_연결.연결_05_NUGU_Btv -->
