<?xml version="1.0" encoding="UTF-8"?>
<!-- Generated by org.testng.reporters.JUnitReportReporter -->
<testsuite hostname="DESKTOP-UMRR3LS" name="NUGUAPP_003_홈.홈_08_디바이스컨트롤러상세" tests="19" failures="0" timestamp="9 Sep 2020 14:42:18 GMT" time="453.882" errors="1">
  <testcase name="TC_홈_092" time="11.495" classname="NUGUAPP_003_홈.홈_08_디바이스컨트롤러상세">
    <error type="junit.framework.AssertionFailedError">
      <![CDATA[junit.framework.AssertionFailedError
	at junit.framework.Assert.fail(Assert.java:47)
	at junit.framework.Assert.assertTrue(Assert.java:20)
	at junit.framework.Assert.assertTrue(Assert.java:27)
	at NUGUAPP_003_홈.홈_08_디바이스컨트롤러상세.TC_홈_092(홈_08_디바이스컨트롤러상세.java:210)
	at sun.reflect.NativeMethodAccessorImpl.invoke0(Native Method)
	at sun.reflect.NativeMethodAccessorImpl.invoke(Unknown Source)
	at sun.reflect.DelegatingMethodAccessorImpl.invoke(Unknown Source)
	at java.lang.reflect.Method.invoke(Unknown Source)
	at org.testng.internal.MethodInvocationHelper.invokeMethod(MethodInvocationHelper.java:86)
	at org.testng.internal.Invoker.invokeMethod(Invoker.java:643)
	at org.testng.internal.Invoker.invokeTestMethod(Invoker.java:820)
	at org.testng.internal.Invoker.invokeTestMethods(Invoker.java:1128)
	at org.testng.internal.TestMethodWorker.invokeTestMethods(TestMethodWorker.java:129)
	at org.testng.internal.TestMethodWorker.run(TestMethodWorker.java:112)
	at org.testng.TestRunner.privateRun(TestRunner.java:782)
	at org.testng.TestRunner.run(TestRunner.java:632)
	at org.testng.SuiteRunner.runTest(SuiteRunner.java:366)
	at org.testng.SuiteRunner.access$000(SuiteRunner.java:39)
	at org.testng.SuiteRunner$SuiteWorker.run(SuiteRunner.java:400)
	at org.testng.internal.thread.ThreadUtil$2.call(ThreadUtil.java:64)
	at java.util.concurrent.FutureTask.run(Unknown Source)
	at java.util.concurrent.ThreadPoolExecutor.runWorker(Unknown Source)
	at java.util.concurrent.ThreadPoolExecutor$Worker.run(Unknown Source)
	at java.lang.Thread.run(Unknown Source)
]]>
    </error>
  </testcase> <!-- TC_홈_092 -->
  <testcase name="TC_홈_093" time="11.270" classname="NUGUAPP_003_홈.홈_08_디바이스컨트롤러상세"/>
  <testcase name="TC_홈_091" time="11.436" classname="NUGUAPP_003_홈.홈_08_디바이스컨트롤러상세"/>
  <testcase name="TC_홈_090" time="32.871" classname="NUGUAPP_003_홈.홈_08_디바이스컨트롤러상세"/>
  <testcase name="TC_홈_088" time="3.874" classname="NUGUAPP_003_홈.홈_08_디바이스컨트롤러상세"/>
  <testcase name="TC_홈_097" time="15.672" classname="NUGUAPP_003_홈.홈_08_디바이스컨트롤러상세"/>
  <testcase name="TC_홈_083" time="16.775" classname="NUGUAPP_003_홈.홈_08_디바이스컨트롤러상세"/>
  <testcase name="TC_홈_080" time="38.111" classname="NUGUAPP_003_홈.홈_08_디바이스컨트롤러상세"/>
  <testcase name="TC_홈_096" time="15.046" classname="NUGUAPP_003_홈.홈_08_디바이스컨트롤러상세"/>
  <testcase name="TC_홈_098" time="17.105" classname="NUGUAPP_003_홈.홈_08_디바이스컨트롤러상세"/>
  <testcase name="TC_홈_085" time="7.721" classname="NUGUAPP_003_홈.홈_08_디바이스컨트롤러상세"/>
  <testcase name="TC_홈_102" time="84.878" classname="NUGUAPP_003_홈.홈_08_디바이스컨트롤러상세"/>
  <testcase name="TC_홈_087" time="24.184" classname="NUGUAPP_003_홈.홈_08_디바이스컨트롤러상세"/>
  <testcase name="TC_홈_100" time="59.800" classname="NUGUAPP_003_홈.홈_08_디바이스컨트롤러상세"/>
  <testcase name="TC_홈_104" time="39.326" classname="NUGUAPP_003_홈.홈_08_디바이스컨트롤러상세"/>
  <testcase name="TC_홈_081" time="1.366" classname="NUGUAPP_003_홈.홈_08_디바이스컨트롤러상세"/>
  <testcase name="TC_홈_103" time="29.766" classname="NUGUAPP_003_홈.홈_08_디바이스컨트롤러상세"/>
  <testcase name="TC_홈_101" time="19.515" classname="NUGUAPP_003_홈.홈_08_디바이스컨트롤러상세"/>
  <testcase name="TC_홈_099" time="13.671" classname="NUGUAPP_003_홈.홈_08_디바이스컨트롤러상세"/>
</testsuite> <!-- NUGUAPP_003_홈.홈_08_디바이스컨트롤러상세 -->
