<?xml version="1.0" encoding="UTF-8"?>
<!-- Generated by org.testng.reporters.JUnitReportReporter -->
<testsuite hostname="DESKTOP-UMRR3LS" name="NUGUAPP_002_연결.연결_05_NUGU_Btv" tests="6" failures="0" timestamp="16 Jun 2020 03:01:37 GMT" time="48.431" errors="0">
  <testcase name="TC_연결_218" time="22.088" classname="NUGUAPP_002_연결.연결_05_NUGU_Btv"/>
  <testcase name="TC_연결_220" time="4.619" classname="NUGUAPP_002_연결.연결_05_NUGU_Btv"/>
  <testcase name="TC_연결_224" time="2.583" classname="NUGUAPP_002_연결.연결_05_NUGU_Btv"/>
  <testcase name="TC_연결_219" time="2.654" classname="NUGUAPP_002_연결.연결_05_NUGU_Btv"/>
  <testcase name="TC_연결_225" time="12.494" classname="NUGUAPP_002_연결.연결_05_NUGU_Btv"/>
  <testcase name="TC_연결_226" time="3.993" classname="NUGUAPP_002_연결.연결_05_NUGU_Btv"/>
</testsuite> <!-- NUGUAPP_002_연결.연결_05_NUGU_Btv -->
