<?xml version="1.0" encoding="UTF-8"?>
<!-- Generated by org.testng.reporters.JUnitReportReporter -->
<testsuite hostname="DESKTOP-UMRR3LS" name="NUGUAPP_002_연결.연결_04_NUGU_nemo" tests="17" failures="0" timestamp="2 Jul 2020 09:32:11 GMT" time="116.232" errors="0">
  <testcase name="TC_연결_179_002" time="11.764" classname="NUGUAPP_002_연결.연결_04_NUGU_nemo"/>
  <testcase name="TC_연결_180" time="5.013" classname="NUGUAPP_002_연결.연결_04_NUGU_nemo"/>
  <testcase name="TC_연결_178_002" time="3.506" classname="NUGUAPP_002_연결.연결_04_NUGU_nemo"/>
  <testcase name="TC_연결_189" time="1.272" classname="NUGUAPP_002_연결.연결_04_NUGU_nemo"/>
  <testcase name="TC_연결_179_007" time="9.460" classname="NUGUAPP_002_연결.연결_04_NUGU_nemo"/>
  <testcase name="TC_연결_191" time="16.344" classname="NUGUAPP_002_연결.연결_04_NUGU_nemo"/>
  <testcase name="TC_연결_192_form_194" time="11.998" classname="NUGUAPP_002_연결.연결_04_NUGU_nemo"/>
  <testcase name="TC_연결_179_001" time="1.457" classname="NUGUAPP_002_연결.연결_04_NUGU_nemo"/>
  <testcase name="TC_연결_179_005" time="3.294" classname="NUGUAPP_002_연결.연결_04_NUGU_nemo"/>
  <testcase name="TC_연결_179_009" time="3.077" classname="NUGUAPP_002_연결.연결_04_NUGU_nemo"/>
  <testcase name="TC_연결_179_004" time="5.061" classname="NUGUAPP_002_연결.연결_04_NUGU_nemo"/>
  <testcase name="TC_연결_178_001" time="28.550" classname="NUGUAPP_002_연결.연결_04_NUGU_nemo"/>
  <testcase name="TC_연결_190" time="1.925" classname="NUGUAPP_002_연결.연결_04_NUGU_nemo"/>
  <testcase name="TC_연결_178_003" time="4.218" classname="NUGUAPP_002_연결.연결_04_NUGU_nemo"/>
  <testcase name="TC_연결_179_006" time="2.938" classname="NUGUAPP_002_연결.연결_04_NUGU_nemo"/>
  <testcase name="TC_연결_179_003" time="2.623" classname="NUGUAPP_002_연결.연결_04_NUGU_nemo"/>
  <testcase name="TC_연결_179_008" time="3.732" classname="NUGUAPP_002_연결.연결_04_NUGU_nemo"/>
</testsuite> <!-- NUGUAPP_002_연결.연결_04_NUGU_nemo -->
