<?xml version="1.0" encoding="UTF-8"?>
<!-- Generated by org.testng.reporters.JUnitReportReporter -->
<testsuite hostname="DESKTOP-UMRR3LS" name="NUGUAPP_003_홈.홈_05_날씨" tests="4" failures="0" timestamp="30 Aug 2020 13:09:08 GMT" time="52.438" errors="0">
  <testcase name="TC_홈_045" time="4.828" classname="NUGUAPP_003_홈.홈_05_날씨"/>
  <testcase name="TC_홈_042" time="28.400" classname="NUGUAPP_003_홈.홈_05_날씨"/>
  <testcase name="TC_홈_044" time="2.375" classname="NUGUAPP_003_홈.홈_05_날씨"/>
  <testcase name="TC_홈_043" time="16.835" classname="NUGUAPP_003_홈.홈_05_날씨"/>
</testsuite> <!-- NUGUAPP_003_홈.홈_05_날씨 -->
