<?xml version="1.0" encoding="UTF-8"?>
<!-- Generated by org.testng.reporters.JUnitReportReporter -->
<testsuite hostname="DESKTOP-UMRR3LS" name="NUGUAPP_004_메뉴.메뉴_01_메뉴패널" tests="9" failures="0" timestamp="9 Sep 2020 14:42:18 GMT" time="137.106" errors="0">
  <testcase name="TC_메뉴_005" time="12.859" classname="NUGUAPP_004_메뉴.메뉴_01_메뉴패널"/>
  <testcase name="TC_메뉴_004" time="16.011" classname="NUGUAPP_004_메뉴.메뉴_01_메뉴패널"/>
  <testcase name="TC_메뉴_002" time="10.076" classname="NUGUAPP_004_메뉴.메뉴_01_메뉴패널"/>
  <testcase name="TC_메뉴_006" time="21.421" classname="NUGUAPP_004_메뉴.메뉴_01_메뉴패널"/>
  <testcase name="TC_메뉴_008" time="10.044" classname="NUGUAPP_004_메뉴.메뉴_01_메뉴패널"/>
  <testcase name="TC_메뉴_001" time="31.642" classname="NUGUAPP_004_메뉴.메뉴_01_메뉴패널"/>
  <testcase name="TC_메뉴_007" time="4.970" classname="NUGUAPP_004_메뉴.메뉴_01_메뉴패널"/>
  <testcase name="TC_메뉴_003" time="18.309" classname="NUGUAPP_004_메뉴.메뉴_01_메뉴패널"/>
  <testcase name="TC_메뉴_009" time="11.774" classname="NUGUAPP_004_메뉴.메뉴_01_메뉴패널"/>
</testsuite> <!-- NUGUAPP_004_메뉴.메뉴_01_메뉴패널 -->
